gnuplot 4.6 patchlevel 2
Aligning contigs to reference...
	Aligning contigs to the reference
Parsing coords...
Loading reference...
	Loaded [Shewanella_amazonensis_SB2B_NC_008700.1_Shewanella_amazonensis_SB2B__complete_genome]
Loading SNPs...
	Total Regions: 1
	Total Region Length: 4306142
Analyzing contigs...
CONTIG: k105_26308_flag_1_multi_4.0000_len_1045 (1045bp)
Best alignment score: 77.0 (LEN: 77, IDY: 100.00)
			Skipping redundant alignments after choosing the best set of alignments
		Skipping redundant alignment 2294530 2294606 | 210 286 | 77 77 | 100.0 | Shewanella_amazonensis_SB2B_NC_008700.1_Shewanella_amazonensis_SB2B__complete_genome k105_26308_flag_1_multi_4.0000_len_1045
		Skipping redundant alignment 3107019 3107095 | 210 286 | 77 77 | 100.0 | Shewanella_amazonensis_SB2B_NC_008700.1_Shewanella_amazonensis_SB2B__complete_genome k105_26308_flag_1_multi_4.0000_len_1045
		Skipping redundant alignment 4277026 4277102 | 210 286 | 77 77 | 100.0 | Shewanella_amazonensis_SB2B_NC_008700.1_Shewanella_amazonensis_SB2B__complete_genome k105_26308_flag_1_multi_4.0000_len_1045
		This contig has several significant sets of alignments. [An ambiguously mapped contig]
		Using only the very best set (option --ambiguity-usage is set to "one").
			The best set is below. Score: 77.0, number of alignments: 1, unaligned bases: 968
		This contig is partially unaligned. (Aligned 77 out of 1045 bases)
		Alignment: 280949 281025 | 286 210 | 77 77 | 100.0 | Shewanella_amazonensis_SB2B_NC_008700.1_Shewanella_amazonensis_SB2B__complete_genome k105_26308_flag_1_multi_4.0000_len_1045
		Unaligned bases: 1 to 209 (209)
		Unaligned bases: 287 to 1045 (759)

Analyzing coverage...
Writing SNPs into /home/crisdu/analyses_done/2.5_metaq/runs_per_reference/Shewanella_amazonensis_SB2B/contigs_reports/nucmer_output/final-contigs.used_snps.gz
	Reference Shewanella_amazonensis_SB2B_NC_008700.1_Shewanella_amazonensis_SB2B__complete_genome: 1 total alignments. 1 total regions.
		Region: 1 to 4306142 (4306142 bp)
			START in gap: 1 to 280949 (280948 bp)
			Align 1: 280949 281025 k105_26308_flag_1_multi_4.0000_len_1045 286 210
			END in gap: 281025 to 4306142 (4025117 bp).

Analysis is finished!
Founded SNPs were written into /home/crisdu/analyses_done/2.5_metaq/runs_per_reference/Shewanella_amazonensis_SB2B/contigs_reports/nucmer_output/final-contigs.used_snps.gz

Results:
	Local Misassemblies: 0
	Misassemblies: 0
		Relocations: 0
		Translocations: 0
		Inversions: 0
	Fake misassemblies matched with structural variations: 0
	Misassembled Contigs: 0
	Misassembled Contig Bases: 0
	Misassemblies Inter-Contig Overlap: 0
Uncovered Regions: 0 (0)
Unaligned Contigs: 0 + 1 part
Half Unaligned Contigs with Misassemblies: 0
Unaligned Contig Bases: 968

Ambiguously Mapped Contigs: 1
Total Bases in Ambiguously Mapped Contigs: 1045
Extra Bases in Ambiguously Mapped Contigs: 0
Note that --allow-ambiguity option was set to "one" and only first alignment per each of these contigs was used.

	Covered Bases: 77

	SNPs: 0
	Insertions: 0
	Deletions: 0

	Positive Gaps: 2
		Internal Gaps: 0
		External Gaps: 2
		External Gap Total: 4306065
		External Gap Average: 2153032
	Negative Gaps: 0
		Internal Overlaps: 0
		External Overlaps: 0
		External Overlaps Total: 0
		External Overlaps Average: 0
	Contigs with Redundant Alignments: 0 (0)
