gnuplot 4.6 patchlevel 2
Aligning contigs to reference...
	Aligning contigs to the reference
Parsing coords...
Loading reference...
	Loaded [Fluviicola_taffensis_DSM_16823_NC_015321.1_Fluviicola_taffensis_DSM_16823__complete_sequence]
Loading SNPs...
	Total Regions: 1
	Total Region Length: 4633577
Analyzing contigs...
CONTIG: k105_132569_flag_1_multi_3.8774_len_2087 (2087bp)
Best alignment score: 86.0 (LEN: 88, IDY: 97.73)
			The best set is below. Score: 86.0, number of alignments: 1, unaligned bases: 1999
		This contig is partially unaligned. (Aligned 88 out of 2087 bases)
		Alignment: 2754491 2754577 | 535 448 | 87 88 | 97.73 | Fluviicola_taffensis_DSM_16823_NC_015321.1_Fluviicola_taffensis_DSM_16823__complete_sequence k105_132569_flag_1_multi_3.8774_len_2087
		Unaligned bases: 1 to 447 (447)
		Unaligned bases: 536 to 2087 (1552)

Analyzing coverage...
Writing SNPs into /home/crisdu/analyses_done/2.5_metaq/runs_per_reference/Fluviicola_taffensis_DSM_16823/contigs_reports/nucmer_output/final-contigs.used_snps.gz
	Reference Fluviicola_taffensis_DSM_16823_NC_015321.1_Fluviicola_taffensis_DSM_16823__complete_sequence: 1 total alignments. 1 total regions.
		Region: 1 to 4633577 (4633577 bp)
			START in gap: 1 to 2754491 (2754490 bp)
			Align 1: 2754491 2754577 k105_132569_flag_1_multi_3.8774_len_2087 535 448
			END in gap: 2754577 to 4633577 (1879000 bp).

Analysis is finished!
Founded SNPs were written into /home/crisdu/analyses_done/2.5_metaq/runs_per_reference/Fluviicola_taffensis_DSM_16823/contigs_reports/nucmer_output/final-contigs.used_snps.gz

Results:
	Local Misassemblies: 0
	Misassemblies: 0
		Relocations: 0
		Translocations: 0
		Inversions: 0
	Fake misassemblies matched with structural variations: 0
	Misassembled Contigs: 0
	Misassembled Contig Bases: 0
	Misassemblies Inter-Contig Overlap: 0
Uncovered Regions: 0 (0)
Unaligned Contigs: 0 + 1 part
Half Unaligned Contigs with Misassemblies: 0
Unaligned Contig Bases: 1999

Ambiguously Mapped Contigs: 0
Total Bases in Ambiguously Mapped Contigs: 0
Extra Bases in Ambiguously Mapped Contigs: 0
Note that --allow-ambiguity option was set to "one" and only first alignment per each of these contigs was used.

	Covered Bases: 87

	SNPs: 1
	Insertions: 1
	Deletions: 0

	Positive Gaps: 2
		Internal Gaps: 0
		External Gaps: 2
		External Gap Total: 4633490
		External Gap Average: 2316745
	Negative Gaps: 0
		Internal Overlaps: 0
		External Overlaps: 0
		External Overlaps Total: 0
		External Overlaps Average: 0
	Contigs with Redundant Alignments: 0 (0)
