/sw/bioinfo/quast/4.5.4/rackham/bin/quast.py -t 2 --sv-bed /home/crisdu/analyses_done/2.5_metaq/combined_reference/structural_variations/combined_reference.bed --cov /home/crisdu/analyses_done/2.5_metaq/combined_reference/structural_variations/combined_reference.cov --phys-cov /home/crisdu/analyses_done/2.5_metaq/combined_reference/structural_variations/combined_reference.physical.cov --colors #E31A1C --ls solid --no-check-meta --contig-thresholds 1000,5000,10000,25000,50000 --memory-efficient -t 1 /home/crisdu/analyses_done/2.5_metaq/quast_corrected_input/final-contigs_to_Spongiibacter_tropicus_DSM_19543.fasta -R /home/crisdu/analyses_done/2.5_metaq/quast_corrected_input/Spongiibacter_tropicus_DSM_19543.fasta -o /home/crisdu/analyses_done/2.5_metaq/runs_per_reference/Spongiibacter_tropicus_DSM_19543 --labels final.contigs

Started: 2020-04-17 18:58:27

Logging to /home/crisdu/analyses_done/2.5_metaq/runs_per_reference/Spongiibacter_tropicus_DSM_19543/quast.log

CWD: /domus/h1/crisdu
Main parameters: 
  Threads: 1, minimum contig length: 500, ambiguity: one, threshold for extensive misassembly size: 1000

Reference:
  /home/crisdu/analyses_done/2.5_metaq/quast_corrected_input/Spongiibacter_tropicus_DSM_19543.fasta ==> Spongiibacter_tropicus_DSM_19543

Contigs:
  Pre-processing...
  /home/crisdu/analyses_done/2.5_metaq/quast_corrected_input/final-contigs_to_Spongiibacter_tropicus_DSM_19543.fasta ==> final.contigs

2020-04-17 18:58:27
Running Basic statistics processor...
  Reference genome:
    Spongiibacter_tropicus_DSM_19543.fasta, length = 3947342, num fragments = 7, GC % = 57.28
  Contig files: 
    final.contigs
  Calculating N50 and L50...
    final.contigs, N50 = 4433, L50 = 1, Total length = 8313, GC % = 40.94, # N's per 100 kbp =  0.00
  Drawing Nx plot...
    saved to /home/crisdu/analyses_done/2.5_metaq/runs_per_reference/Spongiibacter_tropicus_DSM_19543/basic_stats/Nx_plot.pdf
  Drawing NGx plot...
    saved to /home/crisdu/analyses_done/2.5_metaq/runs_per_reference/Spongiibacter_tropicus_DSM_19543/basic_stats/NGx_plot.pdf
  Drawing cumulative plot...
    saved to /home/crisdu/analyses_done/2.5_metaq/runs_per_reference/Spongiibacter_tropicus_DSM_19543/basic_stats/cumulative_plot.pdf
  Drawing GC content plot...
    saved to /home/crisdu/analyses_done/2.5_metaq/runs_per_reference/Spongiibacter_tropicus_DSM_19543/basic_stats/GC_content_plot.pdf
  Drawing final.contigs GC content plot...
    saved to /home/crisdu/analyses_done/2.5_metaq/runs_per_reference/Spongiibacter_tropicus_DSM_19543/basic_stats/final.contigs_GC_content_plot.pdf
Done.

2020-04-17 18:58:29
Running Contig analyzer...
  final.contigs
  Logging to files /home/crisdu/analyses_done/2.5_metaq/runs_per_reference/Spongiibacter_tropicus_DSM_19543/contigs_reports/contigs_report_final-contigs.stdout and contigs_report_final-contigs.stderr...
  Aligning contigs to the reference
  /sw/bioinfo/quast/4.5.4/rackham/lib/python2.7/site-packages/quast_libs/MUMmer/nucmer \
  -c 65 -l 65 --maxmatch -p /home/crisdu/analyses_done/2.5_metaq/runs_per_reference/Spongiibacter_tropicus_DSM_19543/contigs_reports/nucmer_output/final-contigs \
  --emem -t 1 /home/crisdu/analyses_done/2.5_metaq/quast_corrected_input/Spongiibacter_tropicus_DSM_19543.fasta \
  /home/crisdu/analyses_done/2.5_metaq/quast_corrected_input/final-contigs_to_Spongiibacter_tropicus_DSM_19543.fasta \
  >> /home/crisdu/analyses_done/2.5_metaq/runs_per_reference/Spongiibacter_tropicus_DSM_19543/contigs_reports/contigs_report_final-contigs.stdout \
  2>> /home/crisdu/analyses_done/2.5_metaq/runs_per_reference/Spongiibacter_tropicus_DSM_19543/contigs_reports/contigs_report_final-contigs.stderr
  /sw/bioinfo/quast/4.5.4/rackham/lib/python2.7/site-packages/quast_libs/MUMmer/delta-filter \
  -i 95.0 -l 0 /home/crisdu/analyses_done/2.5_metaq/runs_per_reference/Spongiibacter_tropicus_DSM_19543/contigs_reports/nucmer_output/final-contigs.delta \
  > /home/crisdu/analyses_done/2.5_metaq/runs_per_reference/Spongiibacter_tropicus_DSM_19543/contigs_reports/nucmer_output/final-contigs.fdelta \
  2> /home/crisdu/analyses_done/2.5_metaq/runs_per_reference/Spongiibacter_tropicus_DSM_19543/contigs_reports/contigs_report_final-contigs.stderr
  /sw/bioinfo/quast/4.5.4/rackham/lib/python2.7/site-packages/quast_libs/MUMmer/mummerplot \
  --html --layout -p /home/crisdu/analyses_done/2.5_metaq/runs_per_reference/Spongiibacter_tropicus_DSM_19543/contigs_reports/nucmer_output/final-contigs \
  /home/crisdu/analyses_done/2.5_metaq/runs_per_reference/Spongiibacter_tropicus_DSM_19543/contigs_reports/nucmer_output/final-contigs.delta \
  > /home/crisdu/analyses_done/2.5_metaq/runs_per_reference/Spongiibacter_tropicus_DSM_19543/contigs_reports/contigs_report_final-contigs.stdout \
  2> /home/crisdu/analyses_done/2.5_metaq/runs_per_reference/Spongiibacter_tropicus_DSM_19543/contigs_reports/contigs_report_final-contigs.stderr
  /sw/bioinfo/quast/4.5.4/rackham/lib/python2.7/site-packages/quast_libs/gnuplot/src/gnuplot \
  /home/crisdu/analyses_done/2.5_metaq/runs_per_reference/Spongiibacter_tropicus_DSM_19543/contigs_reports/nucmer_output/final-contigs.gp \
  > /dev/null 2> /home/crisdu/analyses_done/2.5_metaq/runs_per_reference/Spongiibacter_tropicus_DSM_19543/contigs_reports/contigs_report_final-contigs.stderr
  MUMmer plot saved to /home/crisdu/analyses_done/2.5_metaq/runs_per_reference/Spongiibacter_tropicus_DSM_19543/contigs_reports/final-contigs_mummerplot.html
  /sw/bioinfo/quast/4.5.4/rackham/lib/python2.7/site-packages/quast_libs/MUMmer/show-coords \
  /home/crisdu/analyses_done/2.5_metaq/runs_per_reference/Spongiibacter_tropicus_DSM_19543/contigs_reports/nucmer_output/final-contigs.delta \
  > /home/crisdu/analyses_done/2.5_metaq/runs_per_reference/Spongiibacter_tropicus_DSM_19543/contigs_reports/nucmer_output/final-contigs.coords_tmp \
  2> /home/crisdu/analyses_done/2.5_metaq/runs_per_reference/Spongiibacter_tropicus_DSM_19543/contigs_reports/contigs_report_final-contigs.stderr
  /sw/bioinfo/quast/4.5.4/rackham/lib/python2.7/site-packages/quast_libs/MUMmer/show-snps \
  -S -T -H /home/crisdu/analyses_done/2.5_metaq/runs_per_reference/Spongiibacter_tropicus_DSM_19543/contigs_reports/nucmer_output/final-contigs.delta \
  < /home/crisdu/analyses_done/2.5_metaq/runs_per_reference/Spongiibacter_tropicus_DSM_19543/contigs_reports/nucmer_output/final-contigs.coords.headless \
  > /home/crisdu/analyses_done/2.5_metaq/runs_per_reference/Spongiibacter_tropicus_DSM_19543/contigs_reports/nucmer_output/final-contigs.all_snps \
  2> /home/crisdu/analyses_done/2.5_metaq/runs_per_reference/Spongiibacter_tropicus_DSM_19543/contigs_reports/contigs_report_final-contigs.stderr
  Analysis is finished.

  Gzipping /home/crisdu/analyses_done/2.5_metaq/runs_per_reference/Spongiibacter_tropicus_DSM_19543/contigs_reports/nucmer_output/final-contigs.all_snps to reduce disk space usage...
    saved to /home/crisdu/analyses_done/2.5_metaq/runs_per_reference/Spongiibacter_tropicus_DSM_19543/contigs_reports/nucmer_output/final-contigs.all_snps.gz
  Creating total report...
    saved to /home/crisdu/analyses_done/2.5_metaq/runs_per_reference/Spongiibacter_tropicus_DSM_19543/contigs_reports/misassemblies_report.txt, misassemblies_report.tsv, and misassemblies_report.tex
  Transposed version of total report...
    saved to /home/crisdu/analyses_done/2.5_metaq/runs_per_reference/Spongiibacter_tropicus_DSM_19543/contigs_reports/transposed_report_misassemblies.txt, transposed_report_misassemblies.tsv, and transposed_report_misassemblies.tex
  Creating total report...
    saved to /home/crisdu/analyses_done/2.5_metaq/runs_per_reference/Spongiibacter_tropicus_DSM_19543/contigs_reports/unaligned_report.txt, unaligned_report.tsv, and unaligned_report.tex
  Drawing misassemblies by types plot...
    saved to /home/crisdu/analyses_done/2.5_metaq/runs_per_reference/Spongiibacter_tropicus_DSM_19543/contigs_reports/misassemblies_plot.pdf
  Drawing misassemblies FRCurve plot...
    saved to /home/crisdu/analyses_done/2.5_metaq/runs_per_reference/Spongiibacter_tropicus_DSM_19543/contigs_reports/misassemblies_frcurve_plot.pdf
Done.

2020-04-17 18:58:32
Running NA-NGA calculation...
  final.contigs, Largest alignment = 80, NA50 = None, LA50 = None
  Drawing cumulative plot...
    saved to /home/crisdu/analyses_done/2.5_metaq/runs_per_reference/Spongiibacter_tropicus_DSM_19543/aligned_stats/cumulative_plot.pdf
  Drawing NAx plot...
    saved to /home/crisdu/analyses_done/2.5_metaq/runs_per_reference/Spongiibacter_tropicus_DSM_19543/aligned_stats/NAx_plot.pdf
  Drawing NGAx plot...
    saved to /home/crisdu/analyses_done/2.5_metaq/runs_per_reference/Spongiibacter_tropicus_DSM_19543/aligned_stats/NGAx_plot.pdf
Done.

2020-04-17 18:58:33
Running Genome analyzer...
  NOTICE: No file with genes provided. Use the -G option if you want to specify it.
  NOTICE: No file with operons provided. Use the -O option if you want to specify it.
  final.contigs
  Analysis is finished.
  Skipping drawing Genome fraction, % histogram... (less than 2 columns histogram makes no sense)
Done.

NOTICE: Genes are not predicted by default. Use --gene-finding option to enable it.

2020-04-17 18:58:34
Creating large visual summaries...
This may take a while: press Ctrl-C to skip this step..
  1 of 2: Creating Icarus viewers...
  2 of 2: Creating PDF with all tables and plots...
Done

2020-04-17 18:58:49
RESULTS:
  Text versions of total report are saved to /home/crisdu/analyses_done/2.5_metaq/runs_per_reference/Spongiibacter_tropicus_DSM_19543/report.txt, report.tsv, and report.tex
  Text versions of transposed total report are saved to /home/crisdu/analyses_done/2.5_metaq/runs_per_reference/Spongiibacter_tropicus_DSM_19543/transposed_report.txt, transposed_report.tsv, and transposed_report.tex
  HTML version (interactive tables and plots) saved to /home/crisdu/analyses_done/2.5_metaq/runs_per_reference/Spongiibacter_tropicus_DSM_19543/report.html
  PDF version (tables and plots) is saved to /home/crisdu/analyses_done/2.5_metaq/runs_per_reference/Spongiibacter_tropicus_DSM_19543/report.pdf
  Icarus (contig browser) is saved to /home/crisdu/analyses_done/2.5_metaq/runs_per_reference/Spongiibacter_tropicus_DSM_19543/icarus.html
