gnuplot 4.6 patchlevel 2
Aligning contigs to reference...
	Aligning contigs to the reference
Parsing coords...
Loading reference...
	Loaded [Formosa_algae_NZ_LMAK01000001.1_Formosa_algae_strain_KMM_3553_contig00001__whole_genome_shotgun_sequence]
	Loaded [Formosa_algae_NZ_LMAK01000002.1_Formosa_algae_strain_KMM_3553_contig00002__whole_genome_shotgun_sequence]
	Loaded [Formosa_algae_NZ_LMAK01000003.1_Formosa_algae_strain_KMM_3553_contig00003__whole_genome_shotgun_sequence]
	Loaded [Formosa_algae_NZ_LMAK01000004.1_Formosa_algae_strain_KMM_3553_contig00004__whole_genome_shotgun_sequence]
	Loaded [Formosa_algae_NZ_LMAK01000005.1_Formosa_algae_strain_KMM_3553_contig00005__whole_genome_shotgun_sequence]
	Loaded [Formosa_algae_NZ_LMAK01000006.1_Formosa_algae_strain_KMM_3553_contig00006__whole_genome_shotgun_sequence]
	Loaded [Formosa_algae_NZ_LMAK01000007.1_Formosa_algae_strain_KMM_3553_contig00007__whole_genome_shotgun_sequence]
	Loaded [Formosa_algae_NZ_LMAK01000008.1_Formosa_algae_strain_KMM_3553_contig00008__whole_genome_shotgun_sequence]
	Loaded [Formosa_algae_NZ_LMAK01000009.1_Formosa_algae_strain_KMM_3553_contig00009__whole_genome_shotgun_sequence]
	Loaded [Formosa_algae_NZ_LMAK01000010.1_Formosa_algae_strain_KMM_3553_contig00010__whole_genome_shotgun_sequence]
	Loaded [Formosa_algae_NZ_LMAK01000011.1_Formosa_algae_strain_KMM_3553_contig00011__whole_genome_shotgun_sequence]
	Loaded [Formosa_algae_NZ_LMAK01000012.1_Formosa_algae_strain_KMM_3553_contig00012__whole_genome_shotgun_sequence]
	Loaded [Formosa_algae_NZ_LMAK01000013.1_Formosa_algae_strain_KMM_3553_contig00013__whole_genome_shotgun_sequence]
	Loaded [Formosa_algae_NZ_LMAK01000014.1_Formosa_algae_strain_KMM_3553_contig00014__whole_genome_shotgun_sequence]
	Loaded [Formosa_algae_NZ_LMAK01000015.1_Formosa_algae_strain_KMM_3553_contig00015__whole_genome_shotgun_sequence]
	Loaded [Formosa_algae_NZ_LMAK01000016.1_Formosa_algae_strain_KMM_3553_contig00016__whole_genome_shotgun_sequence]
	Loaded [Formosa_algae_NZ_LMAK01000017.1_Formosa_algae_strain_KMM_3553_contig00017__whole_genome_shotgun_sequence]
	Loaded [Formosa_algae_NZ_LMAK01000018.1_Formosa_algae_strain_KMM_3553_contig00018__whole_genome_shotgun_sequence]
	Loaded [Formosa_algae_NZ_LMAK01000019.1_Formosa_algae_strain_KMM_3553_contig00019__whole_genome_shotgun_sequence]
	Loaded [Formosa_algae_NZ_LMAK01000020.1_Formosa_algae_strain_KMM_3553_contig00020__whole_genome_shotgun_sequence]
	Loaded [Formosa_algae_NZ_LMAK01000021.1_Formosa_algae_strain_KMM_3553_contig00021__whole_genome_shotgun_sequence]
	Loaded [Formosa_algae_NZ_LMAK01000022.1_Formosa_algae_strain_KMM_3553_contig00022__whole_genome_shotgun_sequence]
	Loaded [Formosa_algae_NZ_LMAK01000023.1_Formosa_algae_strain_KMM_3553_contig00023__whole_genome_shotgun_sequence]
	Loaded [Formosa_algae_NZ_LMAK01000024.1_Formosa_algae_strain_KMM_3553_contig00024__whole_genome_shotgun_sequence]
	Loaded [Formosa_algae_NZ_LMAK01000025.1_Formosa_algae_strain_KMM_3553_contig00025__whole_genome_shotgun_sequence]
	Loaded [Formosa_algae_NZ_LMAK01000026.1_Formosa_algae_strain_KMM_3553_contig00026__whole_genome_shotgun_sequence]
	Loaded [Formosa_algae_NZ_LMAK01000027.1_Formosa_algae_strain_KMM_3553_contig00027__whole_genome_shotgun_sequence]
	Loaded [Formosa_algae_NZ_LMAK01000028.1_Formosa_algae_strain_KMM_3553_contig00028__whole_genome_shotgun_sequence]
	Loaded [Formosa_algae_NZ_LMAK01000029.1_Formosa_algae_strain_KMM_3553_contig00029__whole_genome_shotgun_sequence]
	Loaded [Formosa_algae_NZ_LMAK01000030.1_Formosa_algae_strain_KMM_3553_contig00030__whole_genome_shotgun_sequence]
	Loaded [Formosa_algae_NZ_LMAK01000031.1_Formosa_algae_strain_KMM_3553_contig00031__whole_genome_shotgun_sequence]
	Loaded [Formosa_algae_NZ_LMAK01000032.1_Formosa_algae_strain_KMM_3553_contig00032__whole_genome_shotgun_sequence]
	Loaded [Formosa_algae_NZ_LMAK01000033.1_Formosa_algae_strain_KMM_3553_contig00033__whole_genome_shotgun_sequence]
	Loaded [Formosa_algae_NZ_LMAK01000034.1_Formosa_algae_strain_KMM_3553_contig00034__whole_genome_shotgun_sequence]
	Loaded [Formosa_algae_NZ_LMAK01000035.1_Formosa_algae_strain_KMM_3553_contig00035__whole_genome_shotgun_sequence]
	Loaded [Formosa_algae_NZ_LMAK01000036.1_Formosa_algae_strain_KMM_3553_contig00036__whole_genome_shotgun_sequence]
	Loaded [Formosa_algae_NZ_LMAK01000037.1_Formosa_algae_strain_KMM_3553_contig00037__whole_genome_shotgun_sequence]
	Loaded [Formosa_algae_NZ_LMAK01000038.1_Formosa_algae_strain_KMM_3553_contig00038__whole_genome_shotgun_sequence]
	Loaded [Formosa_algae_NZ_LMAK01000039.1_Formosa_algae_strain_KMM_3553_contig00039__whole_genome_shotgun_sequence]
	Loaded [Formosa_algae_NZ_LMAK01000040.1_Formosa_algae_strain_KMM_3553_contig00040__whole_genome_shotgun_sequence]
	Loaded [Formosa_algae_NZ_LMAK01000041.1_Formosa_algae_strain_KMM_3553_contig00041__whole_genome_shotgun_sequence]
	Loaded [Formosa_algae_NZ_LMAK01000042.1_Formosa_algae_strain_KMM_3553_contig00042__whole_genome_shotgun_sequence]
	Loaded [Formosa_algae_NZ_LMAK01000043.1_Formosa_algae_strain_KMM_3553_contig00043__whole_genome_shotgun_sequence]
	Loaded [Formosa_algae_NZ_LMAK01000044.1_Formosa_algae_strain_KMM_3553_contig00044__whole_genome_shotgun_sequence]
	Loaded [Formosa_algae_NZ_LMAK01000045.1_Formosa_algae_strain_KMM_3553_contig00045__whole_genome_shotgun_sequence]
	Loaded [Formosa_algae_NZ_LMAK01000046.1_Formosa_algae_strain_KMM_3553_contig00046__whole_genome_shotgun_sequence]
	Loaded [Formosa_algae_NZ_LMAK01000047.1_Formosa_algae_strain_KMM_3553_contig00047__whole_genome_shotgun_sequence]
	Loaded [Formosa_algae_NZ_LMAK01000048.1_Formosa_algae_strain_KMM_3553_contig00048__whole_genome_shotgun_sequence]
	Loaded [Formosa_algae_NZ_LMAK01000049.1_Formosa_algae_strain_KMM_3553_contig00049__whole_genome_shotgun_sequence]
	Loaded [Formosa_algae_NZ_LMAK01000050.1_Formosa_algae_strain_KMM_3553_contig00050__whole_genome_shotgun_sequence]
	Loaded [Formosa_algae_NZ_LMAK01000051.1_Formosa_algae_strain_KMM_3553_contig00051__whole_genome_shotgun_sequence]
	Loaded [Formosa_algae_NZ_LMAK01000052.1_Formosa_algae_strain_KMM_3553_contig00052__whole_genome_shotgun_sequence]
	Loaded [Formosa_algae_NZ_LMAK01000053.1_Formosa_algae_strain_KMM_3553_contig00053__whole_genome_shotgun_sequence]
	Loaded [Formosa_algae_NZ_LMAK01000054.1_Formosa_algae_strain_KMM_3553_contig00054__whole_genome_shotgun_sequence]
	Loaded [Formosa_algae_NZ_LMAK01000055.1_Formosa_algae_strain_KMM_3553_contig00055__whole_genome_shotgun_sequence]
	Loaded [Formosa_algae_NZ_LMAK01000056.1_Formosa_algae_strain_KMM_3553_contig00056__whole_genome_shotgun_sequence]
	Loaded [Formosa_algae_NZ_LMAK01000057.1_Formosa_algae_strain_KMM_3553_contig00057__whole_genome_shotgun_sequence]
	Loaded [Formosa_algae_NZ_LMAK01000058.1_Formosa_algae_strain_KMM_3553_contig00058__whole_genome_shotgun_sequence]
	Loaded [Formosa_algae_NZ_LMAK01000059.1_Formosa_algae_strain_KMM_3553_contig00059__whole_genome_shotgun_sequence]
	Loaded [Formosa_algae_NZ_LMAK01000060.1_Formosa_algae_strain_KMM_3553_contig00060__whole_genome_shotgun_sequence]
	Loaded [Formosa_algae_NZ_LMAK01000061.1_Formosa_algae_strain_KMM_3553_contig00061__whole_genome_shotgun_sequence]
	Loaded [Formosa_algae_NZ_LMAK01000062.1_Formosa_algae_strain_KMM_3553_contig00062__whole_genome_shotgun_sequence]
	Loaded [Formosa_algae_NZ_LMAK01000063.1_Formosa_algae_strain_KMM_3553_contig00063__whole_genome_shotgun_sequence]
	Loaded [Formosa_algae_NZ_LMAK01000064.1_Formosa_algae_strain_KMM_3553_contig00064__whole_genome_shotgun_sequence]
	Loaded [Formosa_algae_NZ_LMAK01000065.1_Formosa_algae_strain_KMM_3553_contig00065__whole_genome_shotgun_sequence]
	Loaded [Formosa_algae_NZ_LMAK01000066.1_Formosa_algae_strain_KMM_3553_contig00066__whole_genome_shotgun_sequence]
	Loaded [Formosa_algae_NZ_LMAK01000067.1_Formosa_algae_strain_KMM_3553_contig00067__whole_genome_shotgun_sequence]
	Loaded [Formosa_algae_NZ_LMAK01000068.1_Formosa_algae_strain_KMM_3553_contig00068__whole_genome_shotgun_sequence]
	Loaded [Formosa_algae_NZ_LMAK01000069.1_Formosa_algae_strain_KMM_3553_contig00069__whole_genome_shotgun_sequence]
	Loaded [Formosa_algae_NZ_LMAK01000070.1_Formosa_algae_strain_KMM_3553_contig00070__whole_genome_shotgun_sequence]
	Loaded [Formosa_algae_NZ_LMAK01000071.1_Formosa_algae_strain_KMM_3553_contig00071__whole_genome_shotgun_sequence]
	Loaded [Formosa_algae_NZ_LMAK01000072.1_Formosa_algae_strain_KMM_3553_contig00072__whole_genome_shotgun_sequence]
	Loaded [Formosa_algae_NZ_LMAK01000073.1_Formosa_algae_strain_KMM_3553_contig00073__whole_genome_shotgun_sequence]
	Loaded [Formosa_algae_NZ_LMAK01000074.1_Formosa_algae_strain_KMM_3553_contig00074__whole_genome_shotgun_sequence]
	Loaded [Formosa_algae_NZ_LMAK01000075.1_Formosa_algae_strain_KMM_3553_contig00075__whole_genome_shotgun_sequence]
	Loaded [Formosa_algae_NZ_LMAK01000076.1_Formosa_algae_strain_KMM_3553_contig00076__whole_genome_shotgun_sequence]
	Loaded [Formosa_algae_NZ_LMAK01000077.1_Formosa_algae_strain_KMM_3553_contig00077__whole_genome_shotgun_sequence]
	Loaded [Formosa_algae_NZ_LMAK01000078.1_Formosa_algae_strain_KMM_3553_contig00078__whole_genome_shotgun_sequence]
	Loaded [Formosa_algae_NZ_LMAK01000079.1_Formosa_algae_strain_KMM_3553_contig00079__whole_genome_shotgun_sequence]
	Loaded [Formosa_algae_NZ_LMAK01000080.1_Formosa_algae_strain_KMM_3553_contig00080__whole_genome_shotgun_sequence]
	Loaded [Formosa_algae_NZ_LMAK01000081.1_Formosa_algae_strain_KMM_3553_contig00081__whole_genome_shotgun_sequence]
	Loaded [Formosa_algae_NZ_LMAK01000082.1_Formosa_algae_strain_KMM_3553_contig00082__whole_genome_shotgun_sequence]
Loading SNPs...
	Total Regions: 82
	Total Region Length: 4292461
Analyzing contigs...
CONTIG: k105_68748_flag_1_multi_3.5799_len_662 (662bp)
Best alignment score: 73.0 (LEN: 73, IDY: 100.00)
			The best set is below. Score: 73.0, number of alignments: 1, unaligned bases: 589
		This contig is partially unaligned. (Aligned 73 out of 662 bases)
		Alignment: 28723 28795 | 569 641 | 73 73 | 100.0 | Formosa_algae_NZ_LMAK01000003.1_Formosa_algae_strain_KMM_3553_contig00003__whole_genome_shotgun_sequence k105_68748_flag_1_multi_3.5799_len_662
		Unaligned bases: 1 to 568 (568)
		Unaligned bases: 642 to 662 (21)

CONTIG: k105_122441_flag_1_multi_4.6841_len_1232 (1232bp)
Best alignment score: 74.0 (LEN: 74, IDY: 100.00)
			The best set is below. Score: 74.0, number of alignments: 1, unaligned bases: 1158
		This contig is partially unaligned. (Aligned 74 out of 1232 bases)
		Alignment: 28722 28795 | 89 162 | 74 74 | 100.0 | Formosa_algae_NZ_LMAK01000003.1_Formosa_algae_strain_KMM_3553_contig00003__whole_genome_shotgun_sequence k105_122441_flag_1_multi_4.6841_len_1232
		Unaligned bases: 1 to 88 (88)
		Unaligned bases: 163 to 1232 (1070)

CONTIG: k105_123765_flag_1_multi_3.7358_len_2285 (2285bp)
Best alignment score: 75.0 (LEN: 75, IDY: 100.00)
			The best set is below. Score: 75.0, number of alignments: 1, unaligned bases: 2210
		This contig is partially unaligned. (Aligned 75 out of 2285 bases)
		Alignment: 28721 28795 | 2285 2211 | 75 75 | 100.0 | Formosa_algae_NZ_LMAK01000003.1_Formosa_algae_strain_KMM_3553_contig00003__whole_genome_shotgun_sequence k105_123765_flag_1_multi_3.7358_len_2285
		Unaligned bases: 1 to 2210 (2210)

CONTIG: k105_16102_flag_1_multi_1.8767_len_632 (632bp)
Best alignment score: 87.0 (LEN: 88, IDY: 98.86)
			The best set is below. Score: 87.0, number of alignments: 1, unaligned bases: 544
		Alignment: 16480 16567 | 270 357 | 88 88 | 98.86 | Formosa_algae_NZ_LMAK01000079.1_Formosa_algae_strain_KMM_3553_contig00079__whole_genome_shotgun_sequence k105_16102_flag_1_multi_1.8767_len_632

CONTIG: k105_46822_flag_1_multi_4.9757_len_4881 (4881bp)
Best alignment score: 93.0 (LEN: 94, IDY: 98.95)
			The best set is below. Score: 93.0, number of alignments: 1, unaligned bases: 4787
		This contig is partially unaligned. (Aligned 94 out of 4881 bases)
		Alignment: 178591 178685 | 3502 3595 | 95 94 | 98.95 | Formosa_algae_NZ_LMAK01000004.1_Formosa_algae_strain_KMM_3553_contig00004__whole_genome_shotgun_sequence k105_46822_flag_1_multi_4.9757_len_4881
		Unaligned bases: 1 to 3501 (3501)
		Unaligned bases: 3596 to 4881 (1286)

CONTIG: k105_64235_flag_1_multi_2.6389_len_598 (598bp)
Best alignment score: 80.0 (LEN: 80, IDY: 100.00)
			Skipping redundant alignments after choosing the best set of alignments
		Skipping redundant alignment 158934 159013 | 235 156 | 80 80 | 100.0 | Formosa_algae_NZ_LMAK01000004.1_Formosa_algae_strain_KMM_3553_contig00004__whole_genome_shotgun_sequence k105_64235_flag_1_multi_2.6389_len_598
		This contig has several significant sets of alignments. [An ambiguously mapped contig]
		Using only the very best set (option --ambiguity-usage is set to "one").
			The best set is below. Score: 80.0, number of alignments: 1, unaligned bases: 518
		Alignment: 176780 176859 | 232 153 | 80 80 | 100.0 | Formosa_algae_NZ_LMAK01000004.1_Formosa_algae_strain_KMM_3553_contig00004__whole_genome_shotgun_sequence k105_64235_flag_1_multi_2.6389_len_598

CONTIG: k105_143044_flag_1_multi_1.9383_len_769 (769bp)
Best alignment score: 78.0 (LEN: 78, IDY: 100.00)
			The best set is below. Score: 78.0, number of alignments: 1, unaligned bases: 691
		This contig is partially unaligned. (Aligned 78 out of 769 bases)
		Alignment: 176780 176857 | 652 729 | 78 78 | 100.0 | Formosa_algae_NZ_LMAK01000004.1_Formosa_algae_strain_KMM_3553_contig00004__whole_genome_shotgun_sequence k105_143044_flag_1_multi_1.9383_len_769
		Unaligned bases: 1 to 651 (651)
		Unaligned bases: 730 to 769 (40)

CONTIG: k105_64372_flag_1_multi_1.8809_len_936 (936bp)
Best alignment score: 83.0 (LEN: 85, IDY: 97.65)
			The best set is below. Score: 83.0, number of alignments: 1, unaligned bases: 851
		This contig is partially unaligned. (Aligned 85 out of 936 bases)
		Alignment: 81903 81987 | 118 34 | 85 85 | 97.65 | Formosa_algae_NZ_LMAK01000062.1_Formosa_algae_strain_KMM_3553_contig00062__whole_genome_shotgun_sequence k105_64372_flag_1_multi_1.8809_len_936
		Unaligned bases: 1 to 33 (33)
		Unaligned bases: 119 to 936 (818)

CONTIG: k105_4976_flag_1_multi_1.9128_len_667 (667bp)
Best alignment score: 75.0 (LEN: 76, IDY: 98.68)
			The best set is below. Score: 75.0, number of alignments: 1, unaligned bases: 591
		This contig is partially unaligned. (Aligned 76 out of 667 bases)
		Alignment: 16913 16988 | 50 125 | 76 76 | 98.68 | Formosa_algae_NZ_LMAK01000039.1_Formosa_algae_strain_KMM_3553_contig00039__whole_genome_shotgun_sequence k105_4976_flag_1_multi_1.9128_len_667
		Unaligned bases: 1 to 49 (49)
		Unaligned bases: 126 to 667 (542)

CONTIG: k105_67363_flag_1_multi_9.0000_len_708 (708bp)
Best alignment score: 92.0 (LEN: 95, IDY: 96.84)
			The best set is below. Score: 92.0, number of alignments: 1, unaligned bases: 613
		This contig is partially unaligned. (Aligned 95 out of 708 bases)
		Alignment: 19032 19126 | 614 708 | 95 95 | 96.84 | Formosa_algae_NZ_LMAK01000039.1_Formosa_algae_strain_KMM_3553_contig00039__whole_genome_shotgun_sequence k105_67363_flag_1_multi_9.0000_len_708
		Unaligned bases: 1 to 613 (613)

CONTIG: k105_69165_flag_0_multi_17.8826_len_2081 (2081bp)
Best alignment score: 75.0 (LEN: 75, IDY: 100.00)
			The best set is below. Score: 75.0, number of alignments: 1, unaligned bases: 2006
		This contig is partially unaligned. (Aligned 75 out of 2081 bases)
		Alignment: 16913 16987 | 1433 1359 | 75 75 | 100.0 | Formosa_algae_NZ_LMAK01000039.1_Formosa_algae_strain_KMM_3553_contig00039__whole_genome_shotgun_sequence k105_69165_flag_0_multi_17.8826_len_2081
		Unaligned bases: 1 to 1358 (1358)
		Unaligned bases: 1434 to 2081 (648)

CONTIG: k105_94172_flag_1_multi_3.0000_len_1625 (1625bp)
Best alignment score: 76.0 (LEN: 77, IDY: 98.70)
			The best set is below. Score: 76.0, number of alignments: 1, unaligned bases: 1548
		This contig is partially unaligned. (Aligned 77 out of 1625 bases)
		Alignment: 16911 16987 | 1233 1309 | 77 77 | 98.7 | Formosa_algae_NZ_LMAK01000039.1_Formosa_algae_strain_KMM_3553_contig00039__whole_genome_shotgun_sequence k105_94172_flag_1_multi_3.0000_len_1625
		Unaligned bases: 1 to 1232 (1232)
		Unaligned bases: 1310 to 1625 (316)

CONTIG: k105_158133_flag_1_multi_13.8688_len_692 (692bp)
Best alignment score: 665.1 (LEN: 689, IDY: 96.53)
		One align captures most of this contig: 19029 19718 | 689 1 | 690 689 | 96.53 | Formosa_algae_NZ_LMAK01000039.1_Formosa_algae_strain_KMM_3553_contig00039__whole_genome_shotgun_sequence k105_158133_flag_1_multi_13.8688_len_692

CONTIG: k105_5111_flag_1_multi_1.7579_len_898 (898bp)
Best alignment score: 73.0 (LEN: 74, IDY: 98.65)
			Skipping redundant alignments after choosing the best set of alignments
		Skipping redundant alignment 16814 16887 | 204 277 | 74 74 | 98.65 | Formosa_algae_NZ_LMAK01000080.1_Formosa_algae_strain_KMM_3553_contig00080__whole_genome_shotgun_sequence k105_5111_flag_1_multi_1.7579_len_898
		This contig has several significant sets of alignments. [An ambiguously mapped contig]
		Using only the very best set (option --ambiguity-usage is set to "one").
			The best set is below. Score: 73.0, number of alignments: 1, unaligned bases: 824
		This contig is partially unaligned. (Aligned 74 out of 898 bases)
		Alignment: 16390 16463 | 204 277 | 74 74 | 98.65 | Formosa_algae_NZ_LMAK01000080.1_Formosa_algae_strain_KMM_3553_contig00080__whole_genome_shotgun_sequence k105_5111_flag_1_multi_1.7579_len_898
		Unaligned bases: 1 to 203 (203)
		Unaligned bases: 278 to 898 (621)

CONTIG: k105_21291_flag_1_multi_4.0000_len_1328 (1328bp)
Best alignment score: 73.0 (LEN: 74, IDY: 98.65)
			Skipping redundant alignments after choosing the best set of alignments
		Skipping redundant alignment 16814 16887 | 277 350 | 74 74 | 98.65 | Formosa_algae_NZ_LMAK01000080.1_Formosa_algae_strain_KMM_3553_contig00080__whole_genome_shotgun_sequence k105_21291_flag_1_multi_4.0000_len_1328
		This contig has several significant sets of alignments. [An ambiguously mapped contig]
		Using only the very best set (option --ambiguity-usage is set to "one").
			The best set is below. Score: 73.0, number of alignments: 1, unaligned bases: 1254
		This contig is partially unaligned. (Aligned 74 out of 1328 bases)
		Alignment: 16390 16463 | 277 350 | 74 74 | 98.65 | Formosa_algae_NZ_LMAK01000080.1_Formosa_algae_strain_KMM_3553_contig00080__whole_genome_shotgun_sequence k105_21291_flag_1_multi_4.0000_len_1328
		Unaligned bases: 1 to 276 (276)
		Unaligned bases: 351 to 1328 (978)

CONTIG: k105_58708_flag_1_multi_2.5348_len_565 (565bp)
Best alignment score: 73.0 (LEN: 74, IDY: 98.65)
			Skipping redundant alignments after choosing the best set of alignments
		Skipping redundant alignment 16814 16887 | 106 179 | 74 74 | 98.65 | Formosa_algae_NZ_LMAK01000080.1_Formosa_algae_strain_KMM_3553_contig00080__whole_genome_shotgun_sequence k105_58708_flag_1_multi_2.5348_len_565
		This contig has several significant sets of alignments. [An ambiguously mapped contig]
		Using only the very best set (option --ambiguity-usage is set to "one").
			The best set is below. Score: 73.0, number of alignments: 1, unaligned bases: 491
		Alignment: 16390 16463 | 106 179 | 74 74 | 98.65 | Formosa_algae_NZ_LMAK01000080.1_Formosa_algae_strain_KMM_3553_contig00080__whole_genome_shotgun_sequence k105_58708_flag_1_multi_2.5348_len_565

CONTIG: k105_33331_flag_1_multi_3.0000_len_565 (565bp)
Best alignment score: 76.0 (LEN: 76, IDY: 100.00)
			The best set is below. Score: 76.0, number of alignments: 1, unaligned bases: 489
		Alignment: 10879 10954 | 88 13 | 76 76 | 100.0 | Formosa_algae_NZ_LMAK01000013.1_Formosa_algae_strain_KMM_3553_contig00013__whole_genome_shotgun_sequence k105_33331_flag_1_multi_3.0000_len_565

CONTIG: k105_152885_flag_1_multi_2.6723_len_752 (752bp)
Best alignment score: 74.0 (LEN: 74, IDY: 100.00)
			The best set is below. Score: 74.0, number of alignments: 1, unaligned bases: 678
		Alignment: 10881 10954 | 358 285 | 74 74 | 100.0 | Formosa_algae_NZ_LMAK01000013.1_Formosa_algae_strain_KMM_3553_contig00013__whole_genome_shotgun_sequence k105_152885_flag_1_multi_2.6723_len_752

Analyzing coverage...
Writing SNPs into /home/crisdu/analyses_done/2.5_metaq/runs_per_reference/Formosa_algae/contigs_reports/nucmer_output/final-contigs.used_snps.gz
WARNING: Reference Formosa_algae_NZ_LMAK01000020.1_Formosa_algae_strain_KMM_3553_contig00020__whole_genome_shotgun_sequence does not have any alignments! 
WARNING: Reference Formosa_algae_NZ_LMAK01000081.1_Formosa_algae_strain_KMM_3553_contig00081__whole_genome_shotgun_sequence does not have any alignments! 
WARNING: Reference Formosa_algae_NZ_LMAK01000001.1_Formosa_algae_strain_KMM_3553_contig00001__whole_genome_shotgun_sequence does not have any alignments! 
WARNING: Reference Formosa_algae_NZ_LMAK01000023.1_Formosa_algae_strain_KMM_3553_contig00023__whole_genome_shotgun_sequence does not have any alignments! 
WARNING: Reference Formosa_algae_NZ_LMAK01000053.1_Formosa_algae_strain_KMM_3553_contig00053__whole_genome_shotgun_sequence does not have any alignments! 
WARNING: Reference Formosa_algae_NZ_LMAK01000046.1_Formosa_algae_strain_KMM_3553_contig00046__whole_genome_shotgun_sequence does not have any alignments! 
WARNING: Reference Formosa_algae_NZ_LMAK01000073.1_Formosa_algae_strain_KMM_3553_contig00073__whole_genome_shotgun_sequence does not have any alignments! 
WARNING: Reference Formosa_algae_NZ_LMAK01000041.1_Formosa_algae_strain_KMM_3553_contig00041__whole_genome_shotgun_sequence does not have any alignments! 
WARNING: Reference Formosa_algae_NZ_LMAK01000035.1_Formosa_algae_strain_KMM_3553_contig00035__whole_genome_shotgun_sequence does not have any alignments! 
WARNING: Reference Formosa_algae_NZ_LMAK01000056.1_Formosa_algae_strain_KMM_3553_contig00056__whole_genome_shotgun_sequence does not have any alignments! 
WARNING: Reference Formosa_algae_NZ_LMAK01000028.1_Formosa_algae_strain_KMM_3553_contig00028__whole_genome_shotgun_sequence does not have any alignments! 
WARNING: Reference Formosa_algae_NZ_LMAK01000021.1_Formosa_algae_strain_KMM_3553_contig00021__whole_genome_shotgun_sequence does not have any alignments! 
WARNING: Reference Formosa_algae_NZ_LMAK01000036.1_Formosa_algae_strain_KMM_3553_contig00036__whole_genome_shotgun_sequence does not have any alignments! 
WARNING: Reference Formosa_algae_NZ_LMAK01000008.1_Formosa_algae_strain_KMM_3553_contig00008__whole_genome_shotgun_sequence does not have any alignments! 
WARNING: Reference Formosa_algae_NZ_LMAK01000017.1_Formosa_algae_strain_KMM_3553_contig00017__whole_genome_shotgun_sequence does not have any alignments! 
WARNING: Reference Formosa_algae_NZ_LMAK01000031.1_Formosa_algae_strain_KMM_3553_contig00031__whole_genome_shotgun_sequence does not have any alignments! 
WARNING: Reference Formosa_algae_NZ_LMAK01000025.1_Formosa_algae_strain_KMM_3553_contig00025__whole_genome_shotgun_sequence does not have any alignments! 
WARNING: Reference Formosa_algae_NZ_LMAK01000071.1_Formosa_algae_strain_KMM_3553_contig00071__whole_genome_shotgun_sequence does not have any alignments! 
WARNING: Reference Formosa_algae_NZ_LMAK01000014.1_Formosa_algae_strain_KMM_3553_contig00014__whole_genome_shotgun_sequence does not have any alignments! 
WARNING: Reference Formosa_algae_NZ_LMAK01000050.1_Formosa_algae_strain_KMM_3553_contig00050__whole_genome_shotgun_sequence does not have any alignments! 
WARNING: Reference Formosa_algae_NZ_LMAK01000002.1_Formosa_algae_strain_KMM_3553_contig00002__whole_genome_shotgun_sequence does not have any alignments! 
WARNING: Reference Formosa_algae_NZ_LMAK01000005.1_Formosa_algae_strain_KMM_3553_contig00005__whole_genome_shotgun_sequence does not have any alignments! 
WARNING: Reference Formosa_algae_NZ_LMAK01000055.1_Formosa_algae_strain_KMM_3553_contig00055__whole_genome_shotgun_sequence does not have any alignments! 
WARNING: Reference Formosa_algae_NZ_LMAK01000077.1_Formosa_algae_strain_KMM_3553_contig00077__whole_genome_shotgun_sequence does not have any alignments! 
WARNING: Reference Formosa_algae_NZ_LMAK01000034.1_Formosa_algae_strain_KMM_3553_contig00034__whole_genome_shotgun_sequence does not have any alignments! 
WARNING: Reference Formosa_algae_NZ_LMAK01000043.1_Formosa_algae_strain_KMM_3553_contig00043__whole_genome_shotgun_sequence does not have any alignments! 
WARNING: Reference Formosa_algae_NZ_LMAK01000038.1_Formosa_algae_strain_KMM_3553_contig00038__whole_genome_shotgun_sequence does not have any alignments! 
WARNING: Reference Formosa_algae_NZ_LMAK01000022.1_Formosa_algae_strain_KMM_3553_contig00022__whole_genome_shotgun_sequence does not have any alignments! 
WARNING: Reference Formosa_algae_NZ_LMAK01000006.1_Formosa_algae_strain_KMM_3553_contig00006__whole_genome_shotgun_sequence does not have any alignments! 
WARNING: Reference Formosa_algae_NZ_LMAK01000042.1_Formosa_algae_strain_KMM_3553_contig00042__whole_genome_shotgun_sequence does not have any alignments! 
WARNING: Reference Formosa_algae_NZ_LMAK01000018.1_Formosa_algae_strain_KMM_3553_contig00018__whole_genome_shotgun_sequence does not have any alignments! 
WARNING: Reference Formosa_algae_NZ_LMAK01000026.1_Formosa_algae_strain_KMM_3553_contig00026__whole_genome_shotgun_sequence does not have any alignments! 
WARNING: Reference Formosa_algae_NZ_LMAK01000037.1_Formosa_algae_strain_KMM_3553_contig00037__whole_genome_shotgun_sequence does not have any alignments! 
WARNING: Reference Formosa_algae_NZ_LMAK01000048.1_Formosa_algae_strain_KMM_3553_contig00048__whole_genome_shotgun_sequence does not have any alignments! 
WARNING: Reference Formosa_algae_NZ_LMAK01000029.1_Formosa_algae_strain_KMM_3553_contig00029__whole_genome_shotgun_sequence does not have any alignments! 
WARNING: Reference Formosa_algae_NZ_LMAK01000007.1_Formosa_algae_strain_KMM_3553_contig00007__whole_genome_shotgun_sequence does not have any alignments! 
	Reference Formosa_algae_NZ_LMAK01000039.1_Formosa_algae_strain_KMM_3553_contig00039__whole_genome_shotgun_sequence: 5 total alignments. 1 total regions.
		Region: 1 to 20385 (20385 bp)
			START in gap: 1 to 16911 (16910 bp)
			Align 1: 16911 16987 k105_94172_flag_1_multi_3.0000_len_1625 1233 1309
				Negative gap (overlap) between this and next alignment: 16987 to 16913 (-74 bp)
				Next Alignment: 16913 16988 k105_4976_flag_1_multi_1.9128_len_667 50 125

			Previous gap was negative, modifying coordinates to ignore overlap
				Moving contig start from 50 to 125.
			Align 2: 16988 16988 k105_4976_flag_1_multi_1.9128_len_667 125 125
				The next alignment (16913 16987 k105_69165_flag_0_multi_17.8826_len_2081 1433 1359) is redundant. Skipping.
				Gap between this and next alignment: 16988 to 19029 (2040 bp)
				Next Alignment: 19029 19718 k105_158133_flag_1_multi_13.8688_len_692 689 1

			Align 4: 19029 19718 k105_158133_flag_1_multi_13.8688_len_692 689 1
				The next alignment (19032 19126 k105_67363_flag_1_multi_9.0000_len_708 614 708) is redundant. Skipping.

WARNING: Reference Formosa_algae_NZ_LMAK01000011.1_Formosa_algae_strain_KMM_3553_contig00011__whole_genome_shotgun_sequence does not have any alignments! 
WARNING: Reference Formosa_algae_NZ_LMAK01000016.1_Formosa_algae_strain_KMM_3553_contig00016__whole_genome_shotgun_sequence does not have any alignments! 
WARNING: Reference Formosa_algae_NZ_LMAK01000057.1_Formosa_algae_strain_KMM_3553_contig00057__whole_genome_shotgun_sequence does not have any alignments! 
WARNING: Reference Formosa_algae_NZ_LMAK01000075.1_Formosa_algae_strain_KMM_3553_contig00075__whole_genome_shotgun_sequence does not have any alignments! 
WARNING: Reference Formosa_algae_NZ_LMAK01000078.1_Formosa_algae_strain_KMM_3553_contig00078__whole_genome_shotgun_sequence does not have any alignments! 
WARNING: Reference Formosa_algae_NZ_LMAK01000060.1_Formosa_algae_strain_KMM_3553_contig00060__whole_genome_shotgun_sequence does not have any alignments! 
WARNING: Reference Formosa_algae_NZ_LMAK01000033.1_Formosa_algae_strain_KMM_3553_contig00033__whole_genome_shotgun_sequence does not have any alignments! 
WARNING: Reference Formosa_algae_NZ_LMAK01000027.1_Formosa_algae_strain_KMM_3553_contig00027__whole_genome_shotgun_sequence does not have any alignments! 
WARNING: Reference Formosa_algae_NZ_LMAK01000052.1_Formosa_algae_strain_KMM_3553_contig00052__whole_genome_shotgun_sequence does not have any alignments! 
WARNING: Reference Formosa_algae_NZ_LMAK01000067.1_Formosa_algae_strain_KMM_3553_contig00067__whole_genome_shotgun_sequence does not have any alignments! 
	Reference Formosa_algae_NZ_LMAK01000004.1_Formosa_algae_strain_KMM_3553_contig00004__whole_genome_shotgun_sequence: 3 total alignments. 1 total regions.
		Region: 1 to 194096 (194096 bp)
			START in gap: 1 to 176780 (176779 bp)
			Align 1: 176780 176859 k105_64235_flag_1_multi_2.6389_len_598 232 153
				The next alignment (176780 176857 k105_143044_flag_1_multi_1.9383_len_769 652 729) is redundant. Skipping.
				Gap between this and next alignment: 176859 to 178591 (1731 bp)
				Next Alignment: 178591 178685 k105_46822_flag_1_multi_4.9757_len_4881 3502 3595

			Align 3: 178591 178685 k105_46822_flag_1_multi_4.9757_len_4881 3502 3595
			END in gap: 178685 to 194096 (15411 bp).

WARNING: Reference Formosa_algae_NZ_LMAK01000066.1_Formosa_algae_strain_KMM_3553_contig00066__whole_genome_shotgun_sequence does not have any alignments! 
WARNING: Reference Formosa_algae_NZ_LMAK01000070.1_Formosa_algae_strain_KMM_3553_contig00070__whole_genome_shotgun_sequence does not have any alignments! 
WARNING: Reference Formosa_algae_NZ_LMAK01000045.1_Formosa_algae_strain_KMM_3553_contig00045__whole_genome_shotgun_sequence does not have any alignments! 
WARNING: Reference Formosa_algae_NZ_LMAK01000030.1_Formosa_algae_strain_KMM_3553_contig00030__whole_genome_shotgun_sequence does not have any alignments! 
WARNING: Reference Formosa_algae_NZ_LMAK01000063.1_Formosa_algae_strain_KMM_3553_contig00063__whole_genome_shotgun_sequence does not have any alignments! 
	Reference Formosa_algae_NZ_LMAK01000013.1_Formosa_algae_strain_KMM_3553_contig00013__whole_genome_shotgun_sequence: 2 total alignments. 1 total regions.
		Region: 1 to 76268 (76268 bp)
			START in gap: 1 to 10879 (10878 bp)
			Align 1: 10879 10954 k105_33331_flag_1_multi_3.0000_len_565 88 13
				The next alignment (10881 10954 k105_152885_flag_1_multi_2.6723_len_752 358 285) is redundant. Skipping.

WARNING: Reference Formosa_algae_NZ_LMAK01000024.1_Formosa_algae_strain_KMM_3553_contig00024__whole_genome_shotgun_sequence does not have any alignments! 
WARNING: Reference Formosa_algae_NZ_LMAK01000015.1_Formosa_algae_strain_KMM_3553_contig00015__whole_genome_shotgun_sequence does not have any alignments! 
WARNING: Reference Formosa_algae_NZ_LMAK01000064.1_Formosa_algae_strain_KMM_3553_contig00064__whole_genome_shotgun_sequence does not have any alignments! 
WARNING: Reference Formosa_algae_NZ_LMAK01000010.1_Formosa_algae_strain_KMM_3553_contig00010__whole_genome_shotgun_sequence does not have any alignments! 
	Reference Formosa_algae_NZ_LMAK01000080.1_Formosa_algae_strain_KMM_3553_contig00080__whole_genome_shotgun_sequence: 3 total alignments. 1 total regions.
		Region: 1 to 34711 (34711 bp)
			START in gap: 1 to 16390 (16389 bp)
			Align 1: 16390 16463 k105_5111_flag_1_multi_1.7579_len_898 204 277
				The next alignment (16390 16463 k105_21291_flag_1_multi_4.0000_len_1328 277 350) is redundant. Skipping.
				The next alignment (16390 16463 k105_58708_flag_1_multi_2.5348_len_565 106 179) is redundant. Skipping.

WARNING: Reference Formosa_algae_NZ_LMAK01000065.1_Formosa_algae_strain_KMM_3553_contig00065__whole_genome_shotgun_sequence does not have any alignments! 
WARNING: Reference Formosa_algae_NZ_LMAK01000032.1_Formosa_algae_strain_KMM_3553_contig00032__whole_genome_shotgun_sequence does not have any alignments! 
	Reference Formosa_algae_NZ_LMAK01000003.1_Formosa_algae_strain_KMM_3553_contig00003__whole_genome_shotgun_sequence: 3 total alignments. 1 total regions.
		Region: 1 to 67662 (67662 bp)
			START in gap: 1 to 28721 (28720 bp)
			Align 1: 28721 28795 k105_123765_flag_1_multi_3.7358_len_2285 2285 2211
				The next alignment (28722 28795 k105_122441_flag_1_multi_4.6841_len_1232 89 162) is redundant. Skipping.
				The next alignment (28723 28795 k105_68748_flag_1_multi_3.5799_len_662 569 641) is redundant. Skipping.

WARNING: Reference Formosa_algae_NZ_LMAK01000054.1_Formosa_algae_strain_KMM_3553_contig00054__whole_genome_shotgun_sequence does not have any alignments! 
WARNING: Reference Formosa_algae_NZ_LMAK01000068.1_Formosa_algae_strain_KMM_3553_contig00068__whole_genome_shotgun_sequence does not have any alignments! 
WARNING: Reference Formosa_algae_NZ_LMAK01000069.1_Formosa_algae_strain_KMM_3553_contig00069__whole_genome_shotgun_sequence does not have any alignments! 
WARNING: Reference Formosa_algae_NZ_LMAK01000061.1_Formosa_algae_strain_KMM_3553_contig00061__whole_genome_shotgun_sequence does not have any alignments! 
WARNING: Reference Formosa_algae_NZ_LMAK01000019.1_Formosa_algae_strain_KMM_3553_contig00019__whole_genome_shotgun_sequence does not have any alignments! 
	Reference Formosa_algae_NZ_LMAK01000062.1_Formosa_algae_strain_KMM_3553_contig00062__whole_genome_shotgun_sequence: 1 total alignments. 1 total regions.
		Region: 1 to 104774 (104774 bp)
			START in gap: 1 to 81903 (81902 bp)
			Align 1: 81903 81987 k105_64372_flag_1_multi_1.8809_len_936 118 34
			END in gap: 81987 to 104774 (22787 bp).

WARNING: Reference Formosa_algae_NZ_LMAK01000012.1_Formosa_algae_strain_KMM_3553_contig00012__whole_genome_shotgun_sequence does not have any alignments! 
WARNING: Reference Formosa_algae_NZ_LMAK01000009.1_Formosa_algae_strain_KMM_3553_contig00009__whole_genome_shotgun_sequence does not have any alignments! 
WARNING: Reference Formosa_algae_NZ_LMAK01000076.1_Formosa_algae_strain_KMM_3553_contig00076__whole_genome_shotgun_sequence does not have any alignments! 
	Reference Formosa_algae_NZ_LMAK01000079.1_Formosa_algae_strain_KMM_3553_contig00079__whole_genome_shotgun_sequence: 1 total alignments. 1 total regions.
		Region: 1 to 28363 (28363 bp)
			START in gap: 1 to 16480 (16479 bp)
			Align 1: 16480 16567 k105_16102_flag_1_multi_1.8767_len_632 270 357
			END in gap: 16567 to 28363 (11796 bp).

WARNING: Reference Formosa_algae_NZ_LMAK01000082.1_Formosa_algae_strain_KMM_3553_contig00082__whole_genome_shotgun_sequence does not have any alignments! 
WARNING: Reference Formosa_algae_NZ_LMAK01000058.1_Formosa_algae_strain_KMM_3553_contig00058__whole_genome_shotgun_sequence does not have any alignments! 
WARNING: Reference Formosa_algae_NZ_LMAK01000059.1_Formosa_algae_strain_KMM_3553_contig00059__whole_genome_shotgun_sequence does not have any alignments! 
WARNING: Reference Formosa_algae_NZ_LMAK01000051.1_Formosa_algae_strain_KMM_3553_contig00051__whole_genome_shotgun_sequence does not have any alignments! 
WARNING: Reference Formosa_algae_NZ_LMAK01000074.1_Formosa_algae_strain_KMM_3553_contig00074__whole_genome_shotgun_sequence does not have any alignments! 
WARNING: Reference Formosa_algae_NZ_LMAK01000072.1_Formosa_algae_strain_KMM_3553_contig00072__whole_genome_shotgun_sequence does not have any alignments! 
WARNING: Reference Formosa_algae_NZ_LMAK01000040.1_Formosa_algae_strain_KMM_3553_contig00040__whole_genome_shotgun_sequence does not have any alignments! 
WARNING: Reference Formosa_algae_NZ_LMAK01000047.1_Formosa_algae_strain_KMM_3553_contig00047__whole_genome_shotgun_sequence does not have any alignments! 
WARNING: Reference Formosa_algae_NZ_LMAK01000049.1_Formosa_algae_strain_KMM_3553_contig00049__whole_genome_shotgun_sequence does not have any alignments! 
WARNING: Reference Formosa_algae_NZ_LMAK01000044.1_Formosa_algae_strain_KMM_3553_contig00044__whole_genome_shotgun_sequence does not have any alignments! 
Analysis is finished!
Founded SNPs were written into /home/crisdu/analyses_done/2.5_metaq/runs_per_reference/Formosa_algae/contigs_reports/nucmer_output/final-contigs.used_snps.gz

Results:
	Local Misassemblies: 0
	Misassemblies: 0
		Relocations: 0
		Translocations: 0
		Inversions: 0
	Fake misassemblies matched with structural variations: 0
	Misassembled Contigs: 0
	Misassembled Contig Bases: 0
	Misassemblies Inter-Contig Overlap: 0
Uncovered Regions: 0 (0)
Unaligned Contigs: 0 + 12 part
Half Unaligned Contigs with Misassemblies: 0
Unaligned Contig Bases: 17122

Ambiguously Mapped Contigs: 4
Total Bases in Ambiguously Mapped Contigs: 3389
Extra Bases in Ambiguously Mapped Contigs: 0
Note that --allow-ambiguity option was set to "one" and only first alignment per each of these contigs was used.

	Covered Bases: 1341

	SNPs: 24
	Insertions: 2
	Deletions: 4

	Positive Gaps: 12
		Internal Gaps: 0
		External Gaps: 12
		External Gap Total: 401822
		External Gap Average: 33485
	Negative Gaps: 1
		Internal Overlaps: 0
		External Overlaps: 1
		External Overlaps Total: -74
		External Overlaps Average: -74
	Contigs with Redundant Alignments: 6 (617)
