gnuplot 4.6 patchlevel 2
Aligning contigs to reference...
	Aligning contigs to the reference
Parsing coords...
Loading reference...
	Loaded [endosymbiont_of_Ridgeia_piscesae_NZ_KQ557115.1_Endosymbiont_of_Ridgeia_piscesae_isolate_ind11_scaffold1__whole_genome_shotgun_sequence]
	Loaded [endosymbiont_of_Ridgeia_piscesae_NZ_KQ557116.1_Endosymbiont_of_Ridgeia_piscesae_isolate_ind11_scaffold2__whole_genome_shotgun_sequence]
	Loaded [endosymbiont_of_Ridgeia_piscesae_NZ_KQ557117.1_Endosymbiont_of_Ridgeia_piscesae_isolate_ind11_scaffold3__whole_genome_shotgun_sequence]
	Loaded [endosymbiont_of_Ridgeia_piscesae_NZ_KQ557118.1_Endosymbiont_of_Ridgeia_piscesae_isolate_ind11_scaffold4__whole_genome_shotgun_sequence]
	Loaded [endosymbiont_of_Ridgeia_piscesae_NZ_KQ557119.1_Endosymbiont_of_Ridgeia_piscesae_isolate_ind11_scaffold5__whole_genome_shotgun_sequence]
	Loaded [endosymbiont_of_Ridgeia_piscesae_NZ_KQ557120.1_Endosymbiont_of_Ridgeia_piscesae_isolate_ind11_scaffold6__whole_genome_shotgun_sequence]
	Loaded [endosymbiont_of_Ridgeia_piscesae_NZ_KQ557121.1_Endosymbiont_of_Ridgeia_piscesae_isolate_ind11_scaffold7__whole_genome_shotgun_sequence]
	Loaded [endosymbiont_of_Ridgeia_piscesae_NZ_KQ557122.1_Endosymbiont_of_Ridgeia_piscesae_isolate_ind11_scaffold8__whole_genome_shotgun_sequence]
	Loaded [endosymbiont_of_Ridgeia_piscesae_NZ_KQ557123.1_Endosymbiont_of_Ridgeia_piscesae_isolate_ind11_scaffold9__whole_genome_shotgun_sequence]
	Loaded [endosymbiont_of_Ridgeia_piscesae_NZ_KQ557124.1_Endosymbiont_of_Ridgeia_piscesae_isolate_ind11_scaffold10__whole_genome_shotgun_sequence]
	Loaded [endosymbiont_of_Ridgeia_piscesae_NZ_KQ557125.1_Endosymbiont_of_Ridgeia_piscesae_isolate_ind11_scaffold11__whole_genome_shotgun_sequence]
	Loaded [endosymbiont_of_Ridgeia_piscesae_NZ_KQ557126.1_Endosymbiont_of_Ridgeia_piscesae_isolate_ind11_scaffold12__whole_genome_shotgun_sequence]
	Loaded [endosymbiont_of_Ridgeia_piscesae_NZ_KQ557127.1_Endosymbiont_of_Ridgeia_piscesae_isolate_ind11_scaffold13__whole_genome_shotgun_sequence]
	Loaded [endosymbiont_of_Ridgeia_piscesae_NZ_KQ557128.1_Endosymbiont_of_Ridgeia_piscesae_isolate_ind11_scaffold14__whole_genome_shotgun_sequence]
	Loaded [endosymbiont_of_Ridgeia_piscesae_NZ_KQ557129.1_Endosymbiont_of_Ridgeia_piscesae_isolate_ind11_scaffold15__whole_genome_shotgun_sequence]
	Loaded [endosymbiont_of_Ridgeia_piscesae_NZ_KQ557130.1_Endosymbiont_of_Ridgeia_piscesae_isolate_ind11_scaffold16__whole_genome_shotgun_sequence]
	Loaded [endosymbiont_of_Ridgeia_piscesae_NZ_KQ557131.1_Endosymbiont_of_Ridgeia_piscesae_isolate_ind11_scaffold17__whole_genome_shotgun_sequence]
	Loaded [endosymbiont_of_Ridgeia_piscesae_NZ_KQ557132.1_Endosymbiont_of_Ridgeia_piscesae_isolate_ind11_scaffold18__whole_genome_shotgun_sequence]
	Loaded [endosymbiont_of_Ridgeia_piscesae_NZ_KQ557133.1_Endosymbiont_of_Ridgeia_piscesae_isolate_ind11_scaffold19__whole_genome_shotgun_sequence]
	Loaded [endosymbiont_of_Ridgeia_piscesae_NZ_KQ557134.1_Endosymbiont_of_Ridgeia_piscesae_isolate_ind11_scaffold20__whole_genome_shotgun_sequence]
	Loaded [endosymbiont_of_Ridgeia_piscesae_NZ_KQ557135.1_Endosymbiont_of_Ridgeia_piscesae_isolate_ind11_scaffold21__whole_genome_shotgun_sequence]
	Loaded [endosymbiont_of_Ridgeia_piscesae_NZ_KQ557136.1_Endosymbiont_of_Ridgeia_piscesae_isolate_ind11_scaffold22__whole_genome_shotgun_sequence]
	Loaded [endosymbiont_of_Ridgeia_piscesae_NZ_KQ557137.1_Endosymbiont_of_Ridgeia_piscesae_isolate_ind11_scaffold23__whole_genome_shotgun_sequence]
	Loaded [endosymbiont_of_Ridgeia_piscesae_NZ_KQ557138.1_Endosymbiont_of_Ridgeia_piscesae_isolate_ind11_scaffold24__whole_genome_shotgun_sequence]
	Loaded [endosymbiont_of_Ridgeia_piscesae_NZ_KQ557139.1_Endosymbiont_of_Ridgeia_piscesae_isolate_ind11_scaffold25__whole_genome_shotgun_sequence]
	Loaded [endosymbiont_of_Ridgeia_piscesae_NZ_KQ557140.1_Endosymbiont_of_Ridgeia_piscesae_isolate_ind11_scaffold26__whole_genome_shotgun_sequence]
	Loaded [endosymbiont_of_Ridgeia_piscesae_NZ_KQ557141.1_Endosymbiont_of_Ridgeia_piscesae_isolate_ind11_scaffold27__whole_genome_shotgun_sequence]
	Loaded [endosymbiont_of_Ridgeia_piscesae_NZ_KQ557142.1_Endosymbiont_of_Ridgeia_piscesae_isolate_ind11_scaffold28__whole_genome_shotgun_sequence]
	Loaded [endosymbiont_of_Ridgeia_piscesae_NZ_KQ557143.1_Endosymbiont_of_Ridgeia_piscesae_isolate_ind11_scaffold29__whole_genome_shotgun_sequence]
	Loaded [endosymbiont_of_Ridgeia_piscesae_NZ_KQ557144.1_Endosymbiont_of_Ridgeia_piscesae_isolate_ind11_scaffold30__whole_genome_shotgun_sequence]
	Loaded [endosymbiont_of_Ridgeia_piscesae_NZ_KQ557145.1_Endosymbiont_of_Ridgeia_piscesae_isolate_ind11_scaffold31__whole_genome_shotgun_sequence]
	Loaded [endosymbiont_of_Ridgeia_piscesae_NZ_KQ557146.1_Endosymbiont_of_Ridgeia_piscesae_isolate_ind11_scaffold32__whole_genome_shotgun_sequence]
	Loaded [endosymbiont_of_Ridgeia_piscesae_NZ_KQ557147.1_Endosymbiont_of_Ridgeia_piscesae_isolate_ind11_scaffold33__whole_genome_shotgun_sequence]
	Loaded [endosymbiont_of_Ridgeia_piscesae_NZ_KQ557148.1_Endosymbiont_of_Ridgeia_piscesae_isolate_ind11_scaffold34__whole_genome_shotgun_sequence]
	Loaded [endosymbiont_of_Ridgeia_piscesae_NZ_KQ557149.1_Endosymbiont_of_Ridgeia_piscesae_isolate_ind11_scaffold35__whole_genome_shotgun_sequence]
	Loaded [endosymbiont_of_Ridgeia_piscesae_NZ_KQ557150.1_Endosymbiont_of_Ridgeia_piscesae_isolate_ind11_scaffold36__whole_genome_shotgun_sequence]
	Loaded [endosymbiont_of_Ridgeia_piscesae_NZ_KQ557151.1_Endosymbiont_of_Ridgeia_piscesae_isolate_ind11_scaffold37__whole_genome_shotgun_sequence]
	Loaded [endosymbiont_of_Ridgeia_piscesae_NZ_KQ557152.1_Endosymbiont_of_Ridgeia_piscesae_isolate_ind11_scaffold38__whole_genome_shotgun_sequence]
	Loaded [endosymbiont_of_Ridgeia_piscesae_NZ_KQ557153.1_Endosymbiont_of_Ridgeia_piscesae_isolate_ind11_scaffold39__whole_genome_shotgun_sequence]
	Loaded [endosymbiont_of_Ridgeia_piscesae_NZ_KQ557154.1_Endosymbiont_of_Ridgeia_piscesae_isolate_ind11_scaffold40__whole_genome_shotgun_sequence]
	Loaded [endosymbiont_of_Ridgeia_piscesae_NZ_KQ557155.1_Endosymbiont_of_Ridgeia_piscesae_isolate_ind11_scaffold41__whole_genome_shotgun_sequence]
	Loaded [endosymbiont_of_Ridgeia_piscesae_NZ_KQ557156.1_Endosymbiont_of_Ridgeia_piscesae_isolate_ind11_scaffold42__whole_genome_shotgun_sequence]
	Loaded [endosymbiont_of_Ridgeia_piscesae_NZ_KQ557157.1_Endosymbiont_of_Ridgeia_piscesae_isolate_ind11_scaffold43__whole_genome_shotgun_sequence]
	Loaded [endosymbiont_of_Ridgeia_piscesae_NZ_KQ557158.1_Endosymbiont_of_Ridgeia_piscesae_isolate_ind11_scaffold44__whole_genome_shotgun_sequence]
	Loaded [endosymbiont_of_Ridgeia_piscesae_NZ_KQ557159.1_Endosymbiont_of_Ridgeia_piscesae_isolate_ind11_scaffold45__whole_genome_shotgun_sequence]
	Loaded [endosymbiont_of_Ridgeia_piscesae_NZ_KQ557160.1_Endosymbiont_of_Ridgeia_piscesae_isolate_ind11_scaffold46__whole_genome_shotgun_sequence]
	Loaded [endosymbiont_of_Ridgeia_piscesae_NZ_KQ557161.1_Endosymbiont_of_Ridgeia_piscesae_isolate_ind11_scaffold47__whole_genome_shotgun_sequence]
	Loaded [endosymbiont_of_Ridgeia_piscesae_NZ_KQ557162.1_Endosymbiont_of_Ridgeia_piscesae_isolate_ind11_scaffold48__whole_genome_shotgun_sequence]
	Loaded [endosymbiont_of_Ridgeia_piscesae_NZ_KQ557163.1_Endosymbiont_of_Ridgeia_piscesae_isolate_ind11_scaffold49__whole_genome_shotgun_sequence]
	Loaded [endosymbiont_of_Ridgeia_piscesae_NZ_KQ557164.1_Endosymbiont_of_Ridgeia_piscesae_isolate_ind11_scaffold50__whole_genome_shotgun_sequence]
	Loaded [endosymbiont_of_Ridgeia_piscesae_NZ_KQ557165.1_Endosymbiont_of_Ridgeia_piscesae_isolate_ind11_scaffold51__whole_genome_shotgun_sequence]
	Loaded [endosymbiont_of_Ridgeia_piscesae_NZ_KQ557166.1_Endosymbiont_of_Ridgeia_piscesae_isolate_ind11_scaffold52__whole_genome_shotgun_sequence]
	Loaded [endosymbiont_of_Ridgeia_piscesae_NZ_KQ557167.1_Endosymbiont_of_Ridgeia_piscesae_isolate_ind11_scaffold53__whole_genome_shotgun_sequence]
	Loaded [endosymbiont_of_Ridgeia_piscesae_NZ_KQ557168.1_Endosymbiont_of_Ridgeia_piscesae_isolate_ind11_scaffold54__whole_genome_shotgun_sequence]
	Loaded [endosymbiont_of_Ridgeia_piscesae_NZ_KQ557169.1_Endosymbiont_of_Ridgeia_piscesae_isolate_ind11_scaffold55__whole_genome_shotgun_sequence]
	Loaded [endosymbiont_of_Ridgeia_piscesae_NZ_KQ557170.1_Endosymbiont_of_Ridgeia_piscesae_isolate_ind11_scaffold56__whole_genome_shotgun_sequence]
	Loaded [endosymbiont_of_Ridgeia_piscesae_NZ_KQ557171.1_Endosymbiont_of_Ridgeia_piscesae_isolate_ind11_scaffold57__whole_genome_shotgun_sequence]
	Loaded [endosymbiont_of_Ridgeia_piscesae_NZ_KQ557172.1_Endosymbiont_of_Ridgeia_piscesae_isolate_ind11_scaffold58__whole_genome_shotgun_sequence]
	Loaded [endosymbiont_of_Ridgeia_piscesae_NZ_KQ557173.1_Endosymbiont_of_Ridgeia_piscesae_isolate_ind11_scaffold59__whole_genome_shotgun_sequence]
	Loaded [endosymbiont_of_Ridgeia_piscesae_NZ_KQ557174.1_Endosymbiont_of_Ridgeia_piscesae_isolate_ind11_scaffold60__whole_genome_shotgun_sequence]
	Loaded [endosymbiont_of_Ridgeia_piscesae_NZ_KQ557175.1_Endosymbiont_of_Ridgeia_piscesae_isolate_ind11_scaffold61__whole_genome_shotgun_sequence]
	Loaded [endosymbiont_of_Ridgeia_piscesae_NZ_KQ557176.1_Endosymbiont_of_Ridgeia_piscesae_isolate_ind11_scaffold62__whole_genome_shotgun_sequence]
	Loaded [endosymbiont_of_Ridgeia_piscesae_NZ_KQ557177.1_Endosymbiont_of_Ridgeia_piscesae_isolate_ind11_scaffold63__whole_genome_shotgun_sequence]
	Loaded [endosymbiont_of_Ridgeia_piscesae_NZ_KQ557178.1_Endosymbiont_of_Ridgeia_piscesae_isolate_ind11_scaffold64__whole_genome_shotgun_sequence]
	Loaded [endosymbiont_of_Ridgeia_piscesae_NZ_KQ557179.1_Endosymbiont_of_Ridgeia_piscesae_isolate_ind11_scaffold65__whole_genome_shotgun_sequence]
	Loaded [endosymbiont_of_Ridgeia_piscesae_NZ_KQ557180.1_Endosymbiont_of_Ridgeia_piscesae_isolate_ind11_scaffold66__whole_genome_shotgun_sequence]
	Loaded [endosymbiont_of_Ridgeia_piscesae_NZ_KQ557181.1_Endosymbiont_of_Ridgeia_piscesae_isolate_ind11_scaffold67__whole_genome_shotgun_sequence]
	Loaded [endosymbiont_of_Ridgeia_piscesae_NZ_KQ557182.1_Endosymbiont_of_Ridgeia_piscesae_isolate_ind11_scaffold68__whole_genome_shotgun_sequence]
	Loaded [endosymbiont_of_Ridgeia_piscesae_NZ_KQ557183.1_Endosymbiont_of_Ridgeia_piscesae_isolate_ind11_scaffold69__whole_genome_shotgun_sequence]
	Loaded [endosymbiont_of_Ridgeia_piscesae_NZ_KQ557184.1_Endosymbiont_of_Ridgeia_piscesae_isolate_ind11_scaffold70__whole_genome_shotgun_sequence]
	Loaded [endosymbiont_of_Ridgeia_piscesae_NZ_KQ557185.1_Endosymbiont_of_Ridgeia_piscesae_isolate_ind11_scaffold71__whole_genome_shotgun_sequence]
	Loaded [endosymbiont_of_Ridgeia_piscesae_NZ_KQ557186.1_Endosymbiont_of_Ridgeia_piscesae_isolate_ind11_scaffold72__whole_genome_shotgun_sequence]
	Loaded [endosymbiont_of_Ridgeia_piscesae_NZ_KQ557187.1_Endosymbiont_of_Ridgeia_piscesae_isolate_ind11_scaffold73__whole_genome_shotgun_sequence]
	Loaded [endosymbiont_of_Ridgeia_piscesae_NZ_KQ557188.1_Endosymbiont_of_Ridgeia_piscesae_isolate_ind11_scaffold74__whole_genome_shotgun_sequence]
	Loaded [endosymbiont_of_Ridgeia_piscesae_NZ_KQ557189.1_Endosymbiont_of_Ridgeia_piscesae_isolate_ind11_scaffold75__whole_genome_shotgun_sequence]
	Loaded [endosymbiont_of_Ridgeia_piscesae_NZ_KQ557190.1_Endosymbiont_of_Ridgeia_piscesae_isolate_ind11_scaffold76__whole_genome_shotgun_sequence]
	Loaded [endosymbiont_of_Ridgeia_piscesae_NZ_KQ557191.1_Endosymbiont_of_Ridgeia_piscesae_isolate_ind11_scaffold77__whole_genome_shotgun_sequence]
	Loaded [endosymbiont_of_Ridgeia_piscesae_NZ_KQ557192.1_Endosymbiont_of_Ridgeia_piscesae_isolate_ind11_scaffold78__whole_genome_shotgun_sequence]
	Loaded [endosymbiont_of_Ridgeia_piscesae_NZ_KQ557193.1_Endosymbiont_of_Ridgeia_piscesae_isolate_ind11_scaffold79__whole_genome_shotgun_sequence]
	Loaded [endosymbiont_of_Ridgeia_piscesae_NZ_KQ557194.1_Endosymbiont_of_Ridgeia_piscesae_isolate_ind11_scaffold80__whole_genome_shotgun_sequence]
	Loaded [endosymbiont_of_Ridgeia_piscesae_NZ_KQ557195.1_Endosymbiont_of_Ridgeia_piscesae_isolate_ind11_scaffold81__whole_genome_shotgun_sequence]
	Loaded [endosymbiont_of_Ridgeia_piscesae_NZ_KQ557196.1_Endosymbiont_of_Ridgeia_piscesae_isolate_ind11_scaffold82__whole_genome_shotgun_sequence]
	Loaded [endosymbiont_of_Ridgeia_piscesae_NZ_KQ557197.1_Endosymbiont_of_Ridgeia_piscesae_isolate_ind11_scaffold83__whole_genome_shotgun_sequence]
	Loaded [endosymbiont_of_Ridgeia_piscesae_NZ_KQ557198.1_Endosymbiont_of_Ridgeia_piscesae_isolate_ind11_scaffold84__whole_genome_shotgun_sequence]
	Loaded [endosymbiont_of_Ridgeia_piscesae_NZ_KQ557199.1_Endosymbiont_of_Ridgeia_piscesae_isolate_ind11_scaffold85__whole_genome_shotgun_sequence]
	Loaded [endosymbiont_of_Ridgeia_piscesae_NZ_KQ557200.1_Endosymbiont_of_Ridgeia_piscesae_isolate_ind11_scaffold86__whole_genome_shotgun_sequence]
Loading SNPs...
	Total Regions: 86
	Total Region Length: 3442017
Analyzing contigs...
CONTIG: k105_69360_flag_1_multi_13.0000_len_669 (669bp)
Best alignment score: 209.0 (LEN: 215, IDY: 97.21)
			The best set is below. Score: 209.0, number of alignments: 1, unaligned bases: 454
		Alignment: 5797 6011 | 455 669 | 215 215 | 97.21 | endosymbiont_of_Ridgeia_piscesae_NZ_KQ557152.1_Endosymbiont_of_Ridgeia_piscesae_isolate_ind11_scaffold38__whole_genome_shotgun_sequence k105_69360_flag_1_multi_13.0000_len_669

CONTIG: k105_130751_flag_1_multi_8.0000_len_502 (502bp)
Best alignment score: 193.0 (LEN: 200, IDY: 96.50)
			The best set is below. Score: 193.0, number of alignments: 1, unaligned bases: 302
		Alignment: 5804 6001 | 303 502 | 198 200 | 96.5 | endosymbiont_of_Ridgeia_piscesae_NZ_KQ557152.1_Endosymbiont_of_Ridgeia_piscesae_isolate_ind11_scaffold38__whole_genome_shotgun_sequence k105_130751_flag_1_multi_8.0000_len_502

CONTIG: k105_69986_flag_1_multi_1.8607_len_622 (622bp)
Best alignment score: 92.0 (LEN: 94, IDY: 97.87)
			The best set is below. Score: 92.0, number of alignments: 1, unaligned bases: 528
		Alignment: 32020 32113 | 520 427 | 94 94 | 97.87 | endosymbiont_of_Ridgeia_piscesae_NZ_KQ557126.1_Endosymbiont_of_Ridgeia_piscesae_isolate_ind11_scaffold12__whole_genome_shotgun_sequence k105_69986_flag_1_multi_1.8607_len_622

Analyzing coverage...
Writing SNPs into /home/crisdu/analyses_done/2.5_metaq/runs_per_reference/endosymbiont_of_Ridgeia_piscesae/contigs_reports/nucmer_output/final-contigs.used_snps.gz
WARNING: Reference endosymbiont_of_Ridgeia_piscesae_NZ_KQ557175.1_Endosymbiont_of_Ridgeia_piscesae_isolate_ind11_scaffold61__whole_genome_shotgun_sequence does not have any alignments! 
WARNING: Reference endosymbiont_of_Ridgeia_piscesae_NZ_KQ557194.1_Endosymbiont_of_Ridgeia_piscesae_isolate_ind11_scaffold80__whole_genome_shotgun_sequence does not have any alignments! 
WARNING: Reference endosymbiont_of_Ridgeia_piscesae_NZ_KQ557183.1_Endosymbiont_of_Ridgeia_piscesae_isolate_ind11_scaffold69__whole_genome_shotgun_sequence does not have any alignments! 
WARNING: Reference endosymbiont_of_Ridgeia_piscesae_NZ_KQ557155.1_Endosymbiont_of_Ridgeia_piscesae_isolate_ind11_scaffold41__whole_genome_shotgun_sequence does not have any alignments! 
WARNING: Reference endosymbiont_of_Ridgeia_piscesae_NZ_KQ557121.1_Endosymbiont_of_Ridgeia_piscesae_isolate_ind11_scaffold7__whole_genome_shotgun_sequence does not have any alignments! 
WARNING: Reference endosymbiont_of_Ridgeia_piscesae_NZ_KQ557140.1_Endosymbiont_of_Ridgeia_piscesae_isolate_ind11_scaffold26__whole_genome_shotgun_sequence does not have any alignments! 
WARNING: Reference endosymbiont_of_Ridgeia_piscesae_NZ_KQ557174.1_Endosymbiont_of_Ridgeia_piscesae_isolate_ind11_scaffold60__whole_genome_shotgun_sequence does not have any alignments! 
WARNING: Reference endosymbiont_of_Ridgeia_piscesae_NZ_KQ557164.1_Endosymbiont_of_Ridgeia_piscesae_isolate_ind11_scaffold50__whole_genome_shotgun_sequence does not have any alignments! 
WARNING: Reference endosymbiont_of_Ridgeia_piscesae_NZ_KQ557125.1_Endosymbiont_of_Ridgeia_piscesae_isolate_ind11_scaffold11__whole_genome_shotgun_sequence does not have any alignments! 
WARNING: Reference endosymbiont_of_Ridgeia_piscesae_NZ_KQ557116.1_Endosymbiont_of_Ridgeia_piscesae_isolate_ind11_scaffold2__whole_genome_shotgun_sequence does not have any alignments! 
WARNING: Reference endosymbiont_of_Ridgeia_piscesae_NZ_KQ557192.1_Endosymbiont_of_Ridgeia_piscesae_isolate_ind11_scaffold78__whole_genome_shotgun_sequence does not have any alignments! 
WARNING: Reference endosymbiont_of_Ridgeia_piscesae_NZ_KQ557149.1_Endosymbiont_of_Ridgeia_piscesae_isolate_ind11_scaffold35__whole_genome_shotgun_sequence does not have any alignments! 
WARNING: Reference endosymbiont_of_Ridgeia_piscesae_NZ_KQ557148.1_Endosymbiont_of_Ridgeia_piscesae_isolate_ind11_scaffold34__whole_genome_shotgun_sequence does not have any alignments! 
WARNING: Reference endosymbiont_of_Ridgeia_piscesae_NZ_KQ557158.1_Endosymbiont_of_Ridgeia_piscesae_isolate_ind11_scaffold44__whole_genome_shotgun_sequence does not have any alignments! 
WARNING: Reference endosymbiont_of_Ridgeia_piscesae_NZ_KQ557153.1_Endosymbiont_of_Ridgeia_piscesae_isolate_ind11_scaffold39__whole_genome_shotgun_sequence does not have any alignments! 
WARNING: Reference endosymbiont_of_Ridgeia_piscesae_NZ_KQ557173.1_Endosymbiont_of_Ridgeia_piscesae_isolate_ind11_scaffold59__whole_genome_shotgun_sequence does not have any alignments! 
WARNING: Reference endosymbiont_of_Ridgeia_piscesae_NZ_KQ557157.1_Endosymbiont_of_Ridgeia_piscesae_isolate_ind11_scaffold43__whole_genome_shotgun_sequence does not have any alignments! 
WARNING: Reference endosymbiont_of_Ridgeia_piscesae_NZ_KQ557124.1_Endosymbiont_of_Ridgeia_piscesae_isolate_ind11_scaffold10__whole_genome_shotgun_sequence does not have any alignments! 
	Reference endosymbiont_of_Ridgeia_piscesae_NZ_KQ557152.1_Endosymbiont_of_Ridgeia_piscesae_isolate_ind11_scaffold38__whole_genome_shotgun_sequence: 2 total alignments. 1 total regions.
		Region: 1 to 19620 (19620 bp)
			START in gap: 1 to 5797 (5796 bp)
			Align 1: 5797 6011 k105_69360_flag_1_multi_13.0000_len_669 455 669
				The next alignment (5804 6001 k105_130751_flag_1_multi_8.0000_len_502 303 502) is redundant. Skipping.

WARNING: Reference endosymbiont_of_Ridgeia_piscesae_NZ_KQ557178.1_Endosymbiont_of_Ridgeia_piscesae_isolate_ind11_scaffold64__whole_genome_shotgun_sequence does not have any alignments! 
WARNING: Reference endosymbiont_of_Ridgeia_piscesae_NZ_KQ557117.1_Endosymbiont_of_Ridgeia_piscesae_isolate_ind11_scaffold3__whole_genome_shotgun_sequence does not have any alignments! 
WARNING: Reference endosymbiont_of_Ridgeia_piscesae_NZ_KQ557199.1_Endosymbiont_of_Ridgeia_piscesae_isolate_ind11_scaffold85__whole_genome_shotgun_sequence does not have any alignments! 
WARNING: Reference endosymbiont_of_Ridgeia_piscesae_NZ_KQ557122.1_Endosymbiont_of_Ridgeia_piscesae_isolate_ind11_scaffold8__whole_genome_shotgun_sequence does not have any alignments! 
WARNING: Reference endosymbiont_of_Ridgeia_piscesae_NZ_KQ557186.1_Endosymbiont_of_Ridgeia_piscesae_isolate_ind11_scaffold72__whole_genome_shotgun_sequence does not have any alignments! 
WARNING: Reference endosymbiont_of_Ridgeia_piscesae_NZ_KQ557132.1_Endosymbiont_of_Ridgeia_piscesae_isolate_ind11_scaffold18__whole_genome_shotgun_sequence does not have any alignments! 
WARNING: Reference endosymbiont_of_Ridgeia_piscesae_NZ_KQ557169.1_Endosymbiont_of_Ridgeia_piscesae_isolate_ind11_scaffold55__whole_genome_shotgun_sequence does not have any alignments! 
WARNING: Reference endosymbiont_of_Ridgeia_piscesae_NZ_KQ557182.1_Endosymbiont_of_Ridgeia_piscesae_isolate_ind11_scaffold68__whole_genome_shotgun_sequence does not have any alignments! 
WARNING: Reference endosymbiont_of_Ridgeia_piscesae_NZ_KQ557181.1_Endosymbiont_of_Ridgeia_piscesae_isolate_ind11_scaffold67__whole_genome_shotgun_sequence does not have any alignments! 
WARNING: Reference endosymbiont_of_Ridgeia_piscesae_NZ_KQ557187.1_Endosymbiont_of_Ridgeia_piscesae_isolate_ind11_scaffold73__whole_genome_shotgun_sequence does not have any alignments! 
WARNING: Reference endosymbiont_of_Ridgeia_piscesae_NZ_KQ557162.1_Endosymbiont_of_Ridgeia_piscesae_isolate_ind11_scaffold48__whole_genome_shotgun_sequence does not have any alignments! 
WARNING: Reference endosymbiont_of_Ridgeia_piscesae_NZ_KQ557196.1_Endosymbiont_of_Ridgeia_piscesae_isolate_ind11_scaffold82__whole_genome_shotgun_sequence does not have any alignments! 
WARNING: Reference endosymbiont_of_Ridgeia_piscesae_NZ_KQ557190.1_Endosymbiont_of_Ridgeia_piscesae_isolate_ind11_scaffold76__whole_genome_shotgun_sequence does not have any alignments! 
WARNING: Reference endosymbiont_of_Ridgeia_piscesae_NZ_KQ557144.1_Endosymbiont_of_Ridgeia_piscesae_isolate_ind11_scaffold30__whole_genome_shotgun_sequence does not have any alignments! 
WARNING: Reference endosymbiont_of_Ridgeia_piscesae_NZ_KQ557137.1_Endosymbiont_of_Ridgeia_piscesae_isolate_ind11_scaffold23__whole_genome_shotgun_sequence does not have any alignments! 
WARNING: Reference endosymbiont_of_Ridgeia_piscesae_NZ_KQ557150.1_Endosymbiont_of_Ridgeia_piscesae_isolate_ind11_scaffold36__whole_genome_shotgun_sequence does not have any alignments! 
WARNING: Reference endosymbiont_of_Ridgeia_piscesae_NZ_KQ557128.1_Endosymbiont_of_Ridgeia_piscesae_isolate_ind11_scaffold14__whole_genome_shotgun_sequence does not have any alignments! 
WARNING: Reference endosymbiont_of_Ridgeia_piscesae_NZ_KQ557131.1_Endosymbiont_of_Ridgeia_piscesae_isolate_ind11_scaffold17__whole_genome_shotgun_sequence does not have any alignments! 
WARNING: Reference endosymbiont_of_Ridgeia_piscesae_NZ_KQ557138.1_Endosymbiont_of_Ridgeia_piscesae_isolate_ind11_scaffold24__whole_genome_shotgun_sequence does not have any alignments! 
WARNING: Reference endosymbiont_of_Ridgeia_piscesae_NZ_KQ557168.1_Endosymbiont_of_Ridgeia_piscesae_isolate_ind11_scaffold54__whole_genome_shotgun_sequence does not have any alignments! 
WARNING: Reference endosymbiont_of_Ridgeia_piscesae_NZ_KQ557154.1_Endosymbiont_of_Ridgeia_piscesae_isolate_ind11_scaffold40__whole_genome_shotgun_sequence does not have any alignments! 
WARNING: Reference endosymbiont_of_Ridgeia_piscesae_NZ_KQ557129.1_Endosymbiont_of_Ridgeia_piscesae_isolate_ind11_scaffold15__whole_genome_shotgun_sequence does not have any alignments! 
WARNING: Reference endosymbiont_of_Ridgeia_piscesae_NZ_KQ557146.1_Endosymbiont_of_Ridgeia_piscesae_isolate_ind11_scaffold32__whole_genome_shotgun_sequence does not have any alignments! 
WARNING: Reference endosymbiont_of_Ridgeia_piscesae_NZ_KQ557172.1_Endosymbiont_of_Ridgeia_piscesae_isolate_ind11_scaffold58__whole_genome_shotgun_sequence does not have any alignments! 
WARNING: Reference endosymbiont_of_Ridgeia_piscesae_NZ_KQ557143.1_Endosymbiont_of_Ridgeia_piscesae_isolate_ind11_scaffold29__whole_genome_shotgun_sequence does not have any alignments! 
WARNING: Reference endosymbiont_of_Ridgeia_piscesae_NZ_KQ557141.1_Endosymbiont_of_Ridgeia_piscesae_isolate_ind11_scaffold27__whole_genome_shotgun_sequence does not have any alignments! 
WARNING: Reference endosymbiont_of_Ridgeia_piscesae_NZ_KQ557119.1_Endosymbiont_of_Ridgeia_piscesae_isolate_ind11_scaffold5__whole_genome_shotgun_sequence does not have any alignments! 
WARNING: Reference endosymbiont_of_Ridgeia_piscesae_NZ_KQ557191.1_Endosymbiont_of_Ridgeia_piscesae_isolate_ind11_scaffold77__whole_genome_shotgun_sequence does not have any alignments! 
WARNING: Reference endosymbiont_of_Ridgeia_piscesae_NZ_KQ557167.1_Endosymbiont_of_Ridgeia_piscesae_isolate_ind11_scaffold53__whole_genome_shotgun_sequence does not have any alignments! 
WARNING: Reference endosymbiont_of_Ridgeia_piscesae_NZ_KQ557198.1_Endosymbiont_of_Ridgeia_piscesae_isolate_ind11_scaffold84__whole_genome_shotgun_sequence does not have any alignments! 
WARNING: Reference endosymbiont_of_Ridgeia_piscesae_NZ_KQ557166.1_Endosymbiont_of_Ridgeia_piscesae_isolate_ind11_scaffold52__whole_genome_shotgun_sequence does not have any alignments! 
WARNING: Reference endosymbiont_of_Ridgeia_piscesae_NZ_KQ557118.1_Endosymbiont_of_Ridgeia_piscesae_isolate_ind11_scaffold4__whole_genome_shotgun_sequence does not have any alignments! 
WARNING: Reference endosymbiont_of_Ridgeia_piscesae_NZ_KQ557139.1_Endosymbiont_of_Ridgeia_piscesae_isolate_ind11_scaffold25__whole_genome_shotgun_sequence does not have any alignments! 
	Reference endosymbiont_of_Ridgeia_piscesae_NZ_KQ557126.1_Endosymbiont_of_Ridgeia_piscesae_isolate_ind11_scaffold12__whole_genome_shotgun_sequence: 1 total alignments. 1 total regions.
		Region: 1 to 98883 (98883 bp)
			START in gap: 1 to 32020 (32019 bp)
			Align 1: 32020 32113 k105_69986_flag_1_multi_1.8607_len_622 520 427
			END in gap: 32113 to 98883 (66770 bp).

WARNING: Reference endosymbiont_of_Ridgeia_piscesae_NZ_KQ557193.1_Endosymbiont_of_Ridgeia_piscesae_isolate_ind11_scaffold79__whole_genome_shotgun_sequence does not have any alignments! 
WARNING: Reference endosymbiont_of_Ridgeia_piscesae_NZ_KQ557179.1_Endosymbiont_of_Ridgeia_piscesae_isolate_ind11_scaffold65__whole_genome_shotgun_sequence does not have any alignments! 
WARNING: Reference endosymbiont_of_Ridgeia_piscesae_NZ_KQ557120.1_Endosymbiont_of_Ridgeia_piscesae_isolate_ind11_scaffold6__whole_genome_shotgun_sequence does not have any alignments! 
WARNING: Reference endosymbiont_of_Ridgeia_piscesae_NZ_KQ557176.1_Endosymbiont_of_Ridgeia_piscesae_isolate_ind11_scaffold62__whole_genome_shotgun_sequence does not have any alignments! 
WARNING: Reference endosymbiont_of_Ridgeia_piscesae_NZ_KQ557171.1_Endosymbiont_of_Ridgeia_piscesae_isolate_ind11_scaffold57__whole_genome_shotgun_sequence does not have any alignments! 
WARNING: Reference endosymbiont_of_Ridgeia_piscesae_NZ_KQ557180.1_Endosymbiont_of_Ridgeia_piscesae_isolate_ind11_scaffold66__whole_genome_shotgun_sequence does not have any alignments! 
WARNING: Reference endosymbiont_of_Ridgeia_piscesae_NZ_KQ557165.1_Endosymbiont_of_Ridgeia_piscesae_isolate_ind11_scaffold51__whole_genome_shotgun_sequence does not have any alignments! 
WARNING: Reference endosymbiont_of_Ridgeia_piscesae_NZ_KQ557136.1_Endosymbiont_of_Ridgeia_piscesae_isolate_ind11_scaffold22__whole_genome_shotgun_sequence does not have any alignments! 
WARNING: Reference endosymbiont_of_Ridgeia_piscesae_NZ_KQ557161.1_Endosymbiont_of_Ridgeia_piscesae_isolate_ind11_scaffold47__whole_genome_shotgun_sequence does not have any alignments! 
WARNING: Reference endosymbiont_of_Ridgeia_piscesae_NZ_KQ557135.1_Endosymbiont_of_Ridgeia_piscesae_isolate_ind11_scaffold21__whole_genome_shotgun_sequence does not have any alignments! 
WARNING: Reference endosymbiont_of_Ridgeia_piscesae_NZ_KQ557151.1_Endosymbiont_of_Ridgeia_piscesae_isolate_ind11_scaffold37__whole_genome_shotgun_sequence does not have any alignments! 
WARNING: Reference endosymbiont_of_Ridgeia_piscesae_NZ_KQ557159.1_Endosymbiont_of_Ridgeia_piscesae_isolate_ind11_scaffold45__whole_genome_shotgun_sequence does not have any alignments! 
WARNING: Reference endosymbiont_of_Ridgeia_piscesae_NZ_KQ557200.1_Endosymbiont_of_Ridgeia_piscesae_isolate_ind11_scaffold86__whole_genome_shotgun_sequence does not have any alignments! 
WARNING: Reference endosymbiont_of_Ridgeia_piscesae_NZ_KQ557177.1_Endosymbiont_of_Ridgeia_piscesae_isolate_ind11_scaffold63__whole_genome_shotgun_sequence does not have any alignments! 
WARNING: Reference endosymbiont_of_Ridgeia_piscesae_NZ_KQ557197.1_Endosymbiont_of_Ridgeia_piscesae_isolate_ind11_scaffold83__whole_genome_shotgun_sequence does not have any alignments! 
WARNING: Reference endosymbiont_of_Ridgeia_piscesae_NZ_KQ557142.1_Endosymbiont_of_Ridgeia_piscesae_isolate_ind11_scaffold28__whole_genome_shotgun_sequence does not have any alignments! 
WARNING: Reference endosymbiont_of_Ridgeia_piscesae_NZ_KQ557127.1_Endosymbiont_of_Ridgeia_piscesae_isolate_ind11_scaffold13__whole_genome_shotgun_sequence does not have any alignments! 
WARNING: Reference endosymbiont_of_Ridgeia_piscesae_NZ_KQ557185.1_Endosymbiont_of_Ridgeia_piscesae_isolate_ind11_scaffold71__whole_genome_shotgun_sequence does not have any alignments! 
WARNING: Reference endosymbiont_of_Ridgeia_piscesae_NZ_KQ557133.1_Endosymbiont_of_Ridgeia_piscesae_isolate_ind11_scaffold19__whole_genome_shotgun_sequence does not have any alignments! 
WARNING: Reference endosymbiont_of_Ridgeia_piscesae_NZ_KQ557145.1_Endosymbiont_of_Ridgeia_piscesae_isolate_ind11_scaffold31__whole_genome_shotgun_sequence does not have any alignments! 
WARNING: Reference endosymbiont_of_Ridgeia_piscesae_NZ_KQ557184.1_Endosymbiont_of_Ridgeia_piscesae_isolate_ind11_scaffold70__whole_genome_shotgun_sequence does not have any alignments! 
WARNING: Reference endosymbiont_of_Ridgeia_piscesae_NZ_KQ557156.1_Endosymbiont_of_Ridgeia_piscesae_isolate_ind11_scaffold42__whole_genome_shotgun_sequence does not have any alignments! 
WARNING: Reference endosymbiont_of_Ridgeia_piscesae_NZ_KQ557115.1_Endosymbiont_of_Ridgeia_piscesae_isolate_ind11_scaffold1__whole_genome_shotgun_sequence does not have any alignments! 
WARNING: Reference endosymbiont_of_Ridgeia_piscesae_NZ_KQ557189.1_Endosymbiont_of_Ridgeia_piscesae_isolate_ind11_scaffold75__whole_genome_shotgun_sequence does not have any alignments! 
WARNING: Reference endosymbiont_of_Ridgeia_piscesae_NZ_KQ557195.1_Endosymbiont_of_Ridgeia_piscesae_isolate_ind11_scaffold81__whole_genome_shotgun_sequence does not have any alignments! 
WARNING: Reference endosymbiont_of_Ridgeia_piscesae_NZ_KQ557188.1_Endosymbiont_of_Ridgeia_piscesae_isolate_ind11_scaffold74__whole_genome_shotgun_sequence does not have any alignments! 
WARNING: Reference endosymbiont_of_Ridgeia_piscesae_NZ_KQ557130.1_Endosymbiont_of_Ridgeia_piscesae_isolate_ind11_scaffold16__whole_genome_shotgun_sequence does not have any alignments! 
WARNING: Reference endosymbiont_of_Ridgeia_piscesae_NZ_KQ557123.1_Endosymbiont_of_Ridgeia_piscesae_isolate_ind11_scaffold9__whole_genome_shotgun_sequence does not have any alignments! 
WARNING: Reference endosymbiont_of_Ridgeia_piscesae_NZ_KQ557160.1_Endosymbiont_of_Ridgeia_piscesae_isolate_ind11_scaffold46__whole_genome_shotgun_sequence does not have any alignments! 
WARNING: Reference endosymbiont_of_Ridgeia_piscesae_NZ_KQ557147.1_Endosymbiont_of_Ridgeia_piscesae_isolate_ind11_scaffold33__whole_genome_shotgun_sequence does not have any alignments! 
WARNING: Reference endosymbiont_of_Ridgeia_piscesae_NZ_KQ557163.1_Endosymbiont_of_Ridgeia_piscesae_isolate_ind11_scaffold49__whole_genome_shotgun_sequence does not have any alignments! 
WARNING: Reference endosymbiont_of_Ridgeia_piscesae_NZ_KQ557134.1_Endosymbiont_of_Ridgeia_piscesae_isolate_ind11_scaffold20__whole_genome_shotgun_sequence does not have any alignments! 
WARNING: Reference endosymbiont_of_Ridgeia_piscesae_NZ_KQ557170.1_Endosymbiont_of_Ridgeia_piscesae_isolate_ind11_scaffold56__whole_genome_shotgun_sequence does not have any alignments! 
Analysis is finished!
Founded SNPs were written into /home/crisdu/analyses_done/2.5_metaq/runs_per_reference/endosymbiont_of_Ridgeia_piscesae/contigs_reports/nucmer_output/final-contigs.used_snps.gz

Results:
	Local Misassemblies: 0
	Misassemblies: 0
		Relocations: 0
		Translocations: 0
		Inversions: 0
	Fake misassemblies matched with structural variations: 0
	Misassembled Contigs: 0
	Misassembled Contig Bases: 0
	Misassemblies Inter-Contig Overlap: 0
Uncovered Regions: 0 (0)
Unaligned Contigs: 0 + 0 part
Half Unaligned Contigs with Misassemblies: 0
Unaligned Contig Bases: 0

Ambiguously Mapped Contigs: 0
Total Bases in Ambiguously Mapped Contigs: 0
Extra Bases in Ambiguously Mapped Contigs: 0
Note that --allow-ambiguity option was set to "one" and only first alignment per each of these contigs was used.

	Covered Bases: 309

	SNPs: 8
	Insertions: 0
	Deletions: 0

	Positive Gaps: 3
		Internal Gaps: 0
		External Gaps: 3
		External Gap Total: 104585
		External Gap Average: 34862
	Negative Gaps: 0
		Internal Overlaps: 0
		External Overlaps: 0
		External Overlaps Total: 0
		External Overlaps Average: 0
	Contigs with Redundant Alignments: 1 (198)
