gnuplot 4.6 patchlevel 2
Aligning contigs to reference...
	Aligning contigs to the reference
Parsing coords...
Loading reference...
	Loaded [gamma_proteobacterium_SCGC_AB-629-P17_KB889757.1_gamma_proteobacterium_SCGC_AB-629-P17_genomic_scaffold_A3OADRAFT_scaffold_0.1__whole_genome_shotgun_sequence]
	Loaded [gamma_proteobacterium_SCGC_AB-629-P17_KB889758.1_gamma_proteobacterium_SCGC_AB-629-P17_genomic_scaffold_A3OADRAFT_scaffold_1.2__whole_genome_shotgun_sequence]
	Loaded [gamma_proteobacterium_SCGC_AB-629-P17_KB889759.1_gamma_proteobacterium_SCGC_AB-629-P17_genomic_scaffold_A3OADRAFT_scaffold_10.11__whole_genome_shotgun_sequence]
	Loaded [gamma_proteobacterium_SCGC_AB-629-P17_KB889760.1_gamma_proteobacterium_SCGC_AB-629-P17_genomic_scaffold_A3OADRAFT_scaffold_11.12__whole_genome_shotgun_sequence]
	Loaded [gamma_proteobacterium_SCGC_AB-629-P17_KB889761.1_gamma_proteobacterium_SCGC_AB-629-P17_genomic_scaffold_A3OADRAFT_scaffold_12.13__whole_genome_shotgun_sequence]
	Loaded [gamma_proteobacterium_SCGC_AB-629-P17_KB889762.1_gamma_proteobacterium_SCGC_AB-629-P17_genomic_scaffold_A3OADRAFT_scaffold_13.14__whole_genome_shotgun_sequence]
	Loaded [gamma_proteobacterium_SCGC_AB-629-P17_KB889763.1_gamma_proteobacterium_SCGC_AB-629-P17_genomic_scaffold_A3OADRAFT_scaffold_14.15__whole_genome_shotgun_sequence]
	Loaded [gamma_proteobacterium_SCGC_AB-629-P17_KB889764.1_gamma_proteobacterium_SCGC_AB-629-P17_genomic_scaffold_A3OADRAFT_scaffold_15.16__whole_genome_shotgun_sequence]
	Loaded [gamma_proteobacterium_SCGC_AB-629-P17_KB889765.1_gamma_proteobacterium_SCGC_AB-629-P17_genomic_scaffold_A3OADRAFT_scaffold_16.17__whole_genome_shotgun_sequence]
	Loaded [gamma_proteobacterium_SCGC_AB-629-P17_KB889766.1_gamma_proteobacterium_SCGC_AB-629-P17_genomic_scaffold_A3OADRAFT_scaffold_17.18__whole_genome_shotgun_sequence]
	Loaded [gamma_proteobacterium_SCGC_AB-629-P17_KB889767.1_gamma_proteobacterium_SCGC_AB-629-P17_genomic_scaffold_A3OADRAFT_scaffold_18.19__whole_genome_shotgun_sequence]
	Loaded [gamma_proteobacterium_SCGC_AB-629-P17_KB889768.1_gamma_proteobacterium_SCGC_AB-629-P17_genomic_scaffold_A3OADRAFT_scaffold_19.20__whole_genome_shotgun_sequence]
	Loaded [gamma_proteobacterium_SCGC_AB-629-P17_KB889769.1_gamma_proteobacterium_SCGC_AB-629-P17_genomic_scaffold_A3OADRAFT_scaffold_2.3__whole_genome_shotgun_sequence]
	Loaded [gamma_proteobacterium_SCGC_AB-629-P17_KB889770.1_gamma_proteobacterium_SCGC_AB-629-P17_genomic_scaffold_A3OADRAFT_scaffold_20.21__whole_genome_shotgun_sequence]
	Loaded [gamma_proteobacterium_SCGC_AB-629-P17_KB889771.1_gamma_proteobacterium_SCGC_AB-629-P17_genomic_scaffold_A3OADRAFT_scaffold_21.22__whole_genome_shotgun_sequence]
	Loaded [gamma_proteobacterium_SCGC_AB-629-P17_KB889772.1_gamma_proteobacterium_SCGC_AB-629-P17_genomic_scaffold_A3OADRAFT_scaffold_22.23__whole_genome_shotgun_sequence]
	Loaded [gamma_proteobacterium_SCGC_AB-629-P17_KB889773.1_gamma_proteobacterium_SCGC_AB-629-P17_genomic_scaffold_A3OADRAFT_scaffold_23.24__whole_genome_shotgun_sequence]
	Loaded [gamma_proteobacterium_SCGC_AB-629-P17_KB889774.1_gamma_proteobacterium_SCGC_AB-629-P17_genomic_scaffold_A3OADRAFT_scaffold_24.25__whole_genome_shotgun_sequence]
	Loaded [gamma_proteobacterium_SCGC_AB-629-P17_KB889775.1_gamma_proteobacterium_SCGC_AB-629-P17_genomic_scaffold_A3OADRAFT_scaffold_25.26__whole_genome_shotgun_sequence]
	Loaded [gamma_proteobacterium_SCGC_AB-629-P17_KB889776.1_gamma_proteobacterium_SCGC_AB-629-P17_genomic_scaffold_A3OADRAFT_scaffold_26.27__whole_genome_shotgun_sequence]
	Loaded [gamma_proteobacterium_SCGC_AB-629-P17_KB889777.1_gamma_proteobacterium_SCGC_AB-629-P17_genomic_scaffold_A3OADRAFT_scaffold_27.28__whole_genome_shotgun_sequence]
	Loaded [gamma_proteobacterium_SCGC_AB-629-P17_KB889778.1_gamma_proteobacterium_SCGC_AB-629-P17_genomic_scaffold_A3OADRAFT_scaffold_28.29__whole_genome_shotgun_sequence]
	Loaded [gamma_proteobacterium_SCGC_AB-629-P17_KB889779.1_gamma_proteobacterium_SCGC_AB-629-P17_genomic_scaffold_A3OADRAFT_scaffold_29.30__whole_genome_shotgun_sequence]
	Loaded [gamma_proteobacterium_SCGC_AB-629-P17_KB889780.1_gamma_proteobacterium_SCGC_AB-629-P17_genomic_scaffold_A3OADRAFT_scaffold_3.4__whole_genome_shotgun_sequence]
	Loaded [gamma_proteobacterium_SCGC_AB-629-P17_KB889781.1_gamma_proteobacterium_SCGC_AB-629-P17_genomic_scaffold_A3OADRAFT_scaffold_30.31__whole_genome_shotgun_sequence]
	Loaded [gamma_proteobacterium_SCGC_AB-629-P17_KB889782.1_gamma_proteobacterium_SCGC_AB-629-P17_genomic_scaffold_A3OADRAFT_scaffold_31.32__whole_genome_shotgun_sequence]
	Loaded [gamma_proteobacterium_SCGC_AB-629-P17_KB889783.1_gamma_proteobacterium_SCGC_AB-629-P17_genomic_scaffold_A3OADRAFT_scaffold_32.33__whole_genome_shotgun_sequence]
	Loaded [gamma_proteobacterium_SCGC_AB-629-P17_KB889784.1_gamma_proteobacterium_SCGC_AB-629-P17_genomic_scaffold_A3OADRAFT_scaffold_33.34__whole_genome_shotgun_sequence]
	Loaded [gamma_proteobacterium_SCGC_AB-629-P17_KB889785.1_gamma_proteobacterium_SCGC_AB-629-P17_genomic_scaffold_A3OADRAFT_scaffold_34.35__whole_genome_shotgun_sequence]
	Loaded [gamma_proteobacterium_SCGC_AB-629-P17_KB889786.1_gamma_proteobacterium_SCGC_AB-629-P17_genomic_scaffold_A3OADRAFT_scaffold_35.36__whole_genome_shotgun_sequence]
	Loaded [gamma_proteobacterium_SCGC_AB-629-P17_KB889787.1_gamma_proteobacterium_SCGC_AB-629-P17_genomic_scaffold_A3OADRAFT_scaffold_36.37__whole_genome_shotgun_sequence]
	Loaded [gamma_proteobacterium_SCGC_AB-629-P17_KB889788.1_gamma_proteobacterium_SCGC_AB-629-P17_genomic_scaffold_A3OADRAFT_scaffold_37.38__whole_genome_shotgun_sequence]
	Loaded [gamma_proteobacterium_SCGC_AB-629-P17_KB889789.1_gamma_proteobacterium_SCGC_AB-629-P17_genomic_scaffold_A3OADRAFT_scaffold_38.39__whole_genome_shotgun_sequence]
	Loaded [gamma_proteobacterium_SCGC_AB-629-P17_KB889790.1_gamma_proteobacterium_SCGC_AB-629-P17_genomic_scaffold_A3OADRAFT_scaffold_39.40__whole_genome_shotgun_sequence]
	Loaded [gamma_proteobacterium_SCGC_AB-629-P17_KB889791.1_gamma_proteobacterium_SCGC_AB-629-P17_genomic_scaffold_A3OADRAFT_scaffold_4.5__whole_genome_shotgun_sequence]
	Loaded [gamma_proteobacterium_SCGC_AB-629-P17_KB889792.1_gamma_proteobacterium_SCGC_AB-629-P17_genomic_scaffold_A3OADRAFT_scaffold_40.41__whole_genome_shotgun_sequence]
	Loaded [gamma_proteobacterium_SCGC_AB-629-P17_KB889793.1_gamma_proteobacterium_SCGC_AB-629-P17_genomic_scaffold_A3OADRAFT_scaffold_41.42__whole_genome_shotgun_sequence]
	Loaded [gamma_proteobacterium_SCGC_AB-629-P17_KB889794.1_gamma_proteobacterium_SCGC_AB-629-P17_genomic_scaffold_A3OADRAFT_scaffold_42.43__whole_genome_shotgun_sequence]
	Loaded [gamma_proteobacterium_SCGC_AB-629-P17_KB889795.1_gamma_proteobacterium_SCGC_AB-629-P17_genomic_scaffold_A3OADRAFT_scaffold_43.44__whole_genome_shotgun_sequence]
	Loaded [gamma_proteobacterium_SCGC_AB-629-P17_KB889796.1_gamma_proteobacterium_SCGC_AB-629-P17_genomic_scaffold_A3OADRAFT_scaffold_44.45__whole_genome_shotgun_sequence]
	Loaded [gamma_proteobacterium_SCGC_AB-629-P17_KB889797.1_gamma_proteobacterium_SCGC_AB-629-P17_genomic_scaffold_A3OADRAFT_scaffold_45.46__whole_genome_shotgun_sequence]
	Loaded [gamma_proteobacterium_SCGC_AB-629-P17_KB889798.1_gamma_proteobacterium_SCGC_AB-629-P17_genomic_scaffold_A3OADRAFT_scaffold_46.47__whole_genome_shotgun_sequence]
	Loaded [gamma_proteobacterium_SCGC_AB-629-P17_KB889799.1_gamma_proteobacterium_SCGC_AB-629-P17_genomic_scaffold_A3OADRAFT_scaffold_47.48__whole_genome_shotgun_sequence]
	Loaded [gamma_proteobacterium_SCGC_AB-629-P17_KB889800.1_gamma_proteobacterium_SCGC_AB-629-P17_genomic_scaffold_A3OADRAFT_scaffold_48.49__whole_genome_shotgun_sequence]
	Loaded [gamma_proteobacterium_SCGC_AB-629-P17_KB889801.1_gamma_proteobacterium_SCGC_AB-629-P17_genomic_scaffold_A3OADRAFT_scaffold_49.50__whole_genome_shotgun_sequence]
	Loaded [gamma_proteobacterium_SCGC_AB-629-P17_KB889802.1_gamma_proteobacterium_SCGC_AB-629-P17_genomic_scaffold_A3OADRAFT_scaffold_5.6__whole_genome_shotgun_sequence]
	Loaded [gamma_proteobacterium_SCGC_AB-629-P17_KB889803.1_gamma_proteobacterium_SCGC_AB-629-P17_genomic_scaffold_A3OADRAFT_scaffold_50.51__whole_genome_shotgun_sequence]
	Loaded [gamma_proteobacterium_SCGC_AB-629-P17_KB889804.1_gamma_proteobacterium_SCGC_AB-629-P17_genomic_scaffold_A3OADRAFT_scaffold_51.52__whole_genome_shotgun_sequence]
	Loaded [gamma_proteobacterium_SCGC_AB-629-P17_KB889805.1_gamma_proteobacterium_SCGC_AB-629-P17_genomic_scaffold_A3OADRAFT_scaffold_52.53__whole_genome_shotgun_sequence]
	Loaded [gamma_proteobacterium_SCGC_AB-629-P17_KB889806.1_gamma_proteobacterium_SCGC_AB-629-P17_genomic_scaffold_A3OADRAFT_scaffold_53.54__whole_genome_shotgun_sequence]
	Loaded [gamma_proteobacterium_SCGC_AB-629-P17_KB889807.1_gamma_proteobacterium_SCGC_AB-629-P17_genomic_scaffold_A3OADRAFT_scaffold_54.55__whole_genome_shotgun_sequence]
	Loaded [gamma_proteobacterium_SCGC_AB-629-P17_KB889808.1_gamma_proteobacterium_SCGC_AB-629-P17_genomic_scaffold_A3OADRAFT_scaffold_55.56__whole_genome_shotgun_sequence]
	Loaded [gamma_proteobacterium_SCGC_AB-629-P17_KB889809.1_gamma_proteobacterium_SCGC_AB-629-P17_genomic_scaffold_A3OADRAFT_scaffold_56.57__whole_genome_shotgun_sequence]
	Loaded [gamma_proteobacterium_SCGC_AB-629-P17_KB889810.1_gamma_proteobacterium_SCGC_AB-629-P17_genomic_scaffold_A3OADRAFT_scaffold_57.58__whole_genome_shotgun_sequence]
	Loaded [gamma_proteobacterium_SCGC_AB-629-P17_KB889811.1_gamma_proteobacterium_SCGC_AB-629-P17_genomic_scaffold_A3OADRAFT_scaffold_58.59__whole_genome_shotgun_sequence]
	Loaded [gamma_proteobacterium_SCGC_AB-629-P17_KB889812.1_gamma_proteobacterium_SCGC_AB-629-P17_genomic_scaffold_A3OADRAFT_scaffold_59.60__whole_genome_shotgun_sequence]
	Loaded [gamma_proteobacterium_SCGC_AB-629-P17_KB889813.1_gamma_proteobacterium_SCGC_AB-629-P17_genomic_scaffold_A3OADRAFT_scaffold_6.7__whole_genome_shotgun_sequence]
	Loaded [gamma_proteobacterium_SCGC_AB-629-P17_KB889814.1_gamma_proteobacterium_SCGC_AB-629-P17_genomic_scaffold_A3OADRAFT_scaffold_60.61__whole_genome_shotgun_sequence]
	Loaded [gamma_proteobacterium_SCGC_AB-629-P17_KB889815.1_gamma_proteobacterium_SCGC_AB-629-P17_genomic_scaffold_A3OADRAFT_scaffold_61.62__whole_genome_shotgun_sequence]
	Loaded [gamma_proteobacterium_SCGC_AB-629-P17_KB889816.1_gamma_proteobacterium_SCGC_AB-629-P17_genomic_scaffold_A3OADRAFT_scaffold_62.63__whole_genome_shotgun_sequence]
	Loaded [gamma_proteobacterium_SCGC_AB-629-P17_KB889817.1_gamma_proteobacterium_SCGC_AB-629-P17_genomic_scaffold_A3OADRAFT_scaffold_63.64__whole_genome_shotgun_sequence]
	Loaded [gamma_proteobacterium_SCGC_AB-629-P17_KB889818.1_gamma_proteobacterium_SCGC_AB-629-P17_genomic_scaffold_A3OADRAFT_scaffold_64.65__whole_genome_shotgun_sequence]
	Loaded [gamma_proteobacterium_SCGC_AB-629-P17_KB889819.1_gamma_proteobacterium_SCGC_AB-629-P17_genomic_scaffold_A3OADRAFT_scaffold_65.66__whole_genome_shotgun_sequence]
	Loaded [gamma_proteobacterium_SCGC_AB-629-P17_KB889820.1_gamma_proteobacterium_SCGC_AB-629-P17_genomic_scaffold_A3OADRAFT_scaffold_66.67__whole_genome_shotgun_sequence]
	Loaded [gamma_proteobacterium_SCGC_AB-629-P17_KB889821.1_gamma_proteobacterium_SCGC_AB-629-P17_genomic_scaffold_A3OADRAFT_scaffold_67.68__whole_genome_shotgun_sequence]
	Loaded [gamma_proteobacterium_SCGC_AB-629-P17_KB889822.1_gamma_proteobacterium_SCGC_AB-629-P17_genomic_scaffold_A3OADRAFT_scaffold_68.69__whole_genome_shotgun_sequence]
	Loaded [gamma_proteobacterium_SCGC_AB-629-P17_KB889823.1_gamma_proteobacterium_SCGC_AB-629-P17_genomic_scaffold_A3OADRAFT_scaffold_69.70__whole_genome_shotgun_sequence]
	Loaded [gamma_proteobacterium_SCGC_AB-629-P17_KB889824.1_gamma_proteobacterium_SCGC_AB-629-P17_genomic_scaffold_A3OADRAFT_scaffold_7.8__whole_genome_shotgun_sequence]
	Loaded [gamma_proteobacterium_SCGC_AB-629-P17_KB889825.1_gamma_proteobacterium_SCGC_AB-629-P17_genomic_scaffold_A3OADRAFT_scaffold_8.9__whole_genome_shotgun_sequence]
	Loaded [gamma_proteobacterium_SCGC_AB-629-P17_KB889826.1_gamma_proteobacterium_SCGC_AB-629-P17_genomic_scaffold_A3OADRAFT_scaffold_9.10__whole_genome_shotgun_sequence]
Loading SNPs...
	Total Regions: 70
	Total Region Length: 1424092
Analyzing contigs...
CONTIG: k105_6844_flag_1_multi_4.1899_len_1548 (1548bp)
Best alignment score: 87.0 (LEN: 88, IDY: 98.86)
			Skipping redundant alignments after choosing the best set of alignments
		Skipping redundant alignment 63879 63966 | 1461 1548 | 88 88 | 97.73 | gamma_proteobacterium_SCGC_AB-629-P17_KB889780.1_gamma_proteobacterium_SCGC_AB-629-P17_genomic_scaffold_A3OADRAFT_scaffold_3.4__whole_genome_shotgun_sequence k105_6844_flag_1_multi_4.1899_len_1548
			The best set is below. Score: 87.0, number of alignments: 1, unaligned bases: 1460
		This contig is partially unaligned. (Aligned 88 out of 1548 bases)
		Alignment: 1271 1358 | 1548 1461 | 88 88 | 98.86 | gamma_proteobacterium_SCGC_AB-629-P17_KB889789.1_gamma_proteobacterium_SCGC_AB-629-P17_genomic_scaffold_A3OADRAFT_scaffold_38.39__whole_genome_shotgun_sequence k105_6844_flag_1_multi_4.1899_len_1548
		Unaligned bases: 1 to 1460 (1460)

CONTIG: k105_38286_flag_1_multi_3.7361_len_1003 (1003bp)
Best alignment score: 90.0 (LEN: 94, IDY: 95.74)
			The best set is below. Score: 90.0, number of alignments: 1, unaligned bases: 909
		This contig is partially unaligned. (Aligned 94 out of 1003 bases)
		Alignment: 1259 1352 | 72 165 | 94 94 | 95.74 | gamma_proteobacterium_SCGC_AB-629-P17_KB889789.1_gamma_proteobacterium_SCGC_AB-629-P17_genomic_scaffold_A3OADRAFT_scaffold_38.39__whole_genome_shotgun_sequence k105_38286_flag_1_multi_3.7361_len_1003
		Unaligned bases: 1 to 71 (71)
		Unaligned bases: 166 to 1003 (838)

CONTIG: k105_65713_flag_1_multi_16.7075_len_3777 (3777bp)
Best alignment score: 101.0 (LEN: 106, IDY: 95.33)
			The best set is below. Score: 101.0, number of alignments: 1, unaligned bases: 3671
		This contig is partially unaligned. (Aligned 106 out of 3777 bases)
		Alignment: 1260 1365 | 3777 3672 | 106 106 | 95.33 | gamma_proteobacterium_SCGC_AB-629-P17_KB889789.1_gamma_proteobacterium_SCGC_AB-629-P17_genomic_scaffold_A3OADRAFT_scaffold_38.39__whole_genome_shotgun_sequence k105_65713_flag_1_multi_16.7075_len_3777
		Unaligned bases: 1 to 3671 (3671)

CONTIG: k105_87723_flag_1_multi_1.0000_len_570 (570bp)
Best alignment score: 555.0 (LEN: 570, IDY: 97.37)
		One align captures most of this contig: 7368 7937 | 1 570 | 570 570 | 97.37 | gamma_proteobacterium_SCGC_AB-629-P17_KB889760.1_gamma_proteobacterium_SCGC_AB-629-P17_genomic_scaffold_A3OADRAFT_scaffold_11.12__whole_genome_shotgun_sequence k105_87723_flag_1_multi_1.0000_len_570

Analyzing coverage...
Writing SNPs into /home/crisdu/analyses_done/2.5_metaq/runs_per_reference/gamma_proteobacterium_SCGC_AB-629-P17/contigs_reports/nucmer_output/final-contigs.used_snps.gz
WARNING: Reference gamma_proteobacterium_SCGC_AB-629-P17_KB889786.1_gamma_proteobacterium_SCGC_AB-629-P17_genomic_scaffold_A3OADRAFT_scaffold_35.36__whole_genome_shotgun_sequence does not have any alignments! 
WARNING: Reference gamma_proteobacterium_SCGC_AB-629-P17_KB889761.1_gamma_proteobacterium_SCGC_AB-629-P17_genomic_scaffold_A3OADRAFT_scaffold_12.13__whole_genome_shotgun_sequence does not have any alignments! 
WARNING: Reference gamma_proteobacterium_SCGC_AB-629-P17_KB889759.1_gamma_proteobacterium_SCGC_AB-629-P17_genomic_scaffold_A3OADRAFT_scaffold_10.11__whole_genome_shotgun_sequence does not have any alignments! 
WARNING: Reference gamma_proteobacterium_SCGC_AB-629-P17_KB889763.1_gamma_proteobacterium_SCGC_AB-629-P17_genomic_scaffold_A3OADRAFT_scaffold_14.15__whole_genome_shotgun_sequence does not have any alignments! 
WARNING: Reference gamma_proteobacterium_SCGC_AB-629-P17_KB889799.1_gamma_proteobacterium_SCGC_AB-629-P17_genomic_scaffold_A3OADRAFT_scaffold_47.48__whole_genome_shotgun_sequence does not have any alignments! 
WARNING: Reference gamma_proteobacterium_SCGC_AB-629-P17_KB889769.1_gamma_proteobacterium_SCGC_AB-629-P17_genomic_scaffold_A3OADRAFT_scaffold_2.3__whole_genome_shotgun_sequence does not have any alignments! 
WARNING: Reference gamma_proteobacterium_SCGC_AB-629-P17_KB889785.1_gamma_proteobacterium_SCGC_AB-629-P17_genomic_scaffold_A3OADRAFT_scaffold_34.35__whole_genome_shotgun_sequence does not have any alignments! 
WARNING: Reference gamma_proteobacterium_SCGC_AB-629-P17_KB889784.1_gamma_proteobacterium_SCGC_AB-629-P17_genomic_scaffold_A3OADRAFT_scaffold_33.34__whole_genome_shotgun_sequence does not have any alignments! 
WARNING: Reference gamma_proteobacterium_SCGC_AB-629-P17_KB889782.1_gamma_proteobacterium_SCGC_AB-629-P17_genomic_scaffold_A3OADRAFT_scaffold_31.32__whole_genome_shotgun_sequence does not have any alignments! 
WARNING: Reference gamma_proteobacterium_SCGC_AB-629-P17_KB889768.1_gamma_proteobacterium_SCGC_AB-629-P17_genomic_scaffold_A3OADRAFT_scaffold_19.20__whole_genome_shotgun_sequence does not have any alignments! 
WARNING: Reference gamma_proteobacterium_SCGC_AB-629-P17_KB889788.1_gamma_proteobacterium_SCGC_AB-629-P17_genomic_scaffold_A3OADRAFT_scaffold_37.38__whole_genome_shotgun_sequence does not have any alignments! 
WARNING: Reference gamma_proteobacterium_SCGC_AB-629-P17_KB889791.1_gamma_proteobacterium_SCGC_AB-629-P17_genomic_scaffold_A3OADRAFT_scaffold_4.5__whole_genome_shotgun_sequence does not have any alignments! 
WARNING: Reference gamma_proteobacterium_SCGC_AB-629-P17_KB889758.1_gamma_proteobacterium_SCGC_AB-629-P17_genomic_scaffold_A3OADRAFT_scaffold_1.2__whole_genome_shotgun_sequence does not have any alignments! 
WARNING: Reference gamma_proteobacterium_SCGC_AB-629-P17_KB889770.1_gamma_proteobacterium_SCGC_AB-629-P17_genomic_scaffold_A3OADRAFT_scaffold_20.21__whole_genome_shotgun_sequence does not have any alignments! 
WARNING: Reference gamma_proteobacterium_SCGC_AB-629-P17_KB889779.1_gamma_proteobacterium_SCGC_AB-629-P17_genomic_scaffold_A3OADRAFT_scaffold_29.30__whole_genome_shotgun_sequence does not have any alignments! 
WARNING: Reference gamma_proteobacterium_SCGC_AB-629-P17_KB889771.1_gamma_proteobacterium_SCGC_AB-629-P17_genomic_scaffold_A3OADRAFT_scaffold_21.22__whole_genome_shotgun_sequence does not have any alignments! 
WARNING: Reference gamma_proteobacterium_SCGC_AB-629-P17_KB889777.1_gamma_proteobacterium_SCGC_AB-629-P17_genomic_scaffold_A3OADRAFT_scaffold_27.28__whole_genome_shotgun_sequence does not have any alignments! 
WARNING: Reference gamma_proteobacterium_SCGC_AB-629-P17_KB889794.1_gamma_proteobacterium_SCGC_AB-629-P17_genomic_scaffold_A3OADRAFT_scaffold_42.43__whole_genome_shotgun_sequence does not have any alignments! 
WARNING: Reference gamma_proteobacterium_SCGC_AB-629-P17_KB889793.1_gamma_proteobacterium_SCGC_AB-629-P17_genomic_scaffold_A3OADRAFT_scaffold_41.42__whole_genome_shotgun_sequence does not have any alignments! 
WARNING: Reference gamma_proteobacterium_SCGC_AB-629-P17_KB889776.1_gamma_proteobacterium_SCGC_AB-629-P17_genomic_scaffold_A3OADRAFT_scaffold_26.27__whole_genome_shotgun_sequence does not have any alignments! 
WARNING: Reference gamma_proteobacterium_SCGC_AB-629-P17_KB889762.1_gamma_proteobacterium_SCGC_AB-629-P17_genomic_scaffold_A3OADRAFT_scaffold_13.14__whole_genome_shotgun_sequence does not have any alignments! 
WARNING: Reference gamma_proteobacterium_SCGC_AB-629-P17_KB889783.1_gamma_proteobacterium_SCGC_AB-629-P17_genomic_scaffold_A3OADRAFT_scaffold_32.33__whole_genome_shotgun_sequence does not have any alignments! 
WARNING: Reference gamma_proteobacterium_SCGC_AB-629-P17_KB889801.1_gamma_proteobacterium_SCGC_AB-629-P17_genomic_scaffold_A3OADRAFT_scaffold_49.50__whole_genome_shotgun_sequence does not have any alignments! 
	Reference gamma_proteobacterium_SCGC_AB-629-P17_KB889789.1_gamma_proteobacterium_SCGC_AB-629-P17_genomic_scaffold_A3OADRAFT_scaffold_38.39__whole_genome_shotgun_sequence: 3 total alignments. 1 total regions.
		Region: 1 to 2758 (2758 bp)
			START in gap: 1 to 1259 (1258 bp)
			Align 1: 1259 1352 k105_38286_flag_1_multi_3.7361_len_1003 72 165
				Negative gap (overlap) between this and next alignment: 1352 to 1260 (-92 bp)
				Next Alignment: 1260 1365 k105_65713_flag_1_multi_16.7075_len_3777 3777 3672

			Previous gap was negative, modifying coordinates to ignore overlap
				Moving contig start from 3777 to 3684.
			Align 2: 1353 1365 k105_65713_flag_1_multi_16.7075_len_3777 3684 3672
				The next alignment (1271 1358 k105_6844_flag_1_multi_4.1899_len_1548 1548 1461) is redundant. Skipping.

WARNING: Reference gamma_proteobacterium_SCGC_AB-629-P17_KB889778.1_gamma_proteobacterium_SCGC_AB-629-P17_genomic_scaffold_A3OADRAFT_scaffold_28.29__whole_genome_shotgun_sequence does not have any alignments! 
WARNING: Reference gamma_proteobacterium_SCGC_AB-629-P17_KB889818.1_gamma_proteobacterium_SCGC_AB-629-P17_genomic_scaffold_A3OADRAFT_scaffold_64.65__whole_genome_shotgun_sequence does not have any alignments! 
WARNING: Reference gamma_proteobacterium_SCGC_AB-629-P17_KB889767.1_gamma_proteobacterium_SCGC_AB-629-P17_genomic_scaffold_A3OADRAFT_scaffold_18.19__whole_genome_shotgun_sequence does not have any alignments! 
WARNING: Reference gamma_proteobacterium_SCGC_AB-629-P17_KB889773.1_gamma_proteobacterium_SCGC_AB-629-P17_genomic_scaffold_A3OADRAFT_scaffold_23.24__whole_genome_shotgun_sequence does not have any alignments! 
WARNING: Reference gamma_proteobacterium_SCGC_AB-629-P17_KB889821.1_gamma_proteobacterium_SCGC_AB-629-P17_genomic_scaffold_A3OADRAFT_scaffold_67.68__whole_genome_shotgun_sequence does not have any alignments! 
WARNING: Reference gamma_proteobacterium_SCGC_AB-629-P17_KB889823.1_gamma_proteobacterium_SCGC_AB-629-P17_genomic_scaffold_A3OADRAFT_scaffold_69.70__whole_genome_shotgun_sequence does not have any alignments! 
WARNING: Reference gamma_proteobacterium_SCGC_AB-629-P17_KB889780.1_gamma_proteobacterium_SCGC_AB-629-P17_genomic_scaffold_A3OADRAFT_scaffold_3.4__whole_genome_shotgun_sequence does not have any alignments! 
WARNING: Reference gamma_proteobacterium_SCGC_AB-629-P17_KB889803.1_gamma_proteobacterium_SCGC_AB-629-P17_genomic_scaffold_A3OADRAFT_scaffold_50.51__whole_genome_shotgun_sequence does not have any alignments! 
WARNING: Reference gamma_proteobacterium_SCGC_AB-629-P17_KB889806.1_gamma_proteobacterium_SCGC_AB-629-P17_genomic_scaffold_A3OADRAFT_scaffold_53.54__whole_genome_shotgun_sequence does not have any alignments! 
WARNING: Reference gamma_proteobacterium_SCGC_AB-629-P17_KB889820.1_gamma_proteobacterium_SCGC_AB-629-P17_genomic_scaffold_A3OADRAFT_scaffold_66.67__whole_genome_shotgun_sequence does not have any alignments! 
WARNING: Reference gamma_proteobacterium_SCGC_AB-629-P17_KB889772.1_gamma_proteobacterium_SCGC_AB-629-P17_genomic_scaffold_A3OADRAFT_scaffold_22.23__whole_genome_shotgun_sequence does not have any alignments! 
WARNING: Reference gamma_proteobacterium_SCGC_AB-629-P17_KB889766.1_gamma_proteobacterium_SCGC_AB-629-P17_genomic_scaffold_A3OADRAFT_scaffold_17.18__whole_genome_shotgun_sequence does not have any alignments! 
WARNING: Reference gamma_proteobacterium_SCGC_AB-629-P17_KB889822.1_gamma_proteobacterium_SCGC_AB-629-P17_genomic_scaffold_A3OADRAFT_scaffold_68.69__whole_genome_shotgun_sequence does not have any alignments! 
WARNING: Reference gamma_proteobacterium_SCGC_AB-629-P17_KB889774.1_gamma_proteobacterium_SCGC_AB-629-P17_genomic_scaffold_A3OADRAFT_scaffold_24.25__whole_genome_shotgun_sequence does not have any alignments! 
WARNING: Reference gamma_proteobacterium_SCGC_AB-629-P17_KB889819.1_gamma_proteobacterium_SCGC_AB-629-P17_genomic_scaffold_A3OADRAFT_scaffold_65.66__whole_genome_shotgun_sequence does not have any alignments! 
WARNING: Reference gamma_proteobacterium_SCGC_AB-629-P17_KB889796.1_gamma_proteobacterium_SCGC_AB-629-P17_genomic_scaffold_A3OADRAFT_scaffold_44.45__whole_genome_shotgun_sequence does not have any alignments! 
WARNING: Reference gamma_proteobacterium_SCGC_AB-629-P17_KB889790.1_gamma_proteobacterium_SCGC_AB-629-P17_genomic_scaffold_A3OADRAFT_scaffold_39.40__whole_genome_shotgun_sequence does not have any alignments! 
WARNING: Reference gamma_proteobacterium_SCGC_AB-629-P17_KB889757.1_gamma_proteobacterium_SCGC_AB-629-P17_genomic_scaffold_A3OADRAFT_scaffold_0.1__whole_genome_shotgun_sequence does not have any alignments! 
WARNING: Reference gamma_proteobacterium_SCGC_AB-629-P17_KB889808.1_gamma_proteobacterium_SCGC_AB-629-P17_genomic_scaffold_A3OADRAFT_scaffold_55.56__whole_genome_shotgun_sequence does not have any alignments! 
WARNING: Reference gamma_proteobacterium_SCGC_AB-629-P17_KB889815.1_gamma_proteobacterium_SCGC_AB-629-P17_genomic_scaffold_A3OADRAFT_scaffold_61.62__whole_genome_shotgun_sequence does not have any alignments! 
WARNING: Reference gamma_proteobacterium_SCGC_AB-629-P17_KB889809.1_gamma_proteobacterium_SCGC_AB-629-P17_genomic_scaffold_A3OADRAFT_scaffold_56.57__whole_genome_shotgun_sequence does not have any alignments! 
WARNING: Reference gamma_proteobacterium_SCGC_AB-629-P17_KB889800.1_gamma_proteobacterium_SCGC_AB-629-P17_genomic_scaffold_A3OADRAFT_scaffold_48.49__whole_genome_shotgun_sequence does not have any alignments! 
WARNING: Reference gamma_proteobacterium_SCGC_AB-629-P17_KB889775.1_gamma_proteobacterium_SCGC_AB-629-P17_genomic_scaffold_A3OADRAFT_scaffold_25.26__whole_genome_shotgun_sequence does not have any alignments! 
WARNING: Reference gamma_proteobacterium_SCGC_AB-629-P17_KB889804.1_gamma_proteobacterium_SCGC_AB-629-P17_genomic_scaffold_A3OADRAFT_scaffold_51.52__whole_genome_shotgun_sequence does not have any alignments! 
WARNING: Reference gamma_proteobacterium_SCGC_AB-629-P17_KB889792.1_gamma_proteobacterium_SCGC_AB-629-P17_genomic_scaffold_A3OADRAFT_scaffold_40.41__whole_genome_shotgun_sequence does not have any alignments! 
WARNING: Reference gamma_proteobacterium_SCGC_AB-629-P17_KB889825.1_gamma_proteobacterium_SCGC_AB-629-P17_genomic_scaffold_A3OADRAFT_scaffold_8.9__whole_genome_shotgun_sequence does not have any alignments! 
WARNING: Reference gamma_proteobacterium_SCGC_AB-629-P17_KB889787.1_gamma_proteobacterium_SCGC_AB-629-P17_genomic_scaffold_A3OADRAFT_scaffold_36.37__whole_genome_shotgun_sequence does not have any alignments! 
WARNING: Reference gamma_proteobacterium_SCGC_AB-629-P17_KB889798.1_gamma_proteobacterium_SCGC_AB-629-P17_genomic_scaffold_A3OADRAFT_scaffold_46.47__whole_genome_shotgun_sequence does not have any alignments! 
WARNING: Reference gamma_proteobacterium_SCGC_AB-629-P17_KB889807.1_gamma_proteobacterium_SCGC_AB-629-P17_genomic_scaffold_A3OADRAFT_scaffold_54.55__whole_genome_shotgun_sequence does not have any alignments! 
WARNING: Reference gamma_proteobacterium_SCGC_AB-629-P17_KB889765.1_gamma_proteobacterium_SCGC_AB-629-P17_genomic_scaffold_A3OADRAFT_scaffold_16.17__whole_genome_shotgun_sequence does not have any alignments! 
WARNING: Reference gamma_proteobacterium_SCGC_AB-629-P17_KB889813.1_gamma_proteobacterium_SCGC_AB-629-P17_genomic_scaffold_A3OADRAFT_scaffold_6.7__whole_genome_shotgun_sequence does not have any alignments! 
WARNING: Reference gamma_proteobacterium_SCGC_AB-629-P17_KB889817.1_gamma_proteobacterium_SCGC_AB-629-P17_genomic_scaffold_A3OADRAFT_scaffold_63.64__whole_genome_shotgun_sequence does not have any alignments! 
WARNING: Reference gamma_proteobacterium_SCGC_AB-629-P17_KB889810.1_gamma_proteobacterium_SCGC_AB-629-P17_genomic_scaffold_A3OADRAFT_scaffold_57.58__whole_genome_shotgun_sequence does not have any alignments! 
WARNING: Reference gamma_proteobacterium_SCGC_AB-629-P17_KB889812.1_gamma_proteobacterium_SCGC_AB-629-P17_genomic_scaffold_A3OADRAFT_scaffold_59.60__whole_genome_shotgun_sequence does not have any alignments! 
WARNING: Reference gamma_proteobacterium_SCGC_AB-629-P17_KB889764.1_gamma_proteobacterium_SCGC_AB-629-P17_genomic_scaffold_A3OADRAFT_scaffold_15.16__whole_genome_shotgun_sequence does not have any alignments! 
WARNING: Reference gamma_proteobacterium_SCGC_AB-629-P17_KB889824.1_gamma_proteobacterium_SCGC_AB-629-P17_genomic_scaffold_A3OADRAFT_scaffold_7.8__whole_genome_shotgun_sequence does not have any alignments! 
WARNING: Reference gamma_proteobacterium_SCGC_AB-629-P17_KB889816.1_gamma_proteobacterium_SCGC_AB-629-P17_genomic_scaffold_A3OADRAFT_scaffold_62.63__whole_genome_shotgun_sequence does not have any alignments! 
	Reference gamma_proteobacterium_SCGC_AB-629-P17_KB889760.1_gamma_proteobacterium_SCGC_AB-629-P17_genomic_scaffold_A3OADRAFT_scaffold_11.12__whole_genome_shotgun_sequence: 1 total alignments. 1 total regions.
		Region: 1 to 35808 (35808 bp)
			START in gap: 1 to 7368 (7367 bp)
			Align 1: 7368 7937 k105_87723_flag_1_multi_1.0000_len_570 1 570
			END in gap: 7937 to 35808 (27871 bp).

WARNING: Reference gamma_proteobacterium_SCGC_AB-629-P17_KB889811.1_gamma_proteobacterium_SCGC_AB-629-P17_genomic_scaffold_A3OADRAFT_scaffold_58.59__whole_genome_shotgun_sequence does not have any alignments! 
WARNING: Reference gamma_proteobacterium_SCGC_AB-629-P17_KB889795.1_gamma_proteobacterium_SCGC_AB-629-P17_genomic_scaffold_A3OADRAFT_scaffold_43.44__whole_genome_shotgun_sequence does not have any alignments! 
WARNING: Reference gamma_proteobacterium_SCGC_AB-629-P17_KB889826.1_gamma_proteobacterium_SCGC_AB-629-P17_genomic_scaffold_A3OADRAFT_scaffold_9.10__whole_genome_shotgun_sequence does not have any alignments! 
WARNING: Reference gamma_proteobacterium_SCGC_AB-629-P17_KB889802.1_gamma_proteobacterium_SCGC_AB-629-P17_genomic_scaffold_A3OADRAFT_scaffold_5.6__whole_genome_shotgun_sequence does not have any alignments! 
WARNING: Reference gamma_proteobacterium_SCGC_AB-629-P17_KB889805.1_gamma_proteobacterium_SCGC_AB-629-P17_genomic_scaffold_A3OADRAFT_scaffold_52.53__whole_genome_shotgun_sequence does not have any alignments! 
WARNING: Reference gamma_proteobacterium_SCGC_AB-629-P17_KB889814.1_gamma_proteobacterium_SCGC_AB-629-P17_genomic_scaffold_A3OADRAFT_scaffold_60.61__whole_genome_shotgun_sequence does not have any alignments! 
WARNING: Reference gamma_proteobacterium_SCGC_AB-629-P17_KB889781.1_gamma_proteobacterium_SCGC_AB-629-P17_genomic_scaffold_A3OADRAFT_scaffold_30.31__whole_genome_shotgun_sequence does not have any alignments! 
WARNING: Reference gamma_proteobacterium_SCGC_AB-629-P17_KB889797.1_gamma_proteobacterium_SCGC_AB-629-P17_genomic_scaffold_A3OADRAFT_scaffold_45.46__whole_genome_shotgun_sequence does not have any alignments! 
Analysis is finished!
Founded SNPs were written into /home/crisdu/analyses_done/2.5_metaq/runs_per_reference/gamma_proteobacterium_SCGC_AB-629-P17/contigs_reports/nucmer_output/final-contigs.used_snps.gz

Results:
	Local Misassemblies: 0
	Misassemblies: 0
		Relocations: 0
		Translocations: 0
		Inversions: 0
	Fake misassemblies matched with structural variations: 0
	Misassembled Contigs: 0
	Misassembled Contig Bases: 0
	Misassemblies Inter-Contig Overlap: 0
Uncovered Regions: 0 (0)
Unaligned Contigs: 0 + 3 part
Half Unaligned Contigs with Misassemblies: 0
Unaligned Contig Bases: 6040

Ambiguously Mapped Contigs: 0
Total Bases in Ambiguously Mapped Contigs: 0
Extra Bases in Ambiguously Mapped Contigs: 0
Note that --allow-ambiguity option was set to "one" and only first alignment per each of these contigs was used.

	Covered Bases: 677

	SNPs: 20
	Insertions: 1
	Deletions: 1

	Positive Gaps: 3
		Internal Gaps: 0
		External Gaps: 3
		External Gap Total: 36496
		External Gap Average: 12165
	Negative Gaps: 1
		Internal Overlaps: 0
		External Overlaps: 1
		External Overlaps Total: -92
		External Overlaps Average: -92
	Contigs with Redundant Alignments: 1 (88)
