gnuplot 4.6 patchlevel 2
Aligning contigs to reference...
	Aligning contigs to the reference
Parsing coords...
Loading reference...
	Loaded [Polaribacter_sp._MED152_NC_020830.1_Polaribacter_sp._MED152__complete_genome]
Loading SNPs...
	Total Regions: 1
	Total Region Length: 2961474
Analyzing contigs...
CONTIG: k105_8026_flag_1_multi_1.8343_len_636 (636bp)
Best alignment score: 131.0 (LEN: 134, IDY: 97.76)
			Skipping redundant alignments after choosing the best set of alignments
		Skipping redundant alignment 2957598 2957731 | 1 134 | 134 134 | 97.76 | Polaribacter_sp._MED152_NC_020830.1_Polaribacter_sp._MED152__complete_genome k105_8026_flag_1_multi_1.8343_len_636
		This contig has several significant sets of alignments. [An ambiguously mapped contig]
		Using only the very best set (option --ambiguity-usage is set to "one").
			The best set is below. Score: 131.0, number of alignments: 1, unaligned bases: 502
		This contig is partially unaligned. (Aligned 134 out of 636 bases)
		Alignment: 1312187 1312320 | 134 1 | 134 134 | 97.76 | Polaribacter_sp._MED152_NC_020830.1_Polaribacter_sp._MED152__complete_genome k105_8026_flag_1_multi_1.8343_len_636
		Unaligned bases: 135 to 636 (502)

CONTIG: k105_68440_flag_1_multi_4.0000_len_1213 (1213bp)
Best alignment score: 81.0 (LEN: 81, IDY: 100.00)
			The best set is below. Score: 81.0, number of alignments: 1, unaligned bases: 1132
		This contig is partially unaligned. (Aligned 81 out of 1213 bases)
		Alignment: 1076069 1076149 | 230 150 | 81 81 | 100.0 | Polaribacter_sp._MED152_NC_020830.1_Polaribacter_sp._MED152__complete_genome k105_68440_flag_1_multi_4.0000_len_1213
		Unaligned bases: 1 to 149 (149)
		Unaligned bases: 231 to 1213 (983)

Analyzing coverage...
Writing SNPs into /home/crisdu/analyses_done/2.5_metaq/runs_per_reference/Polaribacter_sp._MED152/contigs_reports/nucmer_output/final-contigs.used_snps.gz
	Reference Polaribacter_sp._MED152_NC_020830.1_Polaribacter_sp._MED152__complete_genome: 2 total alignments. 1 total regions.
		Region: 1 to 2961474 (2961474 bp)
			START in gap: 1 to 1076069 (1076068 bp)
			Align 1: 1076069 1076149 k105_68440_flag_1_multi_4.0000_len_1213 230 150
				Gap between this and next alignment: 1076149 to 1312187 (236037 bp)
				Next Alignment: 1312187 1312320 k105_8026_flag_1_multi_1.8343_len_636 134 1

			Align 2: 1312187 1312320 k105_8026_flag_1_multi_1.8343_len_636 134 1
			END in gap: 1312320 to 2961474 (1649154 bp).

Analysis is finished!
Founded SNPs were written into /home/crisdu/analyses_done/2.5_metaq/runs_per_reference/Polaribacter_sp._MED152/contigs_reports/nucmer_output/final-contigs.used_snps.gz

Results:
	Local Misassemblies: 0
	Misassemblies: 0
		Relocations: 0
		Translocations: 0
		Inversions: 0
	Fake misassemblies matched with structural variations: 0
	Misassembled Contigs: 0
	Misassembled Contig Bases: 0
	Misassemblies Inter-Contig Overlap: 0
Uncovered Regions: 0 (0)
Unaligned Contigs: 0 + 2 part
Half Unaligned Contigs with Misassemblies: 0
Unaligned Contig Bases: 1634

Ambiguously Mapped Contigs: 1
Total Bases in Ambiguously Mapped Contigs: 636
Extra Bases in Ambiguously Mapped Contigs: 0
Note that --allow-ambiguity option was set to "one" and only first alignment per each of these contigs was used.

	Covered Bases: 215

	SNPs: 3
	Insertions: 0
	Deletions: 0

	Positive Gaps: 3
		Internal Gaps: 0
		External Gaps: 3
		External Gap Total: 2961259
		External Gap Average: 987086
	Negative Gaps: 0
		Internal Overlaps: 0
		External Overlaps: 0
		External Overlaps Total: 0
		External Overlaps Average: 0
	Contigs with Redundant Alignments: 0 (0)
