gnuplot 4.6 patchlevel 2
Aligning contigs to reference...
	Aligning contigs to the reference
Parsing coords...
Loading reference...
	Loaded [Chromatocurvus_halotolerans_NZ_SLWX01000001.1_Chromatocurvus_halotolerans_strain_DSM_23344_Ga0310537_101__whole_genome_shotgun_sequence]
	Loaded [Chromatocurvus_halotolerans_NZ_SLWX01000002.1_Chromatocurvus_halotolerans_strain_DSM_23344_Ga0310537_102__whole_genome_shotgun_sequence]
	Loaded [Chromatocurvus_halotolerans_NZ_SLWX01000003.1_Chromatocurvus_halotolerans_strain_DSM_23344_Ga0310537_103__whole_genome_shotgun_sequence]
	Loaded [Chromatocurvus_halotolerans_NZ_SLWX01000004.1_Chromatocurvus_halotolerans_strain_DSM_23344_Ga0310537_104__whole_genome_shotgun_sequence]
	Loaded [Chromatocurvus_halotolerans_NZ_SLWX01000005.1_Chromatocurvus_halotolerans_strain_DSM_23344_Ga0310537_105__whole_genome_shotgun_sequence]
	Loaded [Chromatocurvus_halotolerans_NZ_SLWX01000006.1_Chromatocurvus_halotolerans_strain_DSM_23344_Ga0310537_106__whole_genome_shotgun_sequence]
	Loaded [Chromatocurvus_halotolerans_NZ_SLWX01000007.1_Chromatocurvus_halotolerans_strain_DSM_23344_Ga0310537_107__whole_genome_shotgun_sequence]
	Loaded [Chromatocurvus_halotolerans_NZ_SLWX01000008.1_Chromatocurvus_halotolerans_strain_DSM_23344_Ga0310537_108__whole_genome_shotgun_sequence]
	Loaded [Chromatocurvus_halotolerans_NZ_SLWX01000009.1_Chromatocurvus_halotolerans_strain_DSM_23344_Ga0310537_109__whole_genome_shotgun_sequence]
	Loaded [Chromatocurvus_halotolerans_NZ_SLWX01000010.1_Chromatocurvus_halotolerans_strain_DSM_23344_Ga0310537_110__whole_genome_shotgun_sequence]
	Loaded [Chromatocurvus_halotolerans_NZ_SLWX01000011.1_Chromatocurvus_halotolerans_strain_DSM_23344_Ga0310537_111__whole_genome_shotgun_sequence]
	Loaded [Chromatocurvus_halotolerans_NZ_SLWX01000012.1_Chromatocurvus_halotolerans_strain_DSM_23344_Ga0310537_112__whole_genome_shotgun_sequence]
	Loaded [Chromatocurvus_halotolerans_NZ_SLWX01000013.1_Chromatocurvus_halotolerans_strain_DSM_23344_Ga0310537_113__whole_genome_shotgun_sequence]
	Loaded [Chromatocurvus_halotolerans_NZ_SLWX01000014.1_Chromatocurvus_halotolerans_strain_DSM_23344_Ga0310537_114__whole_genome_shotgun_sequence]
	Loaded [Chromatocurvus_halotolerans_NZ_SLWX01000015.1_Chromatocurvus_halotolerans_strain_DSM_23344_Ga0310537_115__whole_genome_shotgun_sequence]
	Loaded [Chromatocurvus_halotolerans_NZ_SLWX01000016.1_Chromatocurvus_halotolerans_strain_DSM_23344_Ga0310537_116__whole_genome_shotgun_sequence]
	Loaded [Chromatocurvus_halotolerans_NZ_SLWX01000017.1_Chromatocurvus_halotolerans_strain_DSM_23344_Ga0310537_117__whole_genome_shotgun_sequence]
	Loaded [Chromatocurvus_halotolerans_NZ_SLWX01000018.1_Chromatocurvus_halotolerans_strain_DSM_23344_Ga0310537_118__whole_genome_shotgun_sequence]
	Loaded [Chromatocurvus_halotolerans_NZ_SLWX01000019.1_Chromatocurvus_halotolerans_strain_DSM_23344_Ga0310537_119__whole_genome_shotgun_sequence]
	Loaded [Chromatocurvus_halotolerans_NZ_SLWX01000020.1_Chromatocurvus_halotolerans_strain_DSM_23344_Ga0310537_120__whole_genome_shotgun_sequence]
	Loaded [Chromatocurvus_halotolerans_NZ_SLWX01000021.1_Chromatocurvus_halotolerans_strain_DSM_23344_Ga0310537_121__whole_genome_shotgun_sequence]
	Loaded [Chromatocurvus_halotolerans_NZ_SLWX01000022.1_Chromatocurvus_halotolerans_strain_DSM_23344_Ga0310537_122__whole_genome_shotgun_sequence]
	Loaded [Chromatocurvus_halotolerans_NZ_SLWX01000023.1_Chromatocurvus_halotolerans_strain_DSM_23344_Ga0310537_123__whole_genome_shotgun_sequence]
	Loaded [Chromatocurvus_halotolerans_NZ_SLWX01000024.1_Chromatocurvus_halotolerans_strain_DSM_23344_Ga0310537_124__whole_genome_shotgun_sequence]
	Loaded [Chromatocurvus_halotolerans_NZ_SLWX01000025.1_Chromatocurvus_halotolerans_strain_DSM_23344_Ga0310537_125__whole_genome_shotgun_sequence]
	Loaded [Chromatocurvus_halotolerans_NZ_SLWX01000026.1_Chromatocurvus_halotolerans_strain_DSM_23344_Ga0310537_126__whole_genome_shotgun_sequence]
	Loaded [Chromatocurvus_halotolerans_NZ_SLWX01000027.1_Chromatocurvus_halotolerans_strain_DSM_23344_Ga0310537_127__whole_genome_shotgun_sequence]
	Loaded [Chromatocurvus_halotolerans_NZ_SLWX01000028.1_Chromatocurvus_halotolerans_strain_DSM_23344_Ga0310537_128__whole_genome_shotgun_sequence]
	Loaded [Chromatocurvus_halotolerans_NZ_SLWX01000029.1_Chromatocurvus_halotolerans_strain_DSM_23344_Ga0310537_129__whole_genome_shotgun_sequence]
	Loaded [Chromatocurvus_halotolerans_NZ_SLWX01000030.1_Chromatocurvus_halotolerans_strain_DSM_23344_Ga0310537_130__whole_genome_shotgun_sequence]
	Loaded [Chromatocurvus_halotolerans_NZ_SLWX01000031.1_Chromatocurvus_halotolerans_strain_DSM_23344_Ga0310537_131__whole_genome_shotgun_sequence]
	Loaded [Chromatocurvus_halotolerans_NZ_SLWX01000032.1_Chromatocurvus_halotolerans_strain_DSM_23344_Ga0310537_132__whole_genome_shotgun_sequence]
	Loaded [Chromatocurvus_halotolerans_NZ_SLWX01000033.1_Chromatocurvus_halotolerans_strain_DSM_23344_Ga0310537_133__whole_genome_shotgun_sequence]
	Loaded [Chromatocurvus_halotolerans_NZ_SLWX01000034.1_Chromatocurvus_halotolerans_strain_DSM_23344_Ga0310537_134__whole_genome_shotgun_sequence]
	Loaded [Chromatocurvus_halotolerans_NZ_SLWX01000035.1_Chromatocurvus_halotolerans_strain_DSM_23344_Ga0310537_135__whole_genome_shotgun_sequence]
	Loaded [Chromatocurvus_halotolerans_NZ_SLWX01000036.1_Chromatocurvus_halotolerans_strain_DSM_23344_Ga0310537_136__whole_genome_shotgun_sequence]
	Loaded [Chromatocurvus_halotolerans_NZ_SLWX01000037.1_Chromatocurvus_halotolerans_strain_DSM_23344_Ga0310537_137__whole_genome_shotgun_sequence]
	Loaded [Chromatocurvus_halotolerans_NZ_SLWX01000038.1_Chromatocurvus_halotolerans_strain_DSM_23344_Ga0310537_138__whole_genome_shotgun_sequence]
	Loaded [Chromatocurvus_halotolerans_NZ_SLWX01000039.1_Chromatocurvus_halotolerans_strain_DSM_23344_Ga0310537_139__whole_genome_shotgun_sequence]
	Loaded [Chromatocurvus_halotolerans_NZ_SLWX01000040.1_Chromatocurvus_halotolerans_strain_DSM_23344_Ga0310537_140__whole_genome_shotgun_sequence]
	Loaded [Chromatocurvus_halotolerans_NZ_SLWX01000041.1_Chromatocurvus_halotolerans_strain_DSM_23344_Ga0310537_141__whole_genome_shotgun_sequence]
	Loaded [Chromatocurvus_halotolerans_NZ_SLWX01000042.1_Chromatocurvus_halotolerans_strain_DSM_23344_Ga0310537_142__whole_genome_shotgun_sequence]
	Loaded [Chromatocurvus_halotolerans_NZ_SLWX01000043.1_Chromatocurvus_halotolerans_strain_DSM_23344_Ga0310537_143__whole_genome_shotgun_sequence]
	Loaded [Chromatocurvus_halotolerans_NZ_SLWX01000044.1_Chromatocurvus_halotolerans_strain_DSM_23344_Ga0310537_144__whole_genome_shotgun_sequence]
	Loaded [Chromatocurvus_halotolerans_NZ_SLWX01000045.1_Chromatocurvus_halotolerans_strain_DSM_23344_Ga0310537_145__whole_genome_shotgun_sequence]
Loading SNPs...
	Total Regions: 45
	Total Region Length: 3910325
Analyzing contigs...
CONTIG: k105_46041_flag_1_multi_7.0000_len_2557 (2557bp)
Best alignment score: 209.0 (LEN: 219, IDY: 95.43)
			The best set is below. Score: 209.0, number of alignments: 1, unaligned bases: 2338
		This contig is partially unaligned. (Aligned 219 out of 2557 bases)
		Alignment: 1527 1745 | 1 219 | 219 219 | 95.43 | Chromatocurvus_halotolerans_NZ_SLWX01000032.1_Chromatocurvus_halotolerans_strain_DSM_23344_Ga0310537_132__whole_genome_shotgun_sequence k105_46041_flag_1_multi_7.0000_len_2557
		Unaligned bases: 220 to 2557 (2338)

CONTIG: k105_32666_flag_1_multi_2.0000_len_760 (760bp)
Best alignment score: 83.0 (LEN: 84, IDY: 98.81)
			The best set is below. Score: 83.0, number of alignments: 1, unaligned bases: 676
		This contig is partially unaligned. (Aligned 84 out of 760 bases)
		Alignment: 126384 126467 | 528 611 | 84 84 | 98.81 | Chromatocurvus_halotolerans_NZ_SLWX01000007.1_Chromatocurvus_halotolerans_strain_DSM_23344_Ga0310537_107__whole_genome_shotgun_sequence k105_32666_flag_1_multi_2.0000_len_760
		Unaligned bases: 1 to 527 (527)
		Unaligned bases: 612 to 760 (149)

CONTIG: k105_93340_flag_1_multi_1.9083_len_945 (945bp)
Best alignment score: 69.0 (LEN: 69, IDY: 100.00)
			Skipping redundant alignments after choosing the best set of alignments
		Skipping redundant alignment 172549 172617 | 945 877 | 69 69 | 100.0 | Chromatocurvus_halotolerans_NZ_SLWX01000007.1_Chromatocurvus_halotolerans_strain_DSM_23344_Ga0310537_107__whole_genome_shotgun_sequence k105_93340_flag_1_multi_1.9083_len_945
		This contig has several significant sets of alignments. [An ambiguously mapped contig]
		Using only the very best set (option --ambiguity-usage is set to "one").
			The best set is below. Score: 69.0, number of alignments: 1, unaligned bases: 876
		This contig is partially unaligned. (Aligned 69 out of 945 bases)
		Alignment: 320395 320463 | 877 945 | 69 69 | 100.0 | Chromatocurvus_halotolerans_NZ_SLWX01000002.1_Chromatocurvus_halotolerans_strain_DSM_23344_Ga0310537_102__whole_genome_shotgun_sequence k105_93340_flag_1_multi_1.9083_len_945
		Unaligned bases: 1 to 876 (876)

CONTIG: k105_105456_flag_1_multi_3.0000_len_684 (684bp)
Best alignment score: 84.0 (LEN: 84, IDY: 100.00)
			The best set is below. Score: 84.0, number of alignments: 1, unaligned bases: 600
		Alignment: 49769 49852 | 244 161 | 84 84 | 100.0 | Chromatocurvus_halotolerans_NZ_SLWX01000010.1_Chromatocurvus_halotolerans_strain_DSM_23344_Ga0310537_110__whole_genome_shotgun_sequence k105_105456_flag_1_multi_3.0000_len_684

CONTIG: k105_93241_flag_1_multi_3.0000_len_3933 (3933bp)
Best alignment score: 77.0 (LEN: 77, IDY: 100.00)
			Skipping redundant alignments after choosing the best set of alignments
		Skipping redundant alignment 172542 172617 | 2057 1982 | 76 76 | 100.0 | Chromatocurvus_halotolerans_NZ_SLWX01000007.1_Chromatocurvus_halotolerans_strain_DSM_23344_Ga0310537_107__whole_genome_shotgun_sequence k105_93241_flag_1_multi_3.0000_len_3933
			The best set is below. Score: 77.0, number of alignments: 1, unaligned bases: 3856
		This contig is partially unaligned. (Aligned 77 out of 3933 bases)
		Alignment: 320395 320471 | 1982 2058 | 77 77 | 100.0 | Chromatocurvus_halotolerans_NZ_SLWX01000002.1_Chromatocurvus_halotolerans_strain_DSM_23344_Ga0310537_102__whole_genome_shotgun_sequence k105_93241_flag_1_multi_3.0000_len_3933
		Unaligned bases: 1 to 1981 (1981)
		Unaligned bases: 2059 to 3933 (1875)

Analyzing coverage...
Writing SNPs into /home/crisdu/analyses_done/2.5_metaq/runs_per_reference/Chromatocurvus_halotolerans/contigs_reports/nucmer_output/final-contigs.used_snps.gz
	Reference Chromatocurvus_halotolerans_NZ_SLWX01000032.1_Chromatocurvus_halotolerans_strain_DSM_23344_Ga0310537_132__whole_genome_shotgun_sequence: 1 total alignments. 1 total regions.
		Region: 1 to 5826 (5826 bp)
			START in gap: 1 to 1527 (1526 bp)
			Align 1: 1527 1745 k105_46041_flag_1_multi_7.0000_len_2557 1 219
			END in gap: 1745 to 5826 (4081 bp).

WARNING: Reference Chromatocurvus_halotolerans_NZ_SLWX01000038.1_Chromatocurvus_halotolerans_strain_DSM_23344_Ga0310537_138__whole_genome_shotgun_sequence does not have any alignments! 
WARNING: Reference Chromatocurvus_halotolerans_NZ_SLWX01000011.1_Chromatocurvus_halotolerans_strain_DSM_23344_Ga0310537_111__whole_genome_shotgun_sequence does not have any alignments! 
WARNING: Reference Chromatocurvus_halotolerans_NZ_SLWX01000022.1_Chromatocurvus_halotolerans_strain_DSM_23344_Ga0310537_122__whole_genome_shotgun_sequence does not have any alignments! 
WARNING: Reference Chromatocurvus_halotolerans_NZ_SLWX01000042.1_Chromatocurvus_halotolerans_strain_DSM_23344_Ga0310537_142__whole_genome_shotgun_sequence does not have any alignments! 
WARNING: Reference Chromatocurvus_halotolerans_NZ_SLWX01000008.1_Chromatocurvus_halotolerans_strain_DSM_23344_Ga0310537_108__whole_genome_shotgun_sequence does not have any alignments! 
WARNING: Reference Chromatocurvus_halotolerans_NZ_SLWX01000039.1_Chromatocurvus_halotolerans_strain_DSM_23344_Ga0310537_139__whole_genome_shotgun_sequence does not have any alignments! 
WARNING: Reference Chromatocurvus_halotolerans_NZ_SLWX01000029.1_Chromatocurvus_halotolerans_strain_DSM_23344_Ga0310537_129__whole_genome_shotgun_sequence does not have any alignments! 
WARNING: Reference Chromatocurvus_halotolerans_NZ_SLWX01000024.1_Chromatocurvus_halotolerans_strain_DSM_23344_Ga0310537_124__whole_genome_shotgun_sequence does not have any alignments! 
WARNING: Reference Chromatocurvus_halotolerans_NZ_SLWX01000003.1_Chromatocurvus_halotolerans_strain_DSM_23344_Ga0310537_103__whole_genome_shotgun_sequence does not have any alignments! 
	Reference Chromatocurvus_halotolerans_NZ_SLWX01000007.1_Chromatocurvus_halotolerans_strain_DSM_23344_Ga0310537_107__whole_genome_shotgun_sequence: 1 total alignments. 1 total regions.
		Region: 1 to 193454 (193454 bp)
			START in gap: 1 to 126384 (126383 bp)
			Align 1: 126384 126467 k105_32666_flag_1_multi_2.0000_len_760 528 611
			END in gap: 126467 to 193454 (66987 bp).

WARNING: Reference Chromatocurvus_halotolerans_NZ_SLWX01000018.1_Chromatocurvus_halotolerans_strain_DSM_23344_Ga0310537_118__whole_genome_shotgun_sequence does not have any alignments! 
WARNING: Reference Chromatocurvus_halotolerans_NZ_SLWX01000009.1_Chromatocurvus_halotolerans_strain_DSM_23344_Ga0310537_109__whole_genome_shotgun_sequence does not have any alignments! 
WARNING: Reference Chromatocurvus_halotolerans_NZ_SLWX01000027.1_Chromatocurvus_halotolerans_strain_DSM_23344_Ga0310537_127__whole_genome_shotgun_sequence does not have any alignments! 
WARNING: Reference Chromatocurvus_halotolerans_NZ_SLWX01000019.1_Chromatocurvus_halotolerans_strain_DSM_23344_Ga0310537_119__whole_genome_shotgun_sequence does not have any alignments! 
WARNING: Reference Chromatocurvus_halotolerans_NZ_SLWX01000025.1_Chromatocurvus_halotolerans_strain_DSM_23344_Ga0310537_125__whole_genome_shotgun_sequence does not have any alignments! 
WARNING: Reference Chromatocurvus_halotolerans_NZ_SLWX01000004.1_Chromatocurvus_halotolerans_strain_DSM_23344_Ga0310537_104__whole_genome_shotgun_sequence does not have any alignments! 
WARNING: Reference Chromatocurvus_halotolerans_NZ_SLWX01000016.1_Chromatocurvus_halotolerans_strain_DSM_23344_Ga0310537_116__whole_genome_shotgun_sequence does not have any alignments! 
WARNING: Reference Chromatocurvus_halotolerans_NZ_SLWX01000005.1_Chromatocurvus_halotolerans_strain_DSM_23344_Ga0310537_105__whole_genome_shotgun_sequence does not have any alignments! 
WARNING: Reference Chromatocurvus_halotolerans_NZ_SLWX01000015.1_Chromatocurvus_halotolerans_strain_DSM_23344_Ga0310537_115__whole_genome_shotgun_sequence does not have any alignments! 
WARNING: Reference Chromatocurvus_halotolerans_NZ_SLWX01000033.1_Chromatocurvus_halotolerans_strain_DSM_23344_Ga0310537_133__whole_genome_shotgun_sequence does not have any alignments! 
WARNING: Reference Chromatocurvus_halotolerans_NZ_SLWX01000013.1_Chromatocurvus_halotolerans_strain_DSM_23344_Ga0310537_113__whole_genome_shotgun_sequence does not have any alignments! 
WARNING: Reference Chromatocurvus_halotolerans_NZ_SLWX01000031.1_Chromatocurvus_halotolerans_strain_DSM_23344_Ga0310537_131__whole_genome_shotgun_sequence does not have any alignments! 
WARNING: Reference Chromatocurvus_halotolerans_NZ_SLWX01000023.1_Chromatocurvus_halotolerans_strain_DSM_23344_Ga0310537_123__whole_genome_shotgun_sequence does not have any alignments! 
WARNING: Reference Chromatocurvus_halotolerans_NZ_SLWX01000020.1_Chromatocurvus_halotolerans_strain_DSM_23344_Ga0310537_120__whole_genome_shotgun_sequence does not have any alignments! 
WARNING: Reference Chromatocurvus_halotolerans_NZ_SLWX01000012.1_Chromatocurvus_halotolerans_strain_DSM_23344_Ga0310537_112__whole_genome_shotgun_sequence does not have any alignments! 
WARNING: Reference Chromatocurvus_halotolerans_NZ_SLWX01000041.1_Chromatocurvus_halotolerans_strain_DSM_23344_Ga0310537_141__whole_genome_shotgun_sequence does not have any alignments! 
WARNING: Reference Chromatocurvus_halotolerans_NZ_SLWX01000030.1_Chromatocurvus_halotolerans_strain_DSM_23344_Ga0310537_130__whole_genome_shotgun_sequence does not have any alignments! 
WARNING: Reference Chromatocurvus_halotolerans_NZ_SLWX01000026.1_Chromatocurvus_halotolerans_strain_DSM_23344_Ga0310537_126__whole_genome_shotgun_sequence does not have any alignments! 
WARNING: Reference Chromatocurvus_halotolerans_NZ_SLWX01000036.1_Chromatocurvus_halotolerans_strain_DSM_23344_Ga0310537_136__whole_genome_shotgun_sequence does not have any alignments! 
WARNING: Reference Chromatocurvus_halotolerans_NZ_SLWX01000017.1_Chromatocurvus_halotolerans_strain_DSM_23344_Ga0310537_117__whole_genome_shotgun_sequence does not have any alignments! 
	Reference Chromatocurvus_halotolerans_NZ_SLWX01000010.1_Chromatocurvus_halotolerans_strain_DSM_23344_Ga0310537_110__whole_genome_shotgun_sequence: 1 total alignments. 1 total regions.
		Region: 1 to 139678 (139678 bp)
			START in gap: 1 to 49769 (49768 bp)
			Align 1: 49769 49852 k105_105456_flag_1_multi_3.0000_len_684 244 161
			END in gap: 49852 to 139678 (89826 bp).

WARNING: Reference Chromatocurvus_halotolerans_NZ_SLWX01000021.1_Chromatocurvus_halotolerans_strain_DSM_23344_Ga0310537_121__whole_genome_shotgun_sequence does not have any alignments! 
WARNING: Reference Chromatocurvus_halotolerans_NZ_SLWX01000034.1_Chromatocurvus_halotolerans_strain_DSM_23344_Ga0310537_134__whole_genome_shotgun_sequence does not have any alignments! 
WARNING: Reference Chromatocurvus_halotolerans_NZ_SLWX01000043.1_Chromatocurvus_halotolerans_strain_DSM_23344_Ga0310537_143__whole_genome_shotgun_sequence does not have any alignments! 
WARNING: Reference Chromatocurvus_halotolerans_NZ_SLWX01000035.1_Chromatocurvus_halotolerans_strain_DSM_23344_Ga0310537_135__whole_genome_shotgun_sequence does not have any alignments! 
WARNING: Reference Chromatocurvus_halotolerans_NZ_SLWX01000044.1_Chromatocurvus_halotolerans_strain_DSM_23344_Ga0310537_144__whole_genome_shotgun_sequence does not have any alignments! 
	Reference Chromatocurvus_halotolerans_NZ_SLWX01000002.1_Chromatocurvus_halotolerans_strain_DSM_23344_Ga0310537_102__whole_genome_shotgun_sequence: 2 total alignments. 1 total regions.
		Region: 1 to 390398 (390398 bp)
			START in gap: 1 to 320395 (320394 bp)
			Align 1: 320395 320463 k105_93340_flag_1_multi_1.9083_len_945 877 945
				Negative gap (overlap) between this and next alignment: 320463 to 320395 (-68 bp)
				Next Alignment: 320395 320471 k105_93241_flag_1_multi_3.0000_len_3933 1982 2058

			Previous gap was negative, modifying coordinates to ignore overlap
				Moving contig start from 1982 to 2051.
			Align 2: 320464 320471 k105_93241_flag_1_multi_3.0000_len_3933 2051 2058
			END in gap: 320471 to 390398 (69927 bp).

WARNING: Reference Chromatocurvus_halotolerans_NZ_SLWX01000028.1_Chromatocurvus_halotolerans_strain_DSM_23344_Ga0310537_128__whole_genome_shotgun_sequence does not have any alignments! 
WARNING: Reference Chromatocurvus_halotolerans_NZ_SLWX01000001.1_Chromatocurvus_halotolerans_strain_DSM_23344_Ga0310537_101__whole_genome_shotgun_sequence does not have any alignments! 
WARNING: Reference Chromatocurvus_halotolerans_NZ_SLWX01000014.1_Chromatocurvus_halotolerans_strain_DSM_23344_Ga0310537_114__whole_genome_shotgun_sequence does not have any alignments! 
WARNING: Reference Chromatocurvus_halotolerans_NZ_SLWX01000045.1_Chromatocurvus_halotolerans_strain_DSM_23344_Ga0310537_145__whole_genome_shotgun_sequence does not have any alignments! 
WARNING: Reference Chromatocurvus_halotolerans_NZ_SLWX01000040.1_Chromatocurvus_halotolerans_strain_DSM_23344_Ga0310537_140__whole_genome_shotgun_sequence does not have any alignments! 
WARNING: Reference Chromatocurvus_halotolerans_NZ_SLWX01000037.1_Chromatocurvus_halotolerans_strain_DSM_23344_Ga0310537_137__whole_genome_shotgun_sequence does not have any alignments! 
WARNING: Reference Chromatocurvus_halotolerans_NZ_SLWX01000006.1_Chromatocurvus_halotolerans_strain_DSM_23344_Ga0310537_106__whole_genome_shotgun_sequence does not have any alignments! 
Analysis is finished!
Founded SNPs were written into /home/crisdu/analyses_done/2.5_metaq/runs_per_reference/Chromatocurvus_halotolerans/contigs_reports/nucmer_output/final-contigs.used_snps.gz

Results:
	Local Misassemblies: 0
	Misassemblies: 0
		Relocations: 0
		Translocations: 0
		Inversions: 0
	Fake misassemblies matched with structural variations: 0
	Misassembled Contigs: 0
	Misassembled Contig Bases: 0
	Misassemblies Inter-Contig Overlap: 0
Uncovered Regions: 0 (0)
Unaligned Contigs: 0 + 4 part
Half Unaligned Contigs with Misassemblies: 0
Unaligned Contig Bases: 7746

Ambiguously Mapped Contigs: 1
Total Bases in Ambiguously Mapped Contigs: 945
Extra Bases in Ambiguously Mapped Contigs: 0
Note that --allow-ambiguity option was set to "one" and only first alignment per each of these contigs was used.

	Covered Bases: 464

	SNPs: 11
	Insertions: 0
	Deletions: 0

	Positive Gaps: 8
		Internal Gaps: 0
		External Gaps: 8
		External Gap Total: 728892
		External Gap Average: 91112
	Negative Gaps: 1
		Internal Overlaps: 0
		External Overlaps: 1
		External Overlaps Total: -68
		External Overlaps Average: -68
	Contigs with Redundant Alignments: 0 (0)
