gnuplot 4.6 patchlevel 2
Aligning contigs to reference...
	Aligning contigs to the reference
Parsing coords...
Loading reference...
	Loaded [Desulfuromonas_acetoxidans_DSM_684_NZ_AAEW02000001.1_Desulfuromonas_acetoxidans_DSM_684_ctg66__whole_genome_shotgun_sequence]
	Loaded [Desulfuromonas_acetoxidans_DSM_684_NZ_AAEW02000002.1_Desulfuromonas_acetoxidans_DSM_684_ctg65__whole_genome_shotgun_sequence]
	Loaded [Desulfuromonas_acetoxidans_DSM_684_NZ_AAEW02000003.1_Desulfuromonas_acetoxidans_DSM_684_ctg61__whole_genome_shotgun_sequence]
	Loaded [Desulfuromonas_acetoxidans_DSM_684_NZ_AAEW02000004.1_Desulfuromonas_acetoxidans_DSM_684_ctg64__whole_genome_shotgun_sequence]
	Loaded [Desulfuromonas_acetoxidans_DSM_684_NZ_AAEW02000005.1_Desulfuromonas_acetoxidans_DSM_684_ctg60__whole_genome_shotgun_sequence]
	Loaded [Desulfuromonas_acetoxidans_DSM_684_NZ_AAEW02000006.1_Desulfuromonas_acetoxidans_DSM_684_ctg59__whole_genome_shotgun_sequence]
	Loaded [Desulfuromonas_acetoxidans_DSM_684_NZ_AAEW02000007.1_Desulfuromonas_acetoxidans_DSM_684_ctg62__whole_genome_shotgun_sequence]
	Loaded [Desulfuromonas_acetoxidans_DSM_684_NZ_AAEW02000008.1_Desulfuromonas_acetoxidans_DSM_684_ctg63__whole_genome_shotgun_sequence]
	Loaded [Desulfuromonas_acetoxidans_DSM_684_NZ_AAEW02000009.1_Desulfuromonas_acetoxidans_DSM_684_ctg58__whole_genome_shotgun_sequence]
	Loaded [Desulfuromonas_acetoxidans_DSM_684_NZ_AAEW02000010.1_Desulfuromonas_acetoxidans_DSM_684_ctg57__whole_genome_shotgun_sequence]
	Loaded [Desulfuromonas_acetoxidans_DSM_684_NZ_AAEW02000011.1_Desulfuromonas_acetoxidans_DSM_684_ctg54__whole_genome_shotgun_sequence]
	Loaded [Desulfuromonas_acetoxidans_DSM_684_NZ_AAEW02000012.1_Desulfuromonas_acetoxidans_DSM_684_ctg56__whole_genome_shotgun_sequence]
	Loaded [Desulfuromonas_acetoxidans_DSM_684_NZ_AAEW02000013.1_Desulfuromonas_acetoxidans_DSM_684_ctg47__whole_genome_shotgun_sequence]
	Loaded [Desulfuromonas_acetoxidans_DSM_684_NZ_AAEW02000014.1_Desulfuromonas_acetoxidans_DSM_684_ctg55__whole_genome_shotgun_sequence]
	Loaded [Desulfuromonas_acetoxidans_DSM_684_NZ_AAEW02000015.1_Desulfuromonas_acetoxidans_DSM_684_ctg50__whole_genome_shotgun_sequence]
	Loaded [Desulfuromonas_acetoxidans_DSM_684_NZ_AAEW02000016.1_Desulfuromonas_acetoxidans_DSM_684_ctg52__whole_genome_shotgun_sequence]
	Loaded [Desulfuromonas_acetoxidans_DSM_684_NZ_AAEW02000017.1_Desulfuromonas_acetoxidans_DSM_684_ctg53__whole_genome_shotgun_sequence]
	Loaded [Desulfuromonas_acetoxidans_DSM_684_NZ_AAEW02000018.1_Desulfuromonas_acetoxidans_DSM_684_ctg51__whole_genome_shotgun_sequence]
	Loaded [Desulfuromonas_acetoxidans_DSM_684_NZ_AAEW02000019.1_Desulfuromonas_acetoxidans_DSM_684_ctg49__whole_genome_shotgun_sequence]
	Loaded [Desulfuromonas_acetoxidans_DSM_684_NZ_AAEW02000020.1_Desulfuromonas_acetoxidans_DSM_684_ctg48__whole_genome_shotgun_sequence]
	Loaded [Desulfuromonas_acetoxidans_DSM_684_NZ_AAEW02000021.1_Desulfuromonas_acetoxidans_DSM_684_ctg45__whole_genome_shotgun_sequence]
	Loaded [Desulfuromonas_acetoxidans_DSM_684_NZ_AAEW02000022.1_Desulfuromonas_acetoxidans_DSM_684_ctg43__whole_genome_shotgun_sequence]
	Loaded [Desulfuromonas_acetoxidans_DSM_684_NZ_AAEW02000023.1_Desulfuromonas_acetoxidans_DSM_684_ctg44__whole_genome_shotgun_sequence]
	Loaded [Desulfuromonas_acetoxidans_DSM_684_NZ_AAEW02000024.1_Desulfuromonas_acetoxidans_DSM_684_ctg40__whole_genome_shotgun_sequence]
	Loaded [Desulfuromonas_acetoxidans_DSM_684_NZ_AAEW02000025.1_Desulfuromonas_acetoxidans_DSM_684_ctg42__whole_genome_shotgun_sequence]
	Loaded [Desulfuromonas_acetoxidans_DSM_684_NZ_AAEW02000026.1_Desulfuromonas_acetoxidans_DSM_684_ctg46__whole_genome_shotgun_sequence]
	Loaded [Desulfuromonas_acetoxidans_DSM_684_NZ_AAEW02000027.1_Desulfuromonas_acetoxidans_DSM_684_ctg39__whole_genome_shotgun_sequence]
	Loaded [Desulfuromonas_acetoxidans_DSM_684_NZ_AAEW02000028.1_Desulfuromonas_acetoxidans_DSM_684_ctg34__whole_genome_shotgun_sequence]
	Loaded [Desulfuromonas_acetoxidans_DSM_684_NZ_AAEW02000029.1_Desulfuromonas_acetoxidans_DSM_684_ctg41__whole_genome_shotgun_sequence]
	Loaded [Desulfuromonas_acetoxidans_DSM_684_NZ_AAEW02000030.1_Desulfuromonas_acetoxidans_DSM_684_ctg38__whole_genome_shotgun_sequence]
	Loaded [Desulfuromonas_acetoxidans_DSM_684_NZ_AAEW02000031.1_Desulfuromonas_acetoxidans_DSM_684_ctg35__whole_genome_shotgun_sequence]
	Loaded [Desulfuromonas_acetoxidans_DSM_684_NZ_AAEW02000032.1_Desulfuromonas_acetoxidans_DSM_684_ctg27__whole_genome_shotgun_sequence]
	Loaded [Desulfuromonas_acetoxidans_DSM_684_NZ_AAEW02000033.1_Desulfuromonas_acetoxidans_DSM_684_ctg36__whole_genome_shotgun_sequence]
	Loaded [Desulfuromonas_acetoxidans_DSM_684_NZ_AAEW02000034.1_Desulfuromonas_acetoxidans_DSM_684_ctg37__whole_genome_shotgun_sequence]
	Loaded [Desulfuromonas_acetoxidans_DSM_684_NZ_AAEW02000035.1_Desulfuromonas_acetoxidans_DSM_684_ctg33__whole_genome_shotgun_sequence]
	Loaded [Desulfuromonas_acetoxidans_DSM_684_NZ_AAEW02000036.1_Desulfuromonas_acetoxidans_DSM_684_ctg32__whole_genome_shotgun_sequence]
	Loaded [Desulfuromonas_acetoxidans_DSM_684_NZ_AAEW02000037.1_Desulfuromonas_acetoxidans_DSM_684_ctg30__whole_genome_shotgun_sequence]
	Loaded [Desulfuromonas_acetoxidans_DSM_684_NZ_AAEW02000038.1_Desulfuromonas_acetoxidans_DSM_684_ctg28__whole_genome_shotgun_sequence]
	Loaded [Desulfuromonas_acetoxidans_DSM_684_NZ_AAEW02000039.1_Desulfuromonas_acetoxidans_DSM_684_ctg31__whole_genome_shotgun_sequence]
	Loaded [Desulfuromonas_acetoxidans_DSM_684_NZ_AAEW02000040.1_Desulfuromonas_acetoxidans_DSM_684_ctg26__whole_genome_shotgun_sequence]
	Loaded [Desulfuromonas_acetoxidans_DSM_684_NZ_AAEW02000041.1_Desulfuromonas_acetoxidans_DSM_684_ctg23__whole_genome_shotgun_sequence]
	Loaded [Desulfuromonas_acetoxidans_DSM_684_NZ_AAEW02000042.1_Desulfuromonas_acetoxidans_DSM_684_ctg25__whole_genome_shotgun_sequence]
	Loaded [Desulfuromonas_acetoxidans_DSM_684_NZ_AAEW02000043.1_Desulfuromonas_acetoxidans_DSM_684_ctg19__whole_genome_shotgun_sequence]
	Loaded [Desulfuromonas_acetoxidans_DSM_684_NZ_AAEW02000044.1_Desulfuromonas_acetoxidans_DSM_684_ctg24__whole_genome_shotgun_sequence]
	Loaded [Desulfuromonas_acetoxidans_DSM_684_NZ_AAEW02000045.1_Desulfuromonas_acetoxidans_DSM_684_ctg29__whole_genome_shotgun_sequence]
	Loaded [Desulfuromonas_acetoxidans_DSM_684_NZ_AAEW02000046.1_Desulfuromonas_acetoxidans_DSM_684_ctg20__whole_genome_shotgun_sequence]
	Loaded [Desulfuromonas_acetoxidans_DSM_684_NZ_AAEW02000047.1_Desulfuromonas_acetoxidans_DSM_684_ctg17__whole_genome_shotgun_sequence]
	Loaded [Desulfuromonas_acetoxidans_DSM_684_NZ_AAEW02000048.1_Desulfuromonas_acetoxidans_DSM_684_ctg22__whole_genome_shotgun_sequence]
	Loaded [Desulfuromonas_acetoxidans_DSM_684_NZ_AAEW02000049.1_Desulfuromonas_acetoxidans_DSM_684_ctg16__whole_genome_shotgun_sequence]
	Loaded [Desulfuromonas_acetoxidans_DSM_684_NZ_AAEW02000050.1_Desulfuromonas_acetoxidans_DSM_684_ctg21__whole_genome_shotgun_sequence]
	Loaded [Desulfuromonas_acetoxidans_DSM_684_NZ_AAEW02000051.1_Desulfuromonas_acetoxidans_DSM_684_ctg15__whole_genome_shotgun_sequence]
Loading SNPs...
	Total Regions: 51
	Total Region Length: 3828328
Analyzing contigs...
CONTIG: k105_111592_flag_1_multi_4.0000_len_807 (807bp)
Best alignment score: 74.0 (LEN: 74, IDY: 100.00)
			The best set is below. Score: 132.0, number of alignments: 2, unaligned bases: 668
		This contig is misassembled. 2 total aligns.
			Warning! This contig is more unaligned than misassembled. Contig length is 807 and total length of all aligns is 139
		Alignment: 191194 191267 | 427 354 | 74 74 | 100.0 | Desulfuromonas_acetoxidans_DSM_684_NZ_AAEW02000008.1_Desulfuromonas_acetoxidans_DSM_684_ctg63__whole_genome_shotgun_sequence k105_111592_flag_1_multi_4.0000_len_807
		Alignment: 190912 190976 | 807 743 | 65 65 | 100.0 | Desulfuromonas_acetoxidans_DSM_684_NZ_AAEW02000008.1_Desulfuromonas_acetoxidans_DSM_684_ctg63__whole_genome_shotgun_sequence k105_111592_flag_1_multi_4.0000_len_807
		Unaligned bases: 668

Analyzing coverage...
Writing SNPs into /home/crisdu/analyses_done/2.5_metaq/runs_per_reference/Desulfuromonas_acetoxidans_DSM_684/contigs_reports/nucmer_output/final-contigs.used_snps.gz
WARNING: Reference Desulfuromonas_acetoxidans_DSM_684_NZ_AAEW02000010.1_Desulfuromonas_acetoxidans_DSM_684_ctg57__whole_genome_shotgun_sequence does not have any alignments! 
WARNING: Reference Desulfuromonas_acetoxidans_DSM_684_NZ_AAEW02000006.1_Desulfuromonas_acetoxidans_DSM_684_ctg59__whole_genome_shotgun_sequence does not have any alignments! 
WARNING: Reference Desulfuromonas_acetoxidans_DSM_684_NZ_AAEW02000028.1_Desulfuromonas_acetoxidans_DSM_684_ctg34__whole_genome_shotgun_sequence does not have any alignments! 
WARNING: Reference Desulfuromonas_acetoxidans_DSM_684_NZ_AAEW02000016.1_Desulfuromonas_acetoxidans_DSM_684_ctg52__whole_genome_shotgun_sequence does not have any alignments! 
WARNING: Reference Desulfuromonas_acetoxidans_DSM_684_NZ_AAEW02000013.1_Desulfuromonas_acetoxidans_DSM_684_ctg47__whole_genome_shotgun_sequence does not have any alignments! 
WARNING: Reference Desulfuromonas_acetoxidans_DSM_684_NZ_AAEW02000044.1_Desulfuromonas_acetoxidans_DSM_684_ctg24__whole_genome_shotgun_sequence does not have any alignments! 
WARNING: Reference Desulfuromonas_acetoxidans_DSM_684_NZ_AAEW02000007.1_Desulfuromonas_acetoxidans_DSM_684_ctg62__whole_genome_shotgun_sequence does not have any alignments! 
WARNING: Reference Desulfuromonas_acetoxidans_DSM_684_NZ_AAEW02000051.1_Desulfuromonas_acetoxidans_DSM_684_ctg15__whole_genome_shotgun_sequence does not have any alignments! 
WARNING: Reference Desulfuromonas_acetoxidans_DSM_684_NZ_AAEW02000022.1_Desulfuromonas_acetoxidans_DSM_684_ctg43__whole_genome_shotgun_sequence does not have any alignments! 
WARNING: Reference Desulfuromonas_acetoxidans_DSM_684_NZ_AAEW02000046.1_Desulfuromonas_acetoxidans_DSM_684_ctg20__whole_genome_shotgun_sequence does not have any alignments! 
WARNING: Reference Desulfuromonas_acetoxidans_DSM_684_NZ_AAEW02000049.1_Desulfuromonas_acetoxidans_DSM_684_ctg16__whole_genome_shotgun_sequence does not have any alignments! 
WARNING: Reference Desulfuromonas_acetoxidans_DSM_684_NZ_AAEW02000003.1_Desulfuromonas_acetoxidans_DSM_684_ctg61__whole_genome_shotgun_sequence does not have any alignments! 
WARNING: Reference Desulfuromonas_acetoxidans_DSM_684_NZ_AAEW02000038.1_Desulfuromonas_acetoxidans_DSM_684_ctg28__whole_genome_shotgun_sequence does not have any alignments! 
WARNING: Reference Desulfuromonas_acetoxidans_DSM_684_NZ_AAEW02000036.1_Desulfuromonas_acetoxidans_DSM_684_ctg32__whole_genome_shotgun_sequence does not have any alignments! 
WARNING: Reference Desulfuromonas_acetoxidans_DSM_684_NZ_AAEW02000015.1_Desulfuromonas_acetoxidans_DSM_684_ctg50__whole_genome_shotgun_sequence does not have any alignments! 
WARNING: Reference Desulfuromonas_acetoxidans_DSM_684_NZ_AAEW02000027.1_Desulfuromonas_acetoxidans_DSM_684_ctg39__whole_genome_shotgun_sequence does not have any alignments! 
WARNING: Reference Desulfuromonas_acetoxidans_DSM_684_NZ_AAEW02000048.1_Desulfuromonas_acetoxidans_DSM_684_ctg22__whole_genome_shotgun_sequence does not have any alignments! 
WARNING: Reference Desulfuromonas_acetoxidans_DSM_684_NZ_AAEW02000035.1_Desulfuromonas_acetoxidans_DSM_684_ctg33__whole_genome_shotgun_sequence does not have any alignments! 
WARNING: Reference Desulfuromonas_acetoxidans_DSM_684_NZ_AAEW02000011.1_Desulfuromonas_acetoxidans_DSM_684_ctg54__whole_genome_shotgun_sequence does not have any alignments! 
WARNING: Reference Desulfuromonas_acetoxidans_DSM_684_NZ_AAEW02000026.1_Desulfuromonas_acetoxidans_DSM_684_ctg46__whole_genome_shotgun_sequence does not have any alignments! 
WARNING: Reference Desulfuromonas_acetoxidans_DSM_684_NZ_AAEW02000018.1_Desulfuromonas_acetoxidans_DSM_684_ctg51__whole_genome_shotgun_sequence does not have any alignments! 
WARNING: Reference Desulfuromonas_acetoxidans_DSM_684_NZ_AAEW02000024.1_Desulfuromonas_acetoxidans_DSM_684_ctg40__whole_genome_shotgun_sequence does not have any alignments! 
WARNING: Reference Desulfuromonas_acetoxidans_DSM_684_NZ_AAEW02000023.1_Desulfuromonas_acetoxidans_DSM_684_ctg44__whole_genome_shotgun_sequence does not have any alignments! 
WARNING: Reference Desulfuromonas_acetoxidans_DSM_684_NZ_AAEW02000021.1_Desulfuromonas_acetoxidans_DSM_684_ctg45__whole_genome_shotgun_sequence does not have any alignments! 
WARNING: Reference Desulfuromonas_acetoxidans_DSM_684_NZ_AAEW02000012.1_Desulfuromonas_acetoxidans_DSM_684_ctg56__whole_genome_shotgun_sequence does not have any alignments! 
WARNING: Reference Desulfuromonas_acetoxidans_DSM_684_NZ_AAEW02000042.1_Desulfuromonas_acetoxidans_DSM_684_ctg25__whole_genome_shotgun_sequence does not have any alignments! 
WARNING: Reference Desulfuromonas_acetoxidans_DSM_684_NZ_AAEW02000019.1_Desulfuromonas_acetoxidans_DSM_684_ctg49__whole_genome_shotgun_sequence does not have any alignments! 
WARNING: Reference Desulfuromonas_acetoxidans_DSM_684_NZ_AAEW02000033.1_Desulfuromonas_acetoxidans_DSM_684_ctg36__whole_genome_shotgun_sequence does not have any alignments! 
WARNING: Reference Desulfuromonas_acetoxidans_DSM_684_NZ_AAEW02000017.1_Desulfuromonas_acetoxidans_DSM_684_ctg53__whole_genome_shotgun_sequence does not have any alignments! 
WARNING: Reference Desulfuromonas_acetoxidans_DSM_684_NZ_AAEW02000034.1_Desulfuromonas_acetoxidans_DSM_684_ctg37__whole_genome_shotgun_sequence does not have any alignments! 
WARNING: Reference Desulfuromonas_acetoxidans_DSM_684_NZ_AAEW02000039.1_Desulfuromonas_acetoxidans_DSM_684_ctg31__whole_genome_shotgun_sequence does not have any alignments! 
WARNING: Reference Desulfuromonas_acetoxidans_DSM_684_NZ_AAEW02000020.1_Desulfuromonas_acetoxidans_DSM_684_ctg48__whole_genome_shotgun_sequence does not have any alignments! 
WARNING: Reference Desulfuromonas_acetoxidans_DSM_684_NZ_AAEW02000025.1_Desulfuromonas_acetoxidans_DSM_684_ctg42__whole_genome_shotgun_sequence does not have any alignments! 
WARNING: Reference Desulfuromonas_acetoxidans_DSM_684_NZ_AAEW02000029.1_Desulfuromonas_acetoxidans_DSM_684_ctg41__whole_genome_shotgun_sequence does not have any alignments! 
WARNING: Reference Desulfuromonas_acetoxidans_DSM_684_NZ_AAEW02000045.1_Desulfuromonas_acetoxidans_DSM_684_ctg29__whole_genome_shotgun_sequence does not have any alignments! 
WARNING: Reference Desulfuromonas_acetoxidans_DSM_684_NZ_AAEW02000031.1_Desulfuromonas_acetoxidans_DSM_684_ctg35__whole_genome_shotgun_sequence does not have any alignments! 
WARNING: Reference Desulfuromonas_acetoxidans_DSM_684_NZ_AAEW02000004.1_Desulfuromonas_acetoxidans_DSM_684_ctg64__whole_genome_shotgun_sequence does not have any alignments! 
WARNING: Reference Desulfuromonas_acetoxidans_DSM_684_NZ_AAEW02000037.1_Desulfuromonas_acetoxidans_DSM_684_ctg30__whole_genome_shotgun_sequence does not have any alignments! 
WARNING: Reference Desulfuromonas_acetoxidans_DSM_684_NZ_AAEW02000014.1_Desulfuromonas_acetoxidans_DSM_684_ctg55__whole_genome_shotgun_sequence does not have any alignments! 
WARNING: Reference Desulfuromonas_acetoxidans_DSM_684_NZ_AAEW02000043.1_Desulfuromonas_acetoxidans_DSM_684_ctg19__whole_genome_shotgun_sequence does not have any alignments! 
WARNING: Reference Desulfuromonas_acetoxidans_DSM_684_NZ_AAEW02000002.1_Desulfuromonas_acetoxidans_DSM_684_ctg65__whole_genome_shotgun_sequence does not have any alignments! 
	Reference Desulfuromonas_acetoxidans_DSM_684_NZ_AAEW02000008.1_Desulfuromonas_acetoxidans_DSM_684_ctg63__whole_genome_shotgun_sequence: 2 total alignments. 1 total regions.
		Region: 1 to 195317 (195317 bp)
			START in gap: 1 to 190912 (190911 bp)
			Align 1: 190912 190976 k105_111592_flag_1_multi_4.0000_len_807 807 743
				Gap between this and next alignment: 190976 to 191194 (217 bp)
				Next Alignment: 191194 191267 k105_111592_flag_1_multi_4.0000_len_807 427 354

			Align 2: 191194 191267 k105_111592_flag_1_multi_4.0000_len_807 427 354
			END in gap: 191267 to 195317 (4050 bp).

WARNING: Reference Desulfuromonas_acetoxidans_DSM_684_NZ_AAEW02000041.1_Desulfuromonas_acetoxidans_DSM_684_ctg23__whole_genome_shotgun_sequence does not have any alignments! 
WARNING: Reference Desulfuromonas_acetoxidans_DSM_684_NZ_AAEW02000001.1_Desulfuromonas_acetoxidans_DSM_684_ctg66__whole_genome_shotgun_sequence does not have any alignments! 
WARNING: Reference Desulfuromonas_acetoxidans_DSM_684_NZ_AAEW02000050.1_Desulfuromonas_acetoxidans_DSM_684_ctg21__whole_genome_shotgun_sequence does not have any alignments! 
WARNING: Reference Desulfuromonas_acetoxidans_DSM_684_NZ_AAEW02000032.1_Desulfuromonas_acetoxidans_DSM_684_ctg27__whole_genome_shotgun_sequence does not have any alignments! 
WARNING: Reference Desulfuromonas_acetoxidans_DSM_684_NZ_AAEW02000047.1_Desulfuromonas_acetoxidans_DSM_684_ctg17__whole_genome_shotgun_sequence does not have any alignments! 
WARNING: Reference Desulfuromonas_acetoxidans_DSM_684_NZ_AAEW02000030.1_Desulfuromonas_acetoxidans_DSM_684_ctg38__whole_genome_shotgun_sequence does not have any alignments! 
WARNING: Reference Desulfuromonas_acetoxidans_DSM_684_NZ_AAEW02000009.1_Desulfuromonas_acetoxidans_DSM_684_ctg58__whole_genome_shotgun_sequence does not have any alignments! 
WARNING: Reference Desulfuromonas_acetoxidans_DSM_684_NZ_AAEW02000040.1_Desulfuromonas_acetoxidans_DSM_684_ctg26__whole_genome_shotgun_sequence does not have any alignments! 
WARNING: Reference Desulfuromonas_acetoxidans_DSM_684_NZ_AAEW02000005.1_Desulfuromonas_acetoxidans_DSM_684_ctg60__whole_genome_shotgun_sequence does not have any alignments! 
Analysis is finished!
Founded SNPs were written into /home/crisdu/analyses_done/2.5_metaq/runs_per_reference/Desulfuromonas_acetoxidans_DSM_684/contigs_reports/nucmer_output/final-contigs.used_snps.gz

Results:
	Local Misassemblies: 0
	Misassemblies: 0
		Relocations: 0
		Translocations: 0
		Inversions: 0
	Fake misassemblies matched with structural variations: 0
	Misassembled Contigs: 0
	Misassembled Contig Bases: 0
	Misassemblies Inter-Contig Overlap: 0
Uncovered Regions: 0 (0)
Unaligned Contigs: 0 + 0 part
Half Unaligned Contigs with Misassemblies: 1
Unaligned Contig Bases: 0

Ambiguously Mapped Contigs: 0
Total Bases in Ambiguously Mapped Contigs: 0
Extra Bases in Ambiguously Mapped Contigs: 0
Note that --allow-ambiguity option was set to "one" and only first alignment per each of these contigs was used.

	Covered Bases: 139

	SNPs: 0
	Insertions: 0
	Deletions: 0

	Positive Gaps: 3
		Internal Gaps: 1
		External Gaps: 2
		External Gap Total: 194961
		External Gap Average: 97480
	Negative Gaps: 0
		Internal Overlaps: 0
		External Overlaps: 0
		External Overlaps Total: 0
		External Overlaps Average: 0
	Contigs with Redundant Alignments: 0 (0)
