Running pplacer v1.1.alpha19-0-g807f6f3 analysis on /home/crisdu/analyses_done/4_checkm/storage/tree/concatenated.fasta...
Didn't find any reference sequences in given alignment file. Using supplied reference alignment.
Pre-masking sequences... sequence length cut from 6988 to 6917.
Warning: pplacer results make the most sense when the given tree is multifurcating at the root. See manual for details.
Determining figs... figs disabled.
Allocating memory for internal nodes... done.
Caching likelihood information on reference tree... done.
Pulling exponents... done.
Preparing the edges for baseball... done.
working on 3_metabat_14 (1/24)...
working on 3_metabat_22 (2/24)...
working on 3_metabat_16 (3/24)...
working on 3_metabat_10 (4/24)...
working on 3_metabat_21 (5/24)...
working on 3_metabat_9 (6/24)...
working on 3_metabat_11 (7/24)...
working on 3_metabat_24 (8/24)...
working on 3_metabat_2 (9/24)...
working on 3_metabat_20 (10/24)...
working on 3_metabat_4 (11/24)...
working on 3_metabat_15 (12/24)...
working on 3_metabat_18 (13/24)...
working on 3_metabat_1 (14/24)...
working on 3_metabat_7 (15/24)...
working on 3_metabat_8 (16/24)...
working on 3_metabat_25 (17/24)...
working on 3_metabat_17 (18/24)...
working on 3_metabat_23 (19/24)...
working on 3_metabat_3 (20/24)...
working on 3_metabat_19 (21/24)...
working on 3_metabat_5 (22/24)...
working on 3_metabat_13 (23/24)...
working on 3_metabat_6 (24/24)...
