gnuplot 4.6 patchlevel 2
Aligning contigs to reference...
	Aligning contigs to the reference
Parsing coords...
Loading reference...
	Loaded [Marivita_cryptomonadis_NZ_JFKD01000001.1_Marivita_cryptomonadis_strain_CL-SK44_contig1__whole_genome_shotgun_sequence]
	Loaded [Marivita_cryptomonadis_NZ_JFKD01000002.1_Marivita_cryptomonadis_strain_CL-SK44_contig2__whole_genome_shotgun_sequence]
	Loaded [Marivita_cryptomonadis_NZ_JFKD01000003.1_Marivita_cryptomonadis_strain_CL-SK44_contig3__whole_genome_shotgun_sequence]
	Loaded [Marivita_cryptomonadis_NZ_JFKD01000004.1_Marivita_cryptomonadis_strain_CL-SK44_contig4__whole_genome_shotgun_sequence]
	Loaded [Marivita_cryptomonadis_NZ_JFKD01000005.1_Marivita_cryptomonadis_strain_CL-SK44_contig5__whole_genome_shotgun_sequence]
	Loaded [Marivita_cryptomonadis_NZ_JFKD01000006.1_Marivita_cryptomonadis_strain_CL-SK44_contig6__whole_genome_shotgun_sequence]
	Loaded [Marivita_cryptomonadis_NZ_JFKD01000007.1_Marivita_cryptomonadis_strain_CL-SK44_contig7__whole_genome_shotgun_sequence]
	Loaded [Marivita_cryptomonadis_NZ_JFKD01000008.1_Marivita_cryptomonadis_strain_CL-SK44_contig8__whole_genome_shotgun_sequence]
	Loaded [Marivita_cryptomonadis_NZ_JFKD01000009.1_Marivita_cryptomonadis_strain_CL-SK44_contig9__whole_genome_shotgun_sequence]
	Loaded [Marivita_cryptomonadis_NZ_JFKD01000010.1_Marivita_cryptomonadis_strain_CL-SK44_contig10__whole_genome_shotgun_sequence]
	Loaded [Marivita_cryptomonadis_NZ_JFKD01000011.1_Marivita_cryptomonadis_strain_CL-SK44_contig11__whole_genome_shotgun_sequence]
	Loaded [Marivita_cryptomonadis_NZ_JFKD01000012.1_Marivita_cryptomonadis_strain_CL-SK44_contig12__whole_genome_shotgun_sequence]
	Loaded [Marivita_cryptomonadis_NZ_JFKD01000013.1_Marivita_cryptomonadis_strain_CL-SK44_contig13__whole_genome_shotgun_sequence]
	Loaded [Marivita_cryptomonadis_NZ_JFKD01000014.1_Marivita_cryptomonadis_strain_CL-SK44_contig14__whole_genome_shotgun_sequence]
	Loaded [Marivita_cryptomonadis_NZ_JFKD01000015.1_Marivita_cryptomonadis_strain_CL-SK44_contig15__whole_genome_shotgun_sequence]
	Loaded [Marivita_cryptomonadis_NZ_JFKD01000016.1_Marivita_cryptomonadis_strain_CL-SK44_contig16__whole_genome_shotgun_sequence]
	Loaded [Marivita_cryptomonadis_NZ_JFKD01000017.1_Marivita_cryptomonadis_strain_CL-SK44_contig17__whole_genome_shotgun_sequence]
	Loaded [Marivita_cryptomonadis_NZ_JFKD01000018.1_Marivita_cryptomonadis_strain_CL-SK44_contig18__whole_genome_shotgun_sequence]
	Loaded [Marivita_cryptomonadis_NZ_JFKD01000019.1_Marivita_cryptomonadis_strain_CL-SK44_contig19__whole_genome_shotgun_sequence]
	Loaded [Marivita_cryptomonadis_NZ_JFKD01000020.1_Marivita_cryptomonadis_strain_CL-SK44_contig20__whole_genome_shotgun_sequence]
	Loaded [Marivita_cryptomonadis_NZ_JFKD01000021.1_Marivita_cryptomonadis_strain_CL-SK44_contig21__whole_genome_shotgun_sequence]
	Loaded [Marivita_cryptomonadis_NZ_JFKD01000022.1_Marivita_cryptomonadis_strain_CL-SK44_contig22__whole_genome_shotgun_sequence]
	Loaded [Marivita_cryptomonadis_NZ_JFKD01000023.1_Marivita_cryptomonadis_strain_CL-SK44_contig23__whole_genome_shotgun_sequence]
	Loaded [Marivita_cryptomonadis_NZ_JFKD01000024.1_Marivita_cryptomonadis_strain_CL-SK44_contig24__whole_genome_shotgun_sequence]
	Loaded [Marivita_cryptomonadis_NZ_JFKD01000025.1_Marivita_cryptomonadis_strain_CL-SK44_contig25__whole_genome_shotgun_sequence]
	Loaded [Marivita_cryptomonadis_NZ_JFKD01000026.1_Marivita_cryptomonadis_strain_CL-SK44_contig26__whole_genome_shotgun_sequence]
	Loaded [Marivita_cryptomonadis_NZ_JFKD01000027.1_Marivita_cryptomonadis_strain_CL-SK44_contig27__whole_genome_shotgun_sequence]
	Loaded [Marivita_cryptomonadis_NZ_JFKD01000028.1_Marivita_cryptomonadis_strain_CL-SK44_contig28__whole_genome_shotgun_sequence]
	Loaded [Marivita_cryptomonadis_NZ_JFKD01000029.1_Marivita_cryptomonadis_strain_CL-SK44_contig29__whole_genome_shotgun_sequence]
	Loaded [Marivita_cryptomonadis_NZ_JFKD01000030.1_Marivita_cryptomonadis_strain_CL-SK44_contig30__whole_genome_shotgun_sequence]
	Loaded [Marivita_cryptomonadis_NZ_JFKD01000031.1_Marivita_cryptomonadis_strain_CL-SK44_contig31__whole_genome_shotgun_sequence]
	Loaded [Marivita_cryptomonadis_NZ_JFKD01000032.1_Marivita_cryptomonadis_strain_CL-SK44_contig32__whole_genome_shotgun_sequence]
	Loaded [Marivita_cryptomonadis_NZ_JFKD01000033.1_Marivita_cryptomonadis_strain_CL-SK44_contig33__whole_genome_shotgun_sequence]
	Loaded [Marivita_cryptomonadis_NZ_JFKD01000034.1_Marivita_cryptomonadis_strain_CL-SK44_contig34__whole_genome_shotgun_sequence]
	Loaded [Marivita_cryptomonadis_NZ_JFKD01000035.1_Marivita_cryptomonadis_strain_CL-SK44_contig35__whole_genome_shotgun_sequence]
	Loaded [Marivita_cryptomonadis_NZ_JFKD01000036.1_Marivita_cryptomonadis_strain_CL-SK44_contig36__whole_genome_shotgun_sequence]
	Loaded [Marivita_cryptomonadis_NZ_JFKD01000037.1_Marivita_cryptomonadis_strain_CL-SK44_contig37__whole_genome_shotgun_sequence]
	Loaded [Marivita_cryptomonadis_NZ_JFKD01000038.1_Marivita_cryptomonadis_strain_CL-SK44_contig38__whole_genome_shotgun_sequence]
	Loaded [Marivita_cryptomonadis_NZ_JFKD01000039.1_Marivita_cryptomonadis_strain_CL-SK44_contig39__whole_genome_shotgun_sequence]
	Loaded [Marivita_cryptomonadis_NZ_JFKD01000040.1_Marivita_cryptomonadis_strain_CL-SK44_contig40__whole_genome_shotgun_sequence]
	Loaded [Marivita_cryptomonadis_NZ_JFKD01000041.1_Marivita_cryptomonadis_strain_CL-SK44_contig41__whole_genome_shotgun_sequence]
	Loaded [Marivita_cryptomonadis_NZ_JFKD01000042.1_Marivita_cryptomonadis_strain_CL-SK44_contig42__whole_genome_shotgun_sequence]
	Loaded [Marivita_cryptomonadis_NZ_JFKD01000043.1_Marivita_cryptomonadis_strain_CL-SK44_contig43__whole_genome_shotgun_sequence]
	Loaded [Marivita_cryptomonadis_NZ_JFKD01000044.1_Marivita_cryptomonadis_strain_CL-SK44_contig44__whole_genome_shotgun_sequence]
	Loaded [Marivita_cryptomonadis_NZ_JFKD01000045.1_Marivita_cryptomonadis_strain_CL-SK44_contig45__whole_genome_shotgun_sequence]
	Loaded [Marivita_cryptomonadis_NZ_JFKD01000046.1_Marivita_cryptomonadis_strain_CL-SK44_contig46__whole_genome_shotgun_sequence]
	Loaded [Marivita_cryptomonadis_NZ_JFKD01000047.1_Marivita_cryptomonadis_strain_CL-SK44_contig47__whole_genome_shotgun_sequence]
	Loaded [Marivita_cryptomonadis_NZ_JFKD01000048.1_Marivita_cryptomonadis_strain_CL-SK44_contig48__whole_genome_shotgun_sequence]
	Loaded [Marivita_cryptomonadis_NZ_JFKD01000049.1_Marivita_cryptomonadis_strain_CL-SK44_contig49__whole_genome_shotgun_sequence]
	Loaded [Marivita_cryptomonadis_NZ_JFKD01000050.1_Marivita_cryptomonadis_strain_CL-SK44_contig50__whole_genome_shotgun_sequence]
	Loaded [Marivita_cryptomonadis_NZ_JFKD01000051.1_Marivita_cryptomonadis_strain_CL-SK44_contig51__whole_genome_shotgun_sequence]
	Loaded [Marivita_cryptomonadis_NZ_JFKD01000052.1_Marivita_cryptomonadis_strain_CL-SK44_contig52__whole_genome_shotgun_sequence]
	Loaded [Marivita_cryptomonadis_NZ_JFKD01000053.1_Marivita_cryptomonadis_strain_CL-SK44_contig53__whole_genome_shotgun_sequence]
	Loaded [Marivita_cryptomonadis_NZ_JFKD01000054.1_Marivita_cryptomonadis_strain_CL-SK44_contig54__whole_genome_shotgun_sequence]
	Loaded [Marivita_cryptomonadis_NZ_JFKD01000055.1_Marivita_cryptomonadis_strain_CL-SK44_contig55__whole_genome_shotgun_sequence]
	Loaded [Marivita_cryptomonadis_NZ_JFKD01000056.1_Marivita_cryptomonadis_strain_CL-SK44_contig56__whole_genome_shotgun_sequence]
	Loaded [Marivita_cryptomonadis_NZ_JFKD01000057.1_Marivita_cryptomonadis_strain_CL-SK44_contig57__whole_genome_shotgun_sequence]
	Loaded [Marivita_cryptomonadis_NZ_JFKD01000058.1_Marivita_cryptomonadis_strain_CL-SK44_contig58__whole_genome_shotgun_sequence]
	Loaded [Marivita_cryptomonadis_NZ_JFKD01000059.1_Marivita_cryptomonadis_strain_CL-SK44_contig59__whole_genome_shotgun_sequence]
	Loaded [Marivita_cryptomonadis_NZ_JFKD01000060.1_Marivita_cryptomonadis_strain_CL-SK44_contig60__whole_genome_shotgun_sequence]
	Loaded [Marivita_cryptomonadis_NZ_JFKD01000061.1_Marivita_cryptomonadis_strain_CL-SK44_contig61__whole_genome_shotgun_sequence]
	Loaded [Marivita_cryptomonadis_NZ_JFKD01000062.1_Marivita_cryptomonadis_strain_CL-SK44_contig62__whole_genome_shotgun_sequence]
	Loaded [Marivita_cryptomonadis_NZ_JFKD01000063.1_Marivita_cryptomonadis_strain_CL-SK44_contig63__whole_genome_shotgun_sequence]
	Loaded [Marivita_cryptomonadis_NZ_JFKD01000064.1_Marivita_cryptomonadis_strain_CL-SK44_contig64__whole_genome_shotgun_sequence]
	Loaded [Marivita_cryptomonadis_NZ_JFKD01000065.1_Marivita_cryptomonadis_strain_CL-SK44_contig65__whole_genome_shotgun_sequence]
	Loaded [Marivita_cryptomonadis_NZ_JFKD01000066.1_Marivita_cryptomonadis_strain_CL-SK44_contig66__whole_genome_shotgun_sequence]
	Loaded [Marivita_cryptomonadis_NZ_JFKD01000067.1_Marivita_cryptomonadis_strain_CL-SK44_contig67__whole_genome_shotgun_sequence]
	Loaded [Marivita_cryptomonadis_NZ_JFKD01000068.1_Marivita_cryptomonadis_strain_CL-SK44_contig68__whole_genome_shotgun_sequence]
	Loaded [Marivita_cryptomonadis_NZ_JFKD01000069.1_Marivita_cryptomonadis_strain_CL-SK44_contig69__whole_genome_shotgun_sequence]
	Loaded [Marivita_cryptomonadis_NZ_JFKD01000070.1_Marivita_cryptomonadis_strain_CL-SK44_contig70__whole_genome_shotgun_sequence]
	Loaded [Marivita_cryptomonadis_NZ_JFKD01000071.1_Marivita_cryptomonadis_strain_CL-SK44_contig71__whole_genome_shotgun_sequence]
	Loaded [Marivita_cryptomonadis_NZ_JFKD01000072.1_Marivita_cryptomonadis_strain_CL-SK44_contig72__whole_genome_shotgun_sequence]
	Loaded [Marivita_cryptomonadis_NZ_JFKD01000073.1_Marivita_cryptomonadis_strain_CL-SK44_contig73__whole_genome_shotgun_sequence]
	Loaded [Marivita_cryptomonadis_NZ_JFKD01000074.1_Marivita_cryptomonadis_strain_CL-SK44_contig74__whole_genome_shotgun_sequence]
	Loaded [Marivita_cryptomonadis_NZ_JFKD01000075.1_Marivita_cryptomonadis_strain_CL-SK44_contig75__whole_genome_shotgun_sequence]
	Loaded [Marivita_cryptomonadis_NZ_JFKD01000076.1_Marivita_cryptomonadis_strain_CL-SK44_contig76__whole_genome_shotgun_sequence]
	Loaded [Marivita_cryptomonadis_NZ_JFKD01000077.1_Marivita_cryptomonadis_strain_CL-SK44_contig77__whole_genome_shotgun_sequence]
	Loaded [Marivita_cryptomonadis_NZ_JFKD01000078.1_Marivita_cryptomonadis_strain_CL-SK44_contig78__whole_genome_shotgun_sequence]
	Loaded [Marivita_cryptomonadis_NZ_JFKD01000079.1_Marivita_cryptomonadis_strain_CL-SK44_contig79__whole_genome_shotgun_sequence]
	Loaded [Marivita_cryptomonadis_NZ_JFKD01000080.1_Marivita_cryptomonadis_strain_CL-SK44_contig80__whole_genome_shotgun_sequence]
	Loaded [Marivita_cryptomonadis_NZ_JFKD01000081.1_Marivita_cryptomonadis_strain_CL-SK44_contig81__whole_genome_shotgun_sequence]
	Loaded [Marivita_cryptomonadis_NZ_JFKD01000082.1_Marivita_cryptomonadis_strain_CL-SK44_contig82__whole_genome_shotgun_sequence]
	Loaded [Marivita_cryptomonadis_NZ_JFKD01000083.1_Marivita_cryptomonadis_strain_CL-SK44_contig83__whole_genome_shotgun_sequence]
	Loaded [Marivita_cryptomonadis_NZ_JFKD01000084.1_Marivita_cryptomonadis_strain_CL-SK44_contig84__whole_genome_shotgun_sequence]
	Loaded [Marivita_cryptomonadis_NZ_JFKD01000085.1_Marivita_cryptomonadis_strain_CL-SK44_contig85__whole_genome_shotgun_sequence]
	Loaded [Marivita_cryptomonadis_NZ_JFKD01000086.1_Marivita_cryptomonadis_strain_CL-SK44_contig86__whole_genome_shotgun_sequence]
	Loaded [Marivita_cryptomonadis_NZ_JFKD01000087.1_Marivita_cryptomonadis_strain_CL-SK44_contig87__whole_genome_shotgun_sequence]
	Loaded [Marivita_cryptomonadis_NZ_JFKD01000088.1_Marivita_cryptomonadis_strain_CL-SK44_contig88__whole_genome_shotgun_sequence]
	Loaded [Marivita_cryptomonadis_NZ_JFKD01000089.1_Marivita_cryptomonadis_strain_CL-SK44_contig89__whole_genome_shotgun_sequence]
	Loaded [Marivita_cryptomonadis_NZ_JFKD01000090.1_Marivita_cryptomonadis_strain_CL-SK44_contig90__whole_genome_shotgun_sequence]
	Loaded [Marivita_cryptomonadis_NZ_JFKD01000091.1_Marivita_cryptomonadis_strain_CL-SK44_contig91__whole_genome_shotgun_sequence]
	Loaded [Marivita_cryptomonadis_NZ_JFKD01000092.1_Marivita_cryptomonadis_strain_CL-SK44_contig92__whole_genome_shotgun_sequence]
	Loaded [Marivita_cryptomonadis_NZ_JFKD01000093.1_Marivita_cryptomonadis_strain_CL-SK44_contig93__whole_genome_shotgun_sequence]
	Loaded [Marivita_cryptomonadis_NZ_JFKD01000094.1_Marivita_cryptomonadis_strain_CL-SK44_contig94__whole_genome_shotgun_sequence]
	Loaded [Marivita_cryptomonadis_NZ_JFKD01000095.1_Marivita_cryptomonadis_strain_CL-SK44_contig95__whole_genome_shotgun_sequence]
	Loaded [Marivita_cryptomonadis_NZ_JFKD01000096.1_Marivita_cryptomonadis_strain_CL-SK44_contig96__whole_genome_shotgun_sequence]
	Loaded [Marivita_cryptomonadis_NZ_JFKD01000097.1_Marivita_cryptomonadis_strain_CL-SK44_contig97__whole_genome_shotgun_sequence]
	Loaded [Marivita_cryptomonadis_NZ_JFKD01000098.1_Marivita_cryptomonadis_strain_CL-SK44_contig98__whole_genome_shotgun_sequence]
	Loaded [Marivita_cryptomonadis_NZ_JFKD01000099.1_Marivita_cryptomonadis_strain_CL-SK44_contig99__whole_genome_shotgun_sequence]
	Loaded [Marivita_cryptomonadis_NZ_JFKD01000100.1_Marivita_cryptomonadis_strain_CL-SK44_contig100__whole_genome_shotgun_sequence]
	Loaded [Marivita_cryptomonadis_NZ_JFKD01000101.1_Marivita_cryptomonadis_strain_CL-SK44_contig101__whole_genome_shotgun_sequence]
	Loaded [Marivita_cryptomonadis_NZ_JFKD01000102.1_Marivita_cryptomonadis_strain_CL-SK44_contig102__whole_genome_shotgun_sequence]
	Loaded [Marivita_cryptomonadis_NZ_JFKD01000103.1_Marivita_cryptomonadis_strain_CL-SK44_contig103__whole_genome_shotgun_sequence]
	Loaded [Marivita_cryptomonadis_NZ_JFKD01000104.1_Marivita_cryptomonadis_strain_CL-SK44_contig104__whole_genome_shotgun_sequence]
	Loaded [Marivita_cryptomonadis_NZ_JFKD01000105.1_Marivita_cryptomonadis_strain_CL-SK44_contig105__whole_genome_shotgun_sequence]
	Loaded [Marivita_cryptomonadis_NZ_JFKD01000106.1_Marivita_cryptomonadis_strain_CL-SK44_contig106__whole_genome_shotgun_sequence]
	Loaded [Marivita_cryptomonadis_NZ_JFKD01000107.1_Marivita_cryptomonadis_strain_CL-SK44_contig107__whole_genome_shotgun_sequence]
	Loaded [Marivita_cryptomonadis_NZ_JFKD01000108.1_Marivita_cryptomonadis_strain_CL-SK44_contig108__whole_genome_shotgun_sequence]
	Loaded [Marivita_cryptomonadis_NZ_JFKD01000109.1_Marivita_cryptomonadis_strain_CL-SK44_contig109__whole_genome_shotgun_sequence]
	Loaded [Marivita_cryptomonadis_NZ_JFKD01000110.1_Marivita_cryptomonadis_strain_CL-SK44_contig110__whole_genome_shotgun_sequence]
	Loaded [Marivita_cryptomonadis_NZ_JFKD01000111.1_Marivita_cryptomonadis_strain_CL-SK44_contig111__whole_genome_shotgun_sequence]
	Loaded [Marivita_cryptomonadis_NZ_JFKD01000112.1_Marivita_cryptomonadis_strain_CL-SK44_contig112__whole_genome_shotgun_sequence]
	Loaded [Marivita_cryptomonadis_NZ_JFKD01000113.1_Marivita_cryptomonadis_strain_CL-SK44_contig113__whole_genome_shotgun_sequence]
	Loaded [Marivita_cryptomonadis_NZ_JFKD01000114.1_Marivita_cryptomonadis_strain_CL-SK44_contig114__whole_genome_shotgun_sequence]
	Loaded [Marivita_cryptomonadis_NZ_JFKD01000115.1_Marivita_cryptomonadis_strain_CL-SK44_contig115__whole_genome_shotgun_sequence]
Loading SNPs...
	Total Regions: 115
	Total Region Length: 4610381
Analyzing contigs...
CONTIG: k105_31513_flag_1_multi_31.7927_len_573 (573bp)
Best alignment score: 558.0 (LEN: 573, IDY: 97.39)
		One align captures most of this contig: 4319 4891 | 573 1 | 573 573 | 97.39 | Marivita_cryptomonadis_NZ_JFKD01000051.1_Marivita_cryptomonadis_strain_CL-SK44_contig51__whole_genome_shotgun_sequence k105_31513_flag_1_multi_31.7927_len_573

CONTIG: k105_36199_flag_1_multi_8.0000_len_1239 (1239bp)
Best alignment score: 89.0 (LEN: 91, IDY: 97.80)
			The best set is below. Score: 89.0, number of alignments: 1, unaligned bases: 1148
		This contig is partially unaligned. (Aligned 91 out of 1239 bases)
		Alignment: 1846 1935 | 1 91 | 90 91 | 97.8 | Marivita_cryptomonadis_NZ_JFKD01000051.1_Marivita_cryptomonadis_strain_CL-SK44_contig51__whole_genome_shotgun_sequence k105_36199_flag_1_multi_8.0000_len_1239
		Unaligned bases: 92 to 1239 (1148)

CONTIG: k105_93363_flag_1_multi_3.0000_len_661 (661bp)
Best alignment score: 235.0 (LEN: 243, IDY: 96.71)
			The best set is below. Score: 265.0, number of alignments: 2, unaligned bases: 336
		This contig is misassembled. 2 total aligns.
			Warning! This contig is more unaligned than misassembled. Contig length is 661 and total length of all aligns is 325
		Alignment: 71172 71252 | 117 198 | 81 82 | 98.78 | Marivita_cryptomonadis_NZ_JFKD01000019.1_Marivita_cryptomonadis_strain_CL-SK44_contig19__whole_genome_shotgun_sequence k105_93363_flag_1_multi_3.0000_len_661
		Alignment: 5223 5464 | 661 419 | 242 243 | 96.71 | Marivita_cryptomonadis_NZ_JFKD01000051.1_Marivita_cryptomonadis_strain_CL-SK44_contig51__whole_genome_shotgun_sequence k105_93363_flag_1_multi_3.0000_len_661
		Unaligned bases: 336

CONTIG: k105_157440_flag_1_multi_9.0811_len_2250 (2250bp)
Best alignment score: 1336.1 (LEN: 1387, IDY: 96.33)
			The best set is below. Score: 1336.1, number of alignments: 1, unaligned bases: 863
		This contig is partially unaligned. (Aligned 1387 out of 2250 bases)
		Alignment: 145 1531 | 864 2250 | 1387 1387 | 96.33 | Marivita_cryptomonadis_NZ_JFKD01000051.1_Marivita_cryptomonadis_strain_CL-SK44_contig51__whole_genome_shotgun_sequence k105_157440_flag_1_multi_9.0811_len_2250
		Unaligned bases: 1 to 863 (863)

CONTIG: k105_36867_flag_1_multi_4.0000_len_731 (731bp)
Best alignment score: 103.0 (LEN: 105, IDY: 98.10)
			The best set is below. Score: 103.0, number of alignments: 1, unaligned bases: 626
		This contig is partially unaligned. (Aligned 105 out of 731 bases)
		Alignment: 474 578 | 105 1 | 105 105 | 98.1 | Marivita_cryptomonadis_NZ_JFKD01000109.1_Marivita_cryptomonadis_strain_CL-SK44_contig109__whole_genome_shotgun_sequence k105_36867_flag_1_multi_4.0000_len_731
		Unaligned bases: 106 to 731 (626)

CONTIG: k105_99637_flag_0_multi_10.6657_len_823 (823bp)
Best alignment score: 203.0 (LEN: 211, IDY: 96.21)
			The best set is below. Score: 203.0, number of alignments: 1, unaligned bases: 612
		This contig is partially unaligned. (Aligned 211 out of 823 bases)
		Alignment: 170 380 | 823 613 | 211 211 | 96.21 | Marivita_cryptomonadis_NZ_JFKD01000096.1_Marivita_cryptomonadis_strain_CL-SK44_contig96__whole_genome_shotgun_sequence k105_99637_flag_0_multi_10.6657_len_823
		Unaligned bases: 1 to 612 (612)

CONTIG: k105_90124_flag_1_multi_1.9253_len_1123 (1123bp)
Best alignment score: 82.0 (LEN: 82, IDY: 100.00)
			The best set is below. Score: 82.0, number of alignments: 1, unaligned bases: 1041
		This contig is partially unaligned. (Aligned 82 out of 1123 bases)
		Alignment: 24888 24969 | 84 3 | 82 82 | 100.0 | Marivita_cryptomonadis_NZ_JFKD01000029.1_Marivita_cryptomonadis_strain_CL-SK44_contig29__whole_genome_shotgun_sequence k105_90124_flag_1_multi_1.9253_len_1123
		Unaligned bases: 1 to 2 (2)
		Unaligned bases: 85 to 1123 (1039)

CONTIG: k105_77092_flag_1_multi_3.0000_len_647 (647bp)
Best alignment score: 87.0 (LEN: 87, IDY: 100.00)
			Skipping redundant alignments after choosing the best set of alignments
		Skipping redundant alignment 159570 159650 | 234 314 | 81 81 | 98.77 | Marivita_cryptomonadis_NZ_JFKD01000009.1_Marivita_cryptomonadis_strain_CL-SK44_contig9__whole_genome_shotgun_sequence k105_77092_flag_1_multi_3.0000_len_647
			The best set is below. Score: 87.0, number of alignments: 1, unaligned bases: 560
		Alignment: 159680 159766 | 238 324 | 87 87 | 100.0 | Marivita_cryptomonadis_NZ_JFKD01000009.1_Marivita_cryptomonadis_strain_CL-SK44_contig9__whole_genome_shotgun_sequence k105_77092_flag_1_multi_3.0000_len_647

CONTIG: k105_29957_flag_1_multi_1.9368_len_849 (849bp)
Best alignment score: 99.0 (LEN: 100, IDY: 99.00)
			The best set is below. Score: 99.0, number of alignments: 1, unaligned bases: 749
		This contig is partially unaligned. (Aligned 100 out of 849 bases)
		Alignment: 106043 106142 | 689 590 | 100 100 | 99.0 | Marivita_cryptomonadis_NZ_JFKD01000015.1_Marivita_cryptomonadis_strain_CL-SK44_contig15__whole_genome_shotgun_sequence k105_29957_flag_1_multi_1.9368_len_849
		Unaligned bases: 1 to 589 (589)
		Unaligned bases: 690 to 849 (160)

Analyzing coverage...
Writing SNPs into /home/crisdu/analyses_done/2.5_metaq/runs_per_reference/Marivita_cryptomonadis/contigs_reports/nucmer_output/final-contigs.used_snps.gz
WARNING: Reference Marivita_cryptomonadis_NZ_JFKD01000094.1_Marivita_cryptomonadis_strain_CL-SK44_contig94__whole_genome_shotgun_sequence does not have any alignments! 
WARNING: Reference Marivita_cryptomonadis_NZ_JFKD01000068.1_Marivita_cryptomonadis_strain_CL-SK44_contig68__whole_genome_shotgun_sequence does not have any alignments! 
WARNING: Reference Marivita_cryptomonadis_NZ_JFKD01000071.1_Marivita_cryptomonadis_strain_CL-SK44_contig71__whole_genome_shotgun_sequence does not have any alignments! 
WARNING: Reference Marivita_cryptomonadis_NZ_JFKD01000012.1_Marivita_cryptomonadis_strain_CL-SK44_contig12__whole_genome_shotgun_sequence does not have any alignments! 
WARNING: Reference Marivita_cryptomonadis_NZ_JFKD01000058.1_Marivita_cryptomonadis_strain_CL-SK44_contig58__whole_genome_shotgun_sequence does not have any alignments! 
WARNING: Reference Marivita_cryptomonadis_NZ_JFKD01000032.1_Marivita_cryptomonadis_strain_CL-SK44_contig32__whole_genome_shotgun_sequence does not have any alignments! 
WARNING: Reference Marivita_cryptomonadis_NZ_JFKD01000062.1_Marivita_cryptomonadis_strain_CL-SK44_contig62__whole_genome_shotgun_sequence does not have any alignments! 
WARNING: Reference Marivita_cryptomonadis_NZ_JFKD01000018.1_Marivita_cryptomonadis_strain_CL-SK44_contig18__whole_genome_shotgun_sequence does not have any alignments! 
WARNING: Reference Marivita_cryptomonadis_NZ_JFKD01000060.1_Marivita_cryptomonadis_strain_CL-SK44_contig60__whole_genome_shotgun_sequence does not have any alignments! 
WARNING: Reference Marivita_cryptomonadis_NZ_JFKD01000090.1_Marivita_cryptomonadis_strain_CL-SK44_contig90__whole_genome_shotgun_sequence does not have any alignments! 
WARNING: Reference Marivita_cryptomonadis_NZ_JFKD01000113.1_Marivita_cryptomonadis_strain_CL-SK44_contig113__whole_genome_shotgun_sequence does not have any alignments! 
WARNING: Reference Marivita_cryptomonadis_NZ_JFKD01000099.1_Marivita_cryptomonadis_strain_CL-SK44_contig99__whole_genome_shotgun_sequence does not have any alignments! 
WARNING: Reference Marivita_cryptomonadis_NZ_JFKD01000065.1_Marivita_cryptomonadis_strain_CL-SK44_contig65__whole_genome_shotgun_sequence does not have any alignments! 
WARNING: Reference Marivita_cryptomonadis_NZ_JFKD01000067.1_Marivita_cryptomonadis_strain_CL-SK44_contig67__whole_genome_shotgun_sequence does not have any alignments! 
WARNING: Reference Marivita_cryptomonadis_NZ_JFKD01000008.1_Marivita_cryptomonadis_strain_CL-SK44_contig8__whole_genome_shotgun_sequence does not have any alignments! 
WARNING: Reference Marivita_cryptomonadis_NZ_JFKD01000016.1_Marivita_cryptomonadis_strain_CL-SK44_contig16__whole_genome_shotgun_sequence does not have any alignments! 
WARNING: Reference Marivita_cryptomonadis_NZ_JFKD01000017.1_Marivita_cryptomonadis_strain_CL-SK44_contig17__whole_genome_shotgun_sequence does not have any alignments! 
WARNING: Reference Marivita_cryptomonadis_NZ_JFKD01000042.1_Marivita_cryptomonadis_strain_CL-SK44_contig42__whole_genome_shotgun_sequence does not have any alignments! 
WARNING: Reference Marivita_cryptomonadis_NZ_JFKD01000102.1_Marivita_cryptomonadis_strain_CL-SK44_contig102__whole_genome_shotgun_sequence does not have any alignments! 
WARNING: Reference Marivita_cryptomonadis_NZ_JFKD01000023.1_Marivita_cryptomonadis_strain_CL-SK44_contig23__whole_genome_shotgun_sequence does not have any alignments! 
WARNING: Reference Marivita_cryptomonadis_NZ_JFKD01000010.1_Marivita_cryptomonadis_strain_CL-SK44_contig10__whole_genome_shotgun_sequence does not have any alignments! 
WARNING: Reference Marivita_cryptomonadis_NZ_JFKD01000046.1_Marivita_cryptomonadis_strain_CL-SK44_contig46__whole_genome_shotgun_sequence does not have any alignments! 
WARNING: Reference Marivita_cryptomonadis_NZ_JFKD01000105.1_Marivita_cryptomonadis_strain_CL-SK44_contig105__whole_genome_shotgun_sequence does not have any alignments! 
WARNING: Reference Marivita_cryptomonadis_NZ_JFKD01000035.1_Marivita_cryptomonadis_strain_CL-SK44_contig35__whole_genome_shotgun_sequence does not have any alignments! 
WARNING: Reference Marivita_cryptomonadis_NZ_JFKD01000084.1_Marivita_cryptomonadis_strain_CL-SK44_contig84__whole_genome_shotgun_sequence does not have any alignments! 
WARNING: Reference Marivita_cryptomonadis_NZ_JFKD01000001.1_Marivita_cryptomonadis_strain_CL-SK44_contig1__whole_genome_shotgun_sequence does not have any alignments! 
WARNING: Reference Marivita_cryptomonadis_NZ_JFKD01000011.1_Marivita_cryptomonadis_strain_CL-SK44_contig11__whole_genome_shotgun_sequence does not have any alignments! 
WARNING: Reference Marivita_cryptomonadis_NZ_JFKD01000078.1_Marivita_cryptomonadis_strain_CL-SK44_contig78__whole_genome_shotgun_sequence does not have any alignments! 
WARNING: Reference Marivita_cryptomonadis_NZ_JFKD01000013.1_Marivita_cryptomonadis_strain_CL-SK44_contig13__whole_genome_shotgun_sequence does not have any alignments! 
WARNING: Reference Marivita_cryptomonadis_NZ_JFKD01000072.1_Marivita_cryptomonadis_strain_CL-SK44_contig72__whole_genome_shotgun_sequence does not have any alignments! 
WARNING: Reference Marivita_cryptomonadis_NZ_JFKD01000025.1_Marivita_cryptomonadis_strain_CL-SK44_contig25__whole_genome_shotgun_sequence does not have any alignments! 
WARNING: Reference Marivita_cryptomonadis_NZ_JFKD01000003.1_Marivita_cryptomonadis_strain_CL-SK44_contig3__whole_genome_shotgun_sequence does not have any alignments! 
WARNING: Reference Marivita_cryptomonadis_NZ_JFKD01000082.1_Marivita_cryptomonadis_strain_CL-SK44_contig82__whole_genome_shotgun_sequence does not have any alignments! 
WARNING: Reference Marivita_cryptomonadis_NZ_JFKD01000070.1_Marivita_cryptomonadis_strain_CL-SK44_contig70__whole_genome_shotgun_sequence does not have any alignments! 
WARNING: Reference Marivita_cryptomonadis_NZ_JFKD01000040.1_Marivita_cryptomonadis_strain_CL-SK44_contig40__whole_genome_shotgun_sequence does not have any alignments! 
WARNING: Reference Marivita_cryptomonadis_NZ_JFKD01000037.1_Marivita_cryptomonadis_strain_CL-SK44_contig37__whole_genome_shotgun_sequence does not have any alignments! 
WARNING: Reference Marivita_cryptomonadis_NZ_JFKD01000086.1_Marivita_cryptomonadis_strain_CL-SK44_contig86__whole_genome_shotgun_sequence does not have any alignments! 
WARNING: Reference Marivita_cryptomonadis_NZ_JFKD01000114.1_Marivita_cryptomonadis_strain_CL-SK44_contig114__whole_genome_shotgun_sequence does not have any alignments! 
	Reference Marivita_cryptomonadis_NZ_JFKD01000096.1_Marivita_cryptomonadis_strain_CL-SK44_contig96__whole_genome_shotgun_sequence: 1 total alignments. 1 total regions.
		Region: 1 to 870 (870 bp)
			START in gap: 1 to 170 (169 bp)
			Align 1: 170 380 k105_99637_flag_0_multi_10.6657_len_823 823 613
			END in gap: 380 to 870 (490 bp).

WARNING: Reference Marivita_cryptomonadis_NZ_JFKD01000066.1_Marivita_cryptomonadis_strain_CL-SK44_contig66__whole_genome_shotgun_sequence does not have any alignments! 
	Reference Marivita_cryptomonadis_NZ_JFKD01000029.1_Marivita_cryptomonadis_strain_CL-SK44_contig29__whole_genome_shotgun_sequence: 1 total alignments. 1 total regions.
		Region: 1 to 31348 (31348 bp)
			START in gap: 1 to 24888 (24887 bp)
			Align 1: 24888 24969 k105_90124_flag_1_multi_1.9253_len_1123 84 3
			END in gap: 24969 to 31348 (6379 bp).

	Reference Marivita_cryptomonadis_NZ_JFKD01000009.1_Marivita_cryptomonadis_strain_CL-SK44_contig9__whole_genome_shotgun_sequence: 1 total alignments. 1 total regions.
		Region: 1 to 196262 (196262 bp)
			START in gap: 1 to 159680 (159679 bp)
			Align 1: 159680 159766 k105_77092_flag_1_multi_3.0000_len_647 238 324
			END in gap: 159766 to 196262 (36496 bp).

WARNING: Reference Marivita_cryptomonadis_NZ_JFKD01000045.1_Marivita_cryptomonadis_strain_CL-SK44_contig45__whole_genome_shotgun_sequence does not have any alignments! 
WARNING: Reference Marivita_cryptomonadis_NZ_JFKD01000075.1_Marivita_cryptomonadis_strain_CL-SK44_contig75__whole_genome_shotgun_sequence does not have any alignments! 
WARNING: Reference Marivita_cryptomonadis_NZ_JFKD01000043.1_Marivita_cryptomonadis_strain_CL-SK44_contig43__whole_genome_shotgun_sequence does not have any alignments! 
WARNING: Reference Marivita_cryptomonadis_NZ_JFKD01000028.1_Marivita_cryptomonadis_strain_CL-SK44_contig28__whole_genome_shotgun_sequence does not have any alignments! 
WARNING: Reference Marivita_cryptomonadis_NZ_JFKD01000059.1_Marivita_cryptomonadis_strain_CL-SK44_contig59__whole_genome_shotgun_sequence does not have any alignments! 
WARNING: Reference Marivita_cryptomonadis_NZ_JFKD01000088.1_Marivita_cryptomonadis_strain_CL-SK44_contig88__whole_genome_shotgun_sequence does not have any alignments! 
WARNING: Reference Marivita_cryptomonadis_NZ_JFKD01000080.1_Marivita_cryptomonadis_strain_CL-SK44_contig80__whole_genome_shotgun_sequence does not have any alignments! 
WARNING: Reference Marivita_cryptomonadis_NZ_JFKD01000034.1_Marivita_cryptomonadis_strain_CL-SK44_contig34__whole_genome_shotgun_sequence does not have any alignments! 
WARNING: Reference Marivita_cryptomonadis_NZ_JFKD01000024.1_Marivita_cryptomonadis_strain_CL-SK44_contig24__whole_genome_shotgun_sequence does not have any alignments! 
WARNING: Reference Marivita_cryptomonadis_NZ_JFKD01000081.1_Marivita_cryptomonadis_strain_CL-SK44_contig81__whole_genome_shotgun_sequence does not have any alignments! 
WARNING: Reference Marivita_cryptomonadis_NZ_JFKD01000057.1_Marivita_cryptomonadis_strain_CL-SK44_contig57__whole_genome_shotgun_sequence does not have any alignments! 
WARNING: Reference Marivita_cryptomonadis_NZ_JFKD01000112.1_Marivita_cryptomonadis_strain_CL-SK44_contig112__whole_genome_shotgun_sequence does not have any alignments! 
WARNING: Reference Marivita_cryptomonadis_NZ_JFKD01000079.1_Marivita_cryptomonadis_strain_CL-SK44_contig79__whole_genome_shotgun_sequence does not have any alignments! 
WARNING: Reference Marivita_cryptomonadis_NZ_JFKD01000087.1_Marivita_cryptomonadis_strain_CL-SK44_contig87__whole_genome_shotgun_sequence does not have any alignments! 
	Reference Marivita_cryptomonadis_NZ_JFKD01000109.1_Marivita_cryptomonadis_strain_CL-SK44_contig109__whole_genome_shotgun_sequence: 1 total alignments. 1 total regions.
		Region: 1 to 705 (705 bp)
			START in gap: 1 to 474 (473 bp)
			Align 1: 474 578 k105_36867_flag_1_multi_4.0000_len_731 105 1
			END in gap: 578 to 705 (127 bp).

WARNING: Reference Marivita_cryptomonadis_NZ_JFKD01000052.1_Marivita_cryptomonadis_strain_CL-SK44_contig52__whole_genome_shotgun_sequence does not have any alignments! 
WARNING: Reference Marivita_cryptomonadis_NZ_JFKD01000039.1_Marivita_cryptomonadis_strain_CL-SK44_contig39__whole_genome_shotgun_sequence does not have any alignments! 
WARNING: Reference Marivita_cryptomonadis_NZ_JFKD01000030.1_Marivita_cryptomonadis_strain_CL-SK44_contig30__whole_genome_shotgun_sequence does not have any alignments! 
WARNING: Reference Marivita_cryptomonadis_NZ_JFKD01000047.1_Marivita_cryptomonadis_strain_CL-SK44_contig47__whole_genome_shotgun_sequence does not have any alignments! 
WARNING: Reference Marivita_cryptomonadis_NZ_JFKD01000053.1_Marivita_cryptomonadis_strain_CL-SK44_contig53__whole_genome_shotgun_sequence does not have any alignments! 
WARNING: Reference Marivita_cryptomonadis_NZ_JFKD01000098.1_Marivita_cryptomonadis_strain_CL-SK44_contig98__whole_genome_shotgun_sequence does not have any alignments! 
WARNING: Reference Marivita_cryptomonadis_NZ_JFKD01000005.1_Marivita_cryptomonadis_strain_CL-SK44_contig5__whole_genome_shotgun_sequence does not have any alignments! 
WARNING: Reference Marivita_cryptomonadis_NZ_JFKD01000036.1_Marivita_cryptomonadis_strain_CL-SK44_contig36__whole_genome_shotgun_sequence does not have any alignments! 
WARNING: Reference Marivita_cryptomonadis_NZ_JFKD01000031.1_Marivita_cryptomonadis_strain_CL-SK44_contig31__whole_genome_shotgun_sequence does not have any alignments! 
WARNING: Reference Marivita_cryptomonadis_NZ_JFKD01000103.1_Marivita_cryptomonadis_strain_CL-SK44_contig103__whole_genome_shotgun_sequence does not have any alignments! 
WARNING: Reference Marivita_cryptomonadis_NZ_JFKD01000061.1_Marivita_cryptomonadis_strain_CL-SK44_contig61__whole_genome_shotgun_sequence does not have any alignments! 
WARNING: Reference Marivita_cryptomonadis_NZ_JFKD01000104.1_Marivita_cryptomonadis_strain_CL-SK44_contig104__whole_genome_shotgun_sequence does not have any alignments! 
WARNING: Reference Marivita_cryptomonadis_NZ_JFKD01000004.1_Marivita_cryptomonadis_strain_CL-SK44_contig4__whole_genome_shotgun_sequence does not have any alignments! 
WARNING: Reference Marivita_cryptomonadis_NZ_JFKD01000085.1_Marivita_cryptomonadis_strain_CL-SK44_contig85__whole_genome_shotgun_sequence does not have any alignments! 
WARNING: Reference Marivita_cryptomonadis_NZ_JFKD01000048.1_Marivita_cryptomonadis_strain_CL-SK44_contig48__whole_genome_shotgun_sequence does not have any alignments! 
WARNING: Reference Marivita_cryptomonadis_NZ_JFKD01000014.1_Marivita_cryptomonadis_strain_CL-SK44_contig14__whole_genome_shotgun_sequence does not have any alignments! 
WARNING: Reference Marivita_cryptomonadis_NZ_JFKD01000101.1_Marivita_cryptomonadis_strain_CL-SK44_contig101__whole_genome_shotgun_sequence does not have any alignments! 
	Reference Marivita_cryptomonadis_NZ_JFKD01000015.1_Marivita_cryptomonadis_strain_CL-SK44_contig15__whole_genome_shotgun_sequence: 1 total alignments. 1 total regions.
		Region: 1 to 121961 (121961 bp)
			START in gap: 1 to 106043 (106042 bp)
			Align 1: 106043 106142 k105_29957_flag_1_multi_1.9368_len_849 689 590
			END in gap: 106142 to 121961 (15819 bp).

WARNING: Reference Marivita_cryptomonadis_NZ_JFKD01000107.1_Marivita_cryptomonadis_strain_CL-SK44_contig107__whole_genome_shotgun_sequence does not have any alignments! 
WARNING: Reference Marivita_cryptomonadis_NZ_JFKD01000110.1_Marivita_cryptomonadis_strain_CL-SK44_contig110__whole_genome_shotgun_sequence does not have any alignments! 
WARNING: Reference Marivita_cryptomonadis_NZ_JFKD01000076.1_Marivita_cryptomonadis_strain_CL-SK44_contig76__whole_genome_shotgun_sequence does not have any alignments! 
WARNING: Reference Marivita_cryptomonadis_NZ_JFKD01000026.1_Marivita_cryptomonadis_strain_CL-SK44_contig26__whole_genome_shotgun_sequence does not have any alignments! 
WARNING: Reference Marivita_cryptomonadis_NZ_JFKD01000002.1_Marivita_cryptomonadis_strain_CL-SK44_contig2__whole_genome_shotgun_sequence does not have any alignments! 
WARNING: Reference Marivita_cryptomonadis_NZ_JFKD01000064.1_Marivita_cryptomonadis_strain_CL-SK44_contig64__whole_genome_shotgun_sequence does not have any alignments! 
WARNING: Reference Marivita_cryptomonadis_NZ_JFKD01000069.1_Marivita_cryptomonadis_strain_CL-SK44_contig69__whole_genome_shotgun_sequence does not have any alignments! 
WARNING: Reference Marivita_cryptomonadis_NZ_JFKD01000055.1_Marivita_cryptomonadis_strain_CL-SK44_contig55__whole_genome_shotgun_sequence does not have any alignments! 
WARNING: Reference Marivita_cryptomonadis_NZ_JFKD01000115.1_Marivita_cryptomonadis_strain_CL-SK44_contig115__whole_genome_shotgun_sequence does not have any alignments! 
WARNING: Reference Marivita_cryptomonadis_NZ_JFKD01000091.1_Marivita_cryptomonadis_strain_CL-SK44_contig91__whole_genome_shotgun_sequence does not have any alignments! 
WARNING: Reference Marivita_cryptomonadis_NZ_JFKD01000092.1_Marivita_cryptomonadis_strain_CL-SK44_contig92__whole_genome_shotgun_sequence does not have any alignments! 
WARNING: Reference Marivita_cryptomonadis_NZ_JFKD01000049.1_Marivita_cryptomonadis_strain_CL-SK44_contig49__whole_genome_shotgun_sequence does not have any alignments! 
WARNING: Reference Marivita_cryptomonadis_NZ_JFKD01000022.1_Marivita_cryptomonadis_strain_CL-SK44_contig22__whole_genome_shotgun_sequence does not have any alignments! 
WARNING: Reference Marivita_cryptomonadis_NZ_JFKD01000021.1_Marivita_cryptomonadis_strain_CL-SK44_contig21__whole_genome_shotgun_sequence does not have any alignments! 
WARNING: Reference Marivita_cryptomonadis_NZ_JFKD01000007.1_Marivita_cryptomonadis_strain_CL-SK44_contig7__whole_genome_shotgun_sequence does not have any alignments! 
WARNING: Reference Marivita_cryptomonadis_NZ_JFKD01000089.1_Marivita_cryptomonadis_strain_CL-SK44_contig89__whole_genome_shotgun_sequence does not have any alignments! 
WARNING: Reference Marivita_cryptomonadis_NZ_JFKD01000077.1_Marivita_cryptomonadis_strain_CL-SK44_contig77__whole_genome_shotgun_sequence does not have any alignments! 
WARNING: Reference Marivita_cryptomonadis_NZ_JFKD01000106.1_Marivita_cryptomonadis_strain_CL-SK44_contig106__whole_genome_shotgun_sequence does not have any alignments! 
WARNING: Reference Marivita_cryptomonadis_NZ_JFKD01000038.1_Marivita_cryptomonadis_strain_CL-SK44_contig38__whole_genome_shotgun_sequence does not have any alignments! 
WARNING: Reference Marivita_cryptomonadis_NZ_JFKD01000041.1_Marivita_cryptomonadis_strain_CL-SK44_contig41__whole_genome_shotgun_sequence does not have any alignments! 
WARNING: Reference Marivita_cryptomonadis_NZ_JFKD01000108.1_Marivita_cryptomonadis_strain_CL-SK44_contig108__whole_genome_shotgun_sequence does not have any alignments! 
WARNING: Reference Marivita_cryptomonadis_NZ_JFKD01000054.1_Marivita_cryptomonadis_strain_CL-SK44_contig54__whole_genome_shotgun_sequence does not have any alignments! 
WARNING: Reference Marivita_cryptomonadis_NZ_JFKD01000063.1_Marivita_cryptomonadis_strain_CL-SK44_contig63__whole_genome_shotgun_sequence does not have any alignments! 
WARNING: Reference Marivita_cryptomonadis_NZ_JFKD01000083.1_Marivita_cryptomonadis_strain_CL-SK44_contig83__whole_genome_shotgun_sequence does not have any alignments! 
WARNING: Reference Marivita_cryptomonadis_NZ_JFKD01000027.1_Marivita_cryptomonadis_strain_CL-SK44_contig27__whole_genome_shotgun_sequence does not have any alignments! 
WARNING: Reference Marivita_cryptomonadis_NZ_JFKD01000095.1_Marivita_cryptomonadis_strain_CL-SK44_contig95__whole_genome_shotgun_sequence does not have any alignments! 
	Reference Marivita_cryptomonadis_NZ_JFKD01000019.1_Marivita_cryptomonadis_strain_CL-SK44_contig19__whole_genome_shotgun_sequence: 1 total alignments. 1 total regions.
		Region: 1 to 71262 (71262 bp)
			START in gap: 1 to 71172 (71171 bp)
			Align 1: 71172 71252 k105_93363_flag_1_multi_3.0000_len_661 117 198
			END in gap: 71252 to 71262 (10 bp).

WARNING: Reference Marivita_cryptomonadis_NZ_JFKD01000100.1_Marivita_cryptomonadis_strain_CL-SK44_contig100__whole_genome_shotgun_sequence does not have any alignments! 
WARNING: Reference Marivita_cryptomonadis_NZ_JFKD01000020.1_Marivita_cryptomonadis_strain_CL-SK44_contig20__whole_genome_shotgun_sequence does not have any alignments! 
WARNING: Reference Marivita_cryptomonadis_NZ_JFKD01000097.1_Marivita_cryptomonadis_strain_CL-SK44_contig97__whole_genome_shotgun_sequence does not have any alignments! 
WARNING: Reference Marivita_cryptomonadis_NZ_JFKD01000074.1_Marivita_cryptomonadis_strain_CL-SK44_contig74__whole_genome_shotgun_sequence does not have any alignments! 
WARNING: Reference Marivita_cryptomonadis_NZ_JFKD01000006.1_Marivita_cryptomonadis_strain_CL-SK44_contig6__whole_genome_shotgun_sequence does not have any alignments! 
WARNING: Reference Marivita_cryptomonadis_NZ_JFKD01000050.1_Marivita_cryptomonadis_strain_CL-SK44_contig50__whole_genome_shotgun_sequence does not have any alignments! 
WARNING: Reference Marivita_cryptomonadis_NZ_JFKD01000033.1_Marivita_cryptomonadis_strain_CL-SK44_contig33__whole_genome_shotgun_sequence does not have any alignments! 
WARNING: Reference Marivita_cryptomonadis_NZ_JFKD01000044.1_Marivita_cryptomonadis_strain_CL-SK44_contig44__whole_genome_shotgun_sequence does not have any alignments! 
WARNING: Reference Marivita_cryptomonadis_NZ_JFKD01000073.1_Marivita_cryptomonadis_strain_CL-SK44_contig73__whole_genome_shotgun_sequence does not have any alignments! 
WARNING: Reference Marivita_cryptomonadis_NZ_JFKD01000093.1_Marivita_cryptomonadis_strain_CL-SK44_contig93__whole_genome_shotgun_sequence does not have any alignments! 
WARNING: Reference Marivita_cryptomonadis_NZ_JFKD01000111.1_Marivita_cryptomonadis_strain_CL-SK44_contig111__whole_genome_shotgun_sequence does not have any alignments! 
WARNING: Reference Marivita_cryptomonadis_NZ_JFKD01000056.1_Marivita_cryptomonadis_strain_CL-SK44_contig56__whole_genome_shotgun_sequence does not have any alignments! 
	Reference Marivita_cryptomonadis_NZ_JFKD01000051.1_Marivita_cryptomonadis_strain_CL-SK44_contig51__whole_genome_shotgun_sequence: 4 total alignments. 1 total regions.
		Region: 1 to 5844 (5844 bp)
			START in gap: 1 to 145 (144 bp)
			Align 1: 145 1531 k105_157440_flag_1_multi_9.0811_len_2250 864 2250
				Gap between this and next alignment: 1531 to 1846 (314 bp)
				Next Alignment: 1846 1935 k105_36199_flag_1_multi_8.0000_len_1239 1 91

			Align 2: 1846 1935 k105_36199_flag_1_multi_8.0000_len_1239 1 91
				Gap between this and next alignment: 1935 to 4319 (2383 bp)
				Next Alignment: 4319 4891 k105_31513_flag_1_multi_31.7927_len_573 573 1

			Align 3: 4319 4891 k105_31513_flag_1_multi_31.7927_len_573 573 1
				Gap between this and next alignment: 4891 to 5223 (331 bp)
				Next Alignment: 5223 5464 k105_93363_flag_1_multi_3.0000_len_661 661 419

			Align 4: 5223 5464 k105_93363_flag_1_multi_3.0000_len_661 661 419
			END in gap: 5464 to 5844 (380 bp).

Analysis is finished!
Founded SNPs were written into /home/crisdu/analyses_done/2.5_metaq/runs_per_reference/Marivita_cryptomonadis/contigs_reports/nucmer_output/final-contigs.used_snps.gz

Results:
	Local Misassemblies: 0
	Misassemblies: 0
		Relocations: 0
		Translocations: 0
		Inversions: 0
	Fake misassemblies matched with structural variations: 0
	Misassembled Contigs: 0
	Misassembled Contig Bases: 0
	Misassemblies Inter-Contig Overlap: 0
Uncovered Regions: 0 (0)
Unaligned Contigs: 0 + 6 part
Half Unaligned Contigs with Misassemblies: 1
Unaligned Contig Bases: 5039

Ambiguously Mapped Contigs: 0
Total Bases in Ambiguously Mapped Contigs: 0
Extra Bases in Ambiguously Mapped Contigs: 0
Note that --allow-ambiguity option was set to "one" and only first alignment per each of these contigs was used.

	Covered Bases: 2958

	SNPs: 79
	Insertions: 6
	Deletions: 3

	Positive Gaps: 17
		Internal Gaps: 0
		External Gaps: 17
		External Gap Total: 425294
		External Gap Average: 25017
	Negative Gaps: 0
		Internal Overlaps: 0
		External Overlaps: 0
		External Overlaps Total: 0
		External Overlaps Average: 0
	Contigs with Redundant Alignments: 0 (0)
