gnuplot 4.6 patchlevel 2
Aligning contigs to reference...
	Aligning contigs to the reference
Parsing coords...
Loading reference...
	Loaded [Planctomyces_maris_DSM_8797_NZ_ABCE01000001.1_Gimesia_maris_DSM_8797_1101493009180__whole_genome_shotgun_sequence]
	Loaded [Planctomyces_maris_DSM_8797_NZ_ABCE01000002.1_Gimesia_maris_DSM_8797_1101493009171__whole_genome_shotgun_sequence]
	Loaded [Planctomyces_maris_DSM_8797_NZ_ABCE01000003.1_Gimesia_maris_DSM_8797_1101493009144__whole_genome_shotgun_sequence]
	Loaded [Planctomyces_maris_DSM_8797_NZ_ABCE01000004.1_Gimesia_maris_DSM_8797_1101493009156__whole_genome_shotgun_sequence]
	Loaded [Planctomyces_maris_DSM_8797_NZ_ABCE01000005.1_Gimesia_maris_DSM_8797_1101493009141__whole_genome_shotgun_sequence]
	Loaded [Planctomyces_maris_DSM_8797_NZ_ABCE01000006.1_Gimesia_maris_DSM_8797_1101493009149__whole_genome_shotgun_sequence]
	Loaded [Planctomyces_maris_DSM_8797_NZ_ABCE01000007.1_Gimesia_maris_DSM_8797_1101493009177__whole_genome_shotgun_sequence]
	Loaded [Planctomyces_maris_DSM_8797_NZ_ABCE01000008.1_Gimesia_maris_DSM_8797_1101493009152__whole_genome_shotgun_sequence]
	Loaded [Planctomyces_maris_DSM_8797_NZ_ABCE01000009.1_Gimesia_maris_DSM_8797_1101493009176__whole_genome_shotgun_sequence]
	Loaded [Planctomyces_maris_DSM_8797_NZ_ABCE01000010.1_Gimesia_maris_DSM_8797_1101493009170__whole_genome_shotgun_sequence]
	Loaded [Planctomyces_maris_DSM_8797_NZ_ABCE01000011.1_Gimesia_maris_DSM_8797_1101493009166__whole_genome_shotgun_sequence]
	Loaded [Planctomyces_maris_DSM_8797_NZ_ABCE01000012.1_Gimesia_maris_DSM_8797_1101493009160__whole_genome_shotgun_sequence]
	Loaded [Planctomyces_maris_DSM_8797_NZ_ABCE01000013.1_Gimesia_maris_DSM_8797_1101493009186__whole_genome_shotgun_sequence]
	Loaded [Planctomyces_maris_DSM_8797_NZ_ABCE01000014.1_Gimesia_maris_DSM_8797_1101493009175__whole_genome_shotgun_sequence]
	Loaded [Planctomyces_maris_DSM_8797_NZ_ABCE01000015.1_Gimesia_maris_DSM_8797_1101493009143__whole_genome_shotgun_sequence]
	Loaded [Planctomyces_maris_DSM_8797_NZ_ABCE01000016.1_Gimesia_maris_DSM_8797_1101493009182__whole_genome_shotgun_sequence]
	Loaded [Planctomyces_maris_DSM_8797_NZ_ABCE01000017.1_Gimesia_maris_DSM_8797_1101493009172__whole_genome_shotgun_sequence]
	Loaded [Planctomyces_maris_DSM_8797_NZ_ABCE01000018.1_Gimesia_maris_DSM_8797_1101493009148__whole_genome_shotgun_sequence]
	Loaded [Planctomyces_maris_DSM_8797_NZ_ABCE01000019.1_Gimesia_maris_DSM_8797_1101493009183__whole_genome_shotgun_sequence]
	Loaded [Planctomyces_maris_DSM_8797_NZ_ABCE01000020.1_Gimesia_maris_DSM_8797_1101493009118__whole_genome_shotgun_sequence]
	Loaded [Planctomyces_maris_DSM_8797_NZ_ABCE01000021.1_Gimesia_maris_DSM_8797_1101493009158__whole_genome_shotgun_sequence]
	Loaded [Planctomyces_maris_DSM_8797_NZ_ABCE01000022.1_Gimesia_maris_DSM_8797_1101493009157__whole_genome_shotgun_sequence]
	Loaded [Planctomyces_maris_DSM_8797_NZ_ABCE01000023.1_Gimesia_maris_DSM_8797_1101493009146__whole_genome_shotgun_sequence]
	Loaded [Planctomyces_maris_DSM_8797_NZ_ABCE01000024.1_Gimesia_maris_DSM_8797_1101493009154__whole_genome_shotgun_sequence]
	Loaded [Planctomyces_maris_DSM_8797_NZ_ABCE01000025.1_Gimesia_maris_DSM_8797_1101493009178__whole_genome_shotgun_sequence]
	Loaded [Planctomyces_maris_DSM_8797_NZ_ABCE01000026.1_Gimesia_maris_DSM_8797_1101493009162__whole_genome_shotgun_sequence]
	Loaded [Planctomyces_maris_DSM_8797_NZ_ABCE01000027.1_Gimesia_maris_DSM_8797_1101493009173__whole_genome_shotgun_sequence]
	Loaded [Planctomyces_maris_DSM_8797_NZ_ABCE01000028.1_Gimesia_maris_DSM_8797_1101493009167__whole_genome_shotgun_sequence]
	Loaded [Planctomyces_maris_DSM_8797_NZ_ABCE01000029.1_Gimesia_maris_DSM_8797_1101493009053__whole_genome_shotgun_sequence]
	Loaded [Planctomyces_maris_DSM_8797_NZ_ABCE01000030.1_Gimesia_maris_DSM_8797_1101493009121__whole_genome_shotgun_sequence]
	Loaded [Planctomyces_maris_DSM_8797_NZ_ABCE01000031.1_Gimesia_maris_DSM_8797_1101493009179__whole_genome_shotgun_sequence]
	Loaded [Planctomyces_maris_DSM_8797_NZ_ABCE01000032.1_Gimesia_maris_DSM_8797_1101493009002__whole_genome_shotgun_sequence]
	Loaded [Planctomyces_maris_DSM_8797_NZ_ABCE01000033.1_Gimesia_maris_DSM_8797_1101493009187__whole_genome_shotgun_sequence]
	Loaded [Planctomyces_maris_DSM_8797_NZ_ABCE01000034.1_Gimesia_maris_DSM_8797_1101493009145__whole_genome_shotgun_sequence]
	Loaded [Planctomyces_maris_DSM_8797_NZ_ABCE01000035.1_Gimesia_maris_DSM_8797_1101493009188__whole_genome_shotgun_sequence]
	Loaded [Planctomyces_maris_DSM_8797_NZ_ABCE01000036.1_Gimesia_maris_DSM_8797_1101493009138__whole_genome_shotgun_sequence]
	Loaded [Planctomyces_maris_DSM_8797_NZ_ABCE01000037.1_Gimesia_maris_DSM_8797_1101493009123__whole_genome_shotgun_sequence]
	Loaded [Planctomyces_maris_DSM_8797_NZ_ABCE01000038.1_Gimesia_maris_DSM_8797_1101493009184__whole_genome_shotgun_sequence]
	Loaded [Planctomyces_maris_DSM_8797_NZ_ABCE01000039.1_Gimesia_maris_DSM_8797_1101493009161__whole_genome_shotgun_sequence]
	Loaded [Planctomyces_maris_DSM_8797_NZ_ABCE01000040.1_Gimesia_maris_DSM_8797_1101493009134__whole_genome_shotgun_sequence]
	Loaded [Planctomyces_maris_DSM_8797_NZ_ABCE01000041.1_Gimesia_maris_DSM_8797_1101493009025__whole_genome_shotgun_sequence]
	Loaded [Planctomyces_maris_DSM_8797_NZ_ABCE01000042.1_Gimesia_maris_DSM_8797_1101493009137__whole_genome_shotgun_sequence]
	Loaded [Planctomyces_maris_DSM_8797_NZ_ABCE01000043.1_Gimesia_maris_DSM_8797_1101493009169__whole_genome_shotgun_sequence]
	Loaded [Planctomyces_maris_DSM_8797_NZ_ABCE01000044.1_Gimesia_maris_DSM_8797_1101493009076__whole_genome_shotgun_sequence]
	Loaded [Planctomyces_maris_DSM_8797_NZ_ABCE01000045.1_Gimesia_maris_DSM_8797_1101493009066__whole_genome_shotgun_sequence]
	Loaded [Planctomyces_maris_DSM_8797_NZ_ABCE01000046.1_Gimesia_maris_DSM_8797_1101493009147__whole_genome_shotgun_sequence]
	Loaded [Planctomyces_maris_DSM_8797_NZ_ABCE01000047.1_Gimesia_maris_DSM_8797_1101493009127__whole_genome_shotgun_sequence]
	Loaded [Planctomyces_maris_DSM_8797_NZ_ABCE01000048.1_Gimesia_maris_DSM_8797_1101493009022__whole_genome_shotgun_sequence]
	Loaded [Planctomyces_maris_DSM_8797_NZ_ABCE01000049.1_Gimesia_maris_DSM_8797_1101493009054__whole_genome_shotgun_sequence]
	Loaded [Planctomyces_maris_DSM_8797_NZ_ABCE01000050.1_Gimesia_maris_DSM_8797_1101493009046__whole_genome_shotgun_sequence]
	Loaded [Planctomyces_maris_DSM_8797_NZ_ABCE01000051.1_Gimesia_maris_DSM_8797_1101493009129__whole_genome_shotgun_sequence]
	Loaded [Planctomyces_maris_DSM_8797_NZ_ABCE01000052.1_Gimesia_maris_DSM_8797_1101493009165__whole_genome_shotgun_sequence]
	Loaded [Planctomyces_maris_DSM_8797_NZ_ABCE01000053.1_Gimesia_maris_DSM_8797_1101493009130__whole_genome_shotgun_sequence]
	Loaded [Planctomyces_maris_DSM_8797_NZ_ABCE01000054.1_Gimesia_maris_DSM_8797_1101493009039__whole_genome_shotgun_sequence]
	Loaded [Planctomyces_maris_DSM_8797_NZ_ABCE01000055.1_Gimesia_maris_DSM_8797_1101493009052__whole_genome_shotgun_sequence]
	Loaded [Planctomyces_maris_DSM_8797_NZ_ABCE01000056.1_Gimesia_maris_DSM_8797_1101493009139__whole_genome_shotgun_sequence]
	Loaded [Planctomyces_maris_DSM_8797_NZ_ABCE01000057.1_Gimesia_maris_DSM_8797_1101493009131__whole_genome_shotgun_sequence]
	Loaded [Planctomyces_maris_DSM_8797_NZ_ABCE01000058.1_Gimesia_maris_DSM_8797_1101493009026__whole_genome_shotgun_sequence]
	Loaded [Planctomyces_maris_DSM_8797_NZ_ABCE01000059.1_Gimesia_maris_DSM_8797_1101493009071__whole_genome_shotgun_sequence]
	Loaded [Planctomyces_maris_DSM_8797_NZ_ABCE01000060.1_Gimesia_maris_DSM_8797_1101493009125__whole_genome_shotgun_sequence]
	Loaded [Planctomyces_maris_DSM_8797_NZ_ABCE01000061.1_Gimesia_maris_DSM_8797_1101493009010__whole_genome_shotgun_sequence]
	Loaded [Planctomyces_maris_DSM_8797_NZ_ABCE01000062.1_Gimesia_maris_DSM_8797_1101493009185__whole_genome_shotgun_sequence]
	Loaded [Planctomyces_maris_DSM_8797_NZ_ABCE01000063.1_Gimesia_maris_DSM_8797_1101493009164__whole_genome_shotgun_sequence]
	Loaded [Planctomyces_maris_DSM_8797_NZ_ABCE01000064.1_Gimesia_maris_DSM_8797_1101493009119__whole_genome_shotgun_sequence]
	Loaded [Planctomyces_maris_DSM_8797_NZ_ABCE01000065.1_Gimesia_maris_DSM_8797_1101493009163__whole_genome_shotgun_sequence]
	Loaded [Planctomyces_maris_DSM_8797_NZ_ABCE01000066.1_Gimesia_maris_DSM_8797_1101493009159__whole_genome_shotgun_sequence]
	Loaded [Planctomyces_maris_DSM_8797_NZ_ABCE01000067.1_Gimesia_maris_DSM_8797_1101493009126__whole_genome_shotgun_sequence]
	Loaded [Planctomyces_maris_DSM_8797_NZ_ABCE01000068.1_Gimesia_maris_DSM_8797_1101493009120__whole_genome_shotgun_sequence]
	Loaded [Planctomyces_maris_DSM_8797_NZ_ABCE01000069.1_Gimesia_maris_DSM_8797_1101493009128__whole_genome_shotgun_sequence]
	Loaded [Planctomyces_maris_DSM_8797_NZ_ABCE01000070.1_Gimesia_maris_DSM_8797_1101493009133__whole_genome_shotgun_sequence]
	Loaded [Planctomyces_maris_DSM_8797_NZ_ABCE01000071.1_Gimesia_maris_DSM_8797_1101493009153__whole_genome_shotgun_sequence]
	Loaded [Planctomyces_maris_DSM_8797_NZ_ABCE01000072.1_Gimesia_maris_DSM_8797_1101493009168__whole_genome_shotgun_sequence]
	Loaded [Planctomyces_maris_DSM_8797_NZ_ABCE01000073.1_Gimesia_maris_DSM_8797_1101493009073__whole_genome_shotgun_sequence]
	Loaded [Planctomyces_maris_DSM_8797_NZ_ABCE01000074.1_Gimesia_maris_DSM_8797_1101493009122__whole_genome_shotgun_sequence]
	Loaded [Planctomyces_maris_DSM_8797_NZ_ABCE01000075.1_Gimesia_maris_DSM_8797_1101493009058__whole_genome_shotgun_sequence]
	Loaded [Planctomyces_maris_DSM_8797_NZ_ABCE01000076.1_Gimesia_maris_DSM_8797_1101493009150__whole_genome_shotgun_sequence]
	Loaded [Planctomyces_maris_DSM_8797_NZ_ABCE01000077.1_Gimesia_maris_DSM_8797_1101493009140__whole_genome_shotgun_sequence]
	Loaded [Planctomyces_maris_DSM_8797_NZ_ABCE01000078.1_Gimesia_maris_DSM_8797_1101493009155__whole_genome_shotgun_sequence]
	Loaded [Planctomyces_maris_DSM_8797_NZ_ABCE01000079.1_Gimesia_maris_DSM_8797_1101493009124__whole_genome_shotgun_sequence]
	Loaded [Planctomyces_maris_DSM_8797_NZ_ABCE01000080.1_Gimesia_maris_DSM_8797_1101493009136__whole_genome_shotgun_sequence]
	Loaded [Planctomyces_maris_DSM_8797_NZ_ABCE01000081.1_Gimesia_maris_DSM_8797_1101493009072__whole_genome_shotgun_sequence]
	Loaded [Planctomyces_maris_DSM_8797_NZ_ABCE01000082.1_Gimesia_maris_DSM_8797_1101493009045__whole_genome_shotgun_sequence]
	Loaded [Planctomyces_maris_DSM_8797_NZ_ABCE01000083.1_Gimesia_maris_DSM_8797_1101493009135__whole_genome_shotgun_sequence]
	Loaded [Planctomyces_maris_DSM_8797_NZ_ABCE01000084.1_Gimesia_maris_DSM_8797_1101493009009__whole_genome_shotgun_sequence]
	Loaded [Planctomyces_maris_DSM_8797_NZ_ABCE01000085.1_Gimesia_maris_DSM_8797_1101493009174__whole_genome_shotgun_sequence]
	Loaded [Planctomyces_maris_DSM_8797_NZ_ABCE01000086.1_Gimesia_maris_DSM_8797_1101493009028__whole_genome_shotgun_sequence]
	Loaded [Planctomyces_maris_DSM_8797_NZ_ABCE01000087.1_Gimesia_maris_DSM_8797_1101493009132__whole_genome_shotgun_sequence]
	Loaded [Planctomyces_maris_DSM_8797_NZ_ABCE01000088.1_Gimesia_maris_DSM_8797_1101493009142__whole_genome_shotgun_sequence]
	Loaded [Planctomyces_maris_DSM_8797_NZ_ABCE01000089.1_Gimesia_maris_DSM_8797_1101493009017__whole_genome_shotgun_sequence]
	Loaded [Planctomyces_maris_DSM_8797_NZ_ABCE01000090.1_Gimesia_maris_DSM_8797_1101493009055__whole_genome_shotgun_sequence]
	Loaded [Planctomyces_maris_DSM_8797_NZ_ABCE01000091.1_Gimesia_maris_DSM_8797_1101493009078__whole_genome_shotgun_sequence]
	Loaded [Planctomyces_maris_DSM_8797_NZ_ABCE01000092.1_Gimesia_maris_DSM_8797_1101493009013__whole_genome_shotgun_sequence]
	Loaded [Planctomyces_maris_DSM_8797_NZ_ABCE01000093.1_Gimesia_maris_DSM_8797_1101493009151__whole_genome_shotgun_sequence]
	Loaded [Planctomyces_maris_DSM_8797_NZ_ABCE01000094.1_Gimesia_maris_DSM_8797_1101493009014__whole_genome_shotgun_sequence]
	Loaded [Planctomyces_maris_DSM_8797_NZ_ABCE01000095.1_Gimesia_maris_DSM_8797_1101493009012__whole_genome_shotgun_sequence]
	Loaded [Planctomyces_maris_DSM_8797_NZ_ABCE01000096.1_Gimesia_maris_DSM_8797_1101493009033__whole_genome_shotgun_sequence]
	Loaded [Planctomyces_maris_DSM_8797_NZ_ABCE01000097.1_Gimesia_maris_DSM_8797_1101493009029__whole_genome_shotgun_sequence]
	Loaded [Planctomyces_maris_DSM_8797_NZ_ABCE01000098.1_Gimesia_maris_DSM_8797_1101493009181__whole_genome_shotgun_sequence]
	Loaded [Planctomyces_maris_DSM_8797_NZ_ABCE01000099.1_Gimesia_maris_DSM_8797_1101493009079__whole_genome_shotgun_sequence]
	Loaded [Planctomyces_maris_DSM_8797_NZ_ABCE01000100.1_Gimesia_maris_DSM_8797_1101493009038__whole_genome_shotgun_sequence]
	Loaded [Planctomyces_maris_DSM_8797_NZ_ABCE01000101.1_Gimesia_maris_DSM_8797_1101493009040__whole_genome_shotgun_sequence]
	Loaded [Planctomyces_maris_DSM_8797_NZ_ABCE01000102.1_Gimesia_maris_DSM_8797_1101493009011__whole_genome_shotgun_sequence]
	Loaded [Planctomyces_maris_DSM_8797_NZ_ABCE01000103.1_Gimesia_maris_DSM_8797_1101493009003__whole_genome_shotgun_sequence]
	Loaded [Planctomyces_maris_DSM_8797_NZ_ABCE01000104.1_Gimesia_maris_DSM_8797_1101493009088__whole_genome_shotgun_sequence]
	Loaded [Planctomyces_maris_DSM_8797_NZ_ABCE01000105.1_Gimesia_maris_DSM_8797_1101493009095__whole_genome_shotgun_sequence]
	Loaded [Planctomyces_maris_DSM_8797_NZ_ABCE01000106.1_Gimesia_maris_DSM_8797_1101493009096__whole_genome_shotgun_sequence]
	Loaded [Planctomyces_maris_DSM_8797_NZ_ABCE01000107.1_Gimesia_maris_DSM_8797_1101493009027__whole_genome_shotgun_sequence]
	Loaded [Planctomyces_maris_DSM_8797_NZ_ABCE01000108.1_Gimesia_maris_DSM_8797_1101493009107__whole_genome_shotgun_sequence]
	Loaded [Planctomyces_maris_DSM_8797_NZ_ABCE01000109.1_Gimesia_maris_DSM_8797_1101493009089__whole_genome_shotgun_sequence]
	Loaded [Planctomyces_maris_DSM_8797_NZ_ABCE01000110.1_Gimesia_maris_DSM_8797_1101493009063__whole_genome_shotgun_sequence]
	Loaded [Planctomyces_maris_DSM_8797_NZ_ABCE01000111.1_Gimesia_maris_DSM_8797_1101493009030__whole_genome_shotgun_sequence]
	Loaded [Planctomyces_maris_DSM_8797_NZ_ABCE01000112.1_Gimesia_maris_DSM_8797_1101493009047__whole_genome_shotgun_sequence]
	Loaded [Planctomyces_maris_DSM_8797_NZ_ABCE01000113.1_Gimesia_maris_DSM_8797_1101493009098__whole_genome_shotgun_sequence]
	Loaded [Planctomyces_maris_DSM_8797_NZ_ABCE01000114.1_Gimesia_maris_DSM_8797_1101493009006__whole_genome_shotgun_sequence]
	Loaded [Planctomyces_maris_DSM_8797_NZ_ABCE01000115.1_Gimesia_maris_DSM_8797_1101493009097__whole_genome_shotgun_sequence]
	Loaded [Planctomyces_maris_DSM_8797_NZ_ABCE01000116.1_Gimesia_maris_DSM_8797_1101493009085__whole_genome_shotgun_sequence]
	Loaded [Planctomyces_maris_DSM_8797_NZ_ABCE01000117.1_Gimesia_maris_DSM_8797_1101493009108__whole_genome_shotgun_sequence]
	Loaded [Planctomyces_maris_DSM_8797_NZ_ABCE01000118.1_Gimesia_maris_DSM_8797_1101493009020__whole_genome_shotgun_sequence]
	Loaded [Planctomyces_maris_DSM_8797_NZ_ABCE01000119.1_Gimesia_maris_DSM_8797_1101493009084__whole_genome_shotgun_sequence]
	Loaded [Planctomyces_maris_DSM_8797_NZ_ABCE01000120.1_Gimesia_maris_DSM_8797_1101493009094__whole_genome_shotgun_sequence]
	Loaded [Planctomyces_maris_DSM_8797_NZ_ABCE01000121.1_Gimesia_maris_DSM_8797_1101493009115__whole_genome_shotgun_sequence]
	Loaded [Planctomyces_maris_DSM_8797_NZ_ABCE01000122.1_Gimesia_maris_DSM_8797_1101493009087__whole_genome_shotgun_sequence]
	Loaded [Planctomyces_maris_DSM_8797_NZ_ABCE01000123.1_Gimesia_maris_DSM_8797_1101493009021__whole_genome_shotgun_sequence]
	Loaded [Planctomyces_maris_DSM_8797_NZ_ABCE01000124.1_Gimesia_maris_DSM_8797_1101493009086__whole_genome_shotgun_sequence]
	Loaded [Planctomyces_maris_DSM_8797_NZ_ABCE01000125.1_Gimesia_maris_DSM_8797_1101493009077__whole_genome_shotgun_sequence]
Loading SNPs...
	Total Regions: 125
	Total Region Length: 7777997
Analyzing contigs...
CONTIG: k105_26518_flag_1_multi_2.0000_len_564 (564bp)
Best alignment score: 520.0 (LEN: 545, IDY: 95.41)
			The best set is below. Score: 520.0, number of alignments: 1, unaligned bases: 19
		Alignment: 251607 252151 | 564 20 | 545 545 | 95.41 | Planctomyces_maris_DSM_8797_NZ_ABCE01000005.1_Gimesia_maris_DSM_8797_1101493009141__whole_genome_shotgun_sequence k105_26518_flag_1_multi_2.0000_len_564

CONTIG: k105_124792_flag_1_multi_3.0000_len_2945 (2945bp)
Best alignment score: 75.0 (LEN: 76, IDY: 98.68)
			The best set is below. Score: 75.0, number of alignments: 1, unaligned bases: 2869
		This contig is partially unaligned. (Aligned 76 out of 2945 bases)
		Alignment: 104138 104213 | 2091 2016 | 76 76 | 98.68 | Planctomyces_maris_DSM_8797_NZ_ABCE01000024.1_Gimesia_maris_DSM_8797_1101493009154__whole_genome_shotgun_sequence k105_124792_flag_1_multi_3.0000_len_2945
		Unaligned bases: 1 to 2015 (2015)
		Unaligned bases: 2092 to 2945 (854)

Analyzing coverage...
Writing SNPs into /home/crisdu/analyses_done/2.5_metaq/runs_per_reference/Planctomyces_maris_DSM_8797/contigs_reports/nucmer_output/final-contigs.used_snps.gz
WARNING: Reference Planctomyces_maris_DSM_8797_NZ_ABCE01000002.1_Gimesia_maris_DSM_8797_1101493009171__whole_genome_shotgun_sequence does not have any alignments! 
WARNING: Reference Planctomyces_maris_DSM_8797_NZ_ABCE01000048.1_Gimesia_maris_DSM_8797_1101493009022__whole_genome_shotgun_sequence does not have any alignments! 
WARNING: Reference Planctomyces_maris_DSM_8797_NZ_ABCE01000045.1_Gimesia_maris_DSM_8797_1101493009066__whole_genome_shotgun_sequence does not have any alignments! 
WARNING: Reference Planctomyces_maris_DSM_8797_NZ_ABCE01000088.1_Gimesia_maris_DSM_8797_1101493009142__whole_genome_shotgun_sequence does not have any alignments! 
WARNING: Reference Planctomyces_maris_DSM_8797_NZ_ABCE01000007.1_Gimesia_maris_DSM_8797_1101493009177__whole_genome_shotgun_sequence does not have any alignments! 
WARNING: Reference Planctomyces_maris_DSM_8797_NZ_ABCE01000049.1_Gimesia_maris_DSM_8797_1101493009054__whole_genome_shotgun_sequence does not have any alignments! 
WARNING: Reference Planctomyces_maris_DSM_8797_NZ_ABCE01000075.1_Gimesia_maris_DSM_8797_1101493009058__whole_genome_shotgun_sequence does not have any alignments! 
WARNING: Reference Planctomyces_maris_DSM_8797_NZ_ABCE01000062.1_Gimesia_maris_DSM_8797_1101493009185__whole_genome_shotgun_sequence does not have any alignments! 
WARNING: Reference Planctomyces_maris_DSM_8797_NZ_ABCE01000010.1_Gimesia_maris_DSM_8797_1101493009170__whole_genome_shotgun_sequence does not have any alignments! 
WARNING: Reference Planctomyces_maris_DSM_8797_NZ_ABCE01000054.1_Gimesia_maris_DSM_8797_1101493009039__whole_genome_shotgun_sequence does not have any alignments! 
WARNING: Reference Planctomyces_maris_DSM_8797_NZ_ABCE01000012.1_Gimesia_maris_DSM_8797_1101493009160__whole_genome_shotgun_sequence does not have any alignments! 
WARNING: Reference Planctomyces_maris_DSM_8797_NZ_ABCE01000056.1_Gimesia_maris_DSM_8797_1101493009139__whole_genome_shotgun_sequence does not have any alignments! 
WARNING: Reference Planctomyces_maris_DSM_8797_NZ_ABCE01000066.1_Gimesia_maris_DSM_8797_1101493009159__whole_genome_shotgun_sequence does not have any alignments! 
WARNING: Reference Planctomyces_maris_DSM_8797_NZ_ABCE01000029.1_Gimesia_maris_DSM_8797_1101493009053__whole_genome_shotgun_sequence does not have any alignments! 
WARNING: Reference Planctomyces_maris_DSM_8797_NZ_ABCE01000021.1_Gimesia_maris_DSM_8797_1101493009158__whole_genome_shotgun_sequence does not have any alignments! 
WARNING: Reference Planctomyces_maris_DSM_8797_NZ_ABCE01000119.1_Gimesia_maris_DSM_8797_1101493009084__whole_genome_shotgun_sequence does not have any alignments! 
WARNING: Reference Planctomyces_maris_DSM_8797_NZ_ABCE01000124.1_Gimesia_maris_DSM_8797_1101493009086__whole_genome_shotgun_sequence does not have any alignments! 
WARNING: Reference Planctomyces_maris_DSM_8797_NZ_ABCE01000105.1_Gimesia_maris_DSM_8797_1101493009095__whole_genome_shotgun_sequence does not have any alignments! 
WARNING: Reference Planctomyces_maris_DSM_8797_NZ_ABCE01000064.1_Gimesia_maris_DSM_8797_1101493009119__whole_genome_shotgun_sequence does not have any alignments! 
WARNING: Reference Planctomyces_maris_DSM_8797_NZ_ABCE01000030.1_Gimesia_maris_DSM_8797_1101493009121__whole_genome_shotgun_sequence does not have any alignments! 
WARNING: Reference Planctomyces_maris_DSM_8797_NZ_ABCE01000051.1_Gimesia_maris_DSM_8797_1101493009129__whole_genome_shotgun_sequence does not have any alignments! 
WARNING: Reference Planctomyces_maris_DSM_8797_NZ_ABCE01000115.1_Gimesia_maris_DSM_8797_1101493009097__whole_genome_shotgun_sequence does not have any alignments! 
WARNING: Reference Planctomyces_maris_DSM_8797_NZ_ABCE01000073.1_Gimesia_maris_DSM_8797_1101493009073__whole_genome_shotgun_sequence does not have any alignments! 
WARNING: Reference Planctomyces_maris_DSM_8797_NZ_ABCE01000091.1_Gimesia_maris_DSM_8797_1101493009078__whole_genome_shotgun_sequence does not have any alignments! 
WARNING: Reference Planctomyces_maris_DSM_8797_NZ_ABCE01000058.1_Gimesia_maris_DSM_8797_1101493009026__whole_genome_shotgun_sequence does not have any alignments! 
WARNING: Reference Planctomyces_maris_DSM_8797_NZ_ABCE01000037.1_Gimesia_maris_DSM_8797_1101493009123__whole_genome_shotgun_sequence does not have any alignments! 
WARNING: Reference Planctomyces_maris_DSM_8797_NZ_ABCE01000004.1_Gimesia_maris_DSM_8797_1101493009156__whole_genome_shotgun_sequence does not have any alignments! 
WARNING: Reference Planctomyces_maris_DSM_8797_NZ_ABCE01000059.1_Gimesia_maris_DSM_8797_1101493009071__whole_genome_shotgun_sequence does not have any alignments! 
WARNING: Reference Planctomyces_maris_DSM_8797_NZ_ABCE01000033.1_Gimesia_maris_DSM_8797_1101493009187__whole_genome_shotgun_sequence does not have any alignments! 
WARNING: Reference Planctomyces_maris_DSM_8797_NZ_ABCE01000102.1_Gimesia_maris_DSM_8797_1101493009011__whole_genome_shotgun_sequence does not have any alignments! 
WARNING: Reference Planctomyces_maris_DSM_8797_NZ_ABCE01000071.1_Gimesia_maris_DSM_8797_1101493009153__whole_genome_shotgun_sequence does not have any alignments! 
WARNING: Reference Planctomyces_maris_DSM_8797_NZ_ABCE01000118.1_Gimesia_maris_DSM_8797_1101493009020__whole_genome_shotgun_sequence does not have any alignments! 
WARNING: Reference Planctomyces_maris_DSM_8797_NZ_ABCE01000109.1_Gimesia_maris_DSM_8797_1101493009089__whole_genome_shotgun_sequence does not have any alignments! 
WARNING: Reference Planctomyces_maris_DSM_8797_NZ_ABCE01000044.1_Gimesia_maris_DSM_8797_1101493009076__whole_genome_shotgun_sequence does not have any alignments! 
WARNING: Reference Planctomyces_maris_DSM_8797_NZ_ABCE01000125.1_Gimesia_maris_DSM_8797_1101493009077__whole_genome_shotgun_sequence does not have any alignments! 
WARNING: Reference Planctomyces_maris_DSM_8797_NZ_ABCE01000080.1_Gimesia_maris_DSM_8797_1101493009136__whole_genome_shotgun_sequence does not have any alignments! 
WARNING: Reference Planctomyces_maris_DSM_8797_NZ_ABCE01000122.1_Gimesia_maris_DSM_8797_1101493009087__whole_genome_shotgun_sequence does not have any alignments! 
WARNING: Reference Planctomyces_maris_DSM_8797_NZ_ABCE01000089.1_Gimesia_maris_DSM_8797_1101493009017__whole_genome_shotgun_sequence does not have any alignments! 
WARNING: Reference Planctomyces_maris_DSM_8797_NZ_ABCE01000094.1_Gimesia_maris_DSM_8797_1101493009014__whole_genome_shotgun_sequence does not have any alignments! 
WARNING: Reference Planctomyces_maris_DSM_8797_NZ_ABCE01000086.1_Gimesia_maris_DSM_8797_1101493009028__whole_genome_shotgun_sequence does not have any alignments! 
WARNING: Reference Planctomyces_maris_DSM_8797_NZ_ABCE01000081.1_Gimesia_maris_DSM_8797_1101493009072__whole_genome_shotgun_sequence does not have any alignments! 
WARNING: Reference Planctomyces_maris_DSM_8797_NZ_ABCE01000003.1_Gimesia_maris_DSM_8797_1101493009144__whole_genome_shotgun_sequence does not have any alignments! 
WARNING: Reference Planctomyces_maris_DSM_8797_NZ_ABCE01000097.1_Gimesia_maris_DSM_8797_1101493009029__whole_genome_shotgun_sequence does not have any alignments! 
WARNING: Reference Planctomyces_maris_DSM_8797_NZ_ABCE01000068.1_Gimesia_maris_DSM_8797_1101493009120__whole_genome_shotgun_sequence does not have any alignments! 
WARNING: Reference Planctomyces_maris_DSM_8797_NZ_ABCE01000039.1_Gimesia_maris_DSM_8797_1101493009161__whole_genome_shotgun_sequence does not have any alignments! 
WARNING: Reference Planctomyces_maris_DSM_8797_NZ_ABCE01000063.1_Gimesia_maris_DSM_8797_1101493009164__whole_genome_shotgun_sequence does not have any alignments! 
WARNING: Reference Planctomyces_maris_DSM_8797_NZ_ABCE01000093.1_Gimesia_maris_DSM_8797_1101493009151__whole_genome_shotgun_sequence does not have any alignments! 
WARNING: Reference Planctomyces_maris_DSM_8797_NZ_ABCE01000008.1_Gimesia_maris_DSM_8797_1101493009152__whole_genome_shotgun_sequence does not have any alignments! 
WARNING: Reference Planctomyces_maris_DSM_8797_NZ_ABCE01000116.1_Gimesia_maris_DSM_8797_1101493009085__whole_genome_shotgun_sequence does not have any alignments! 
WARNING: Reference Planctomyces_maris_DSM_8797_NZ_ABCE01000047.1_Gimesia_maris_DSM_8797_1101493009127__whole_genome_shotgun_sequence does not have any alignments! 
WARNING: Reference Planctomyces_maris_DSM_8797_NZ_ABCE01000043.1_Gimesia_maris_DSM_8797_1101493009169__whole_genome_shotgun_sequence does not have any alignments! 
WARNING: Reference Planctomyces_maris_DSM_8797_NZ_ABCE01000031.1_Gimesia_maris_DSM_8797_1101493009179__whole_genome_shotgun_sequence does not have any alignments! 
WARNING: Reference Planctomyces_maris_DSM_8797_NZ_ABCE01000096.1_Gimesia_maris_DSM_8797_1101493009033__whole_genome_shotgun_sequence does not have any alignments! 
WARNING: Reference Planctomyces_maris_DSM_8797_NZ_ABCE01000006.1_Gimesia_maris_DSM_8797_1101493009149__whole_genome_shotgun_sequence does not have any alignments! 
WARNING: Reference Planctomyces_maris_DSM_8797_NZ_ABCE01000046.1_Gimesia_maris_DSM_8797_1101493009147__whole_genome_shotgun_sequence does not have any alignments! 
WARNING: Reference Planctomyces_maris_DSM_8797_NZ_ABCE01000034.1_Gimesia_maris_DSM_8797_1101493009145__whole_genome_shotgun_sequence does not have any alignments! 
WARNING: Reference Planctomyces_maris_DSM_8797_NZ_ABCE01000060.1_Gimesia_maris_DSM_8797_1101493009125__whole_genome_shotgun_sequence does not have any alignments! 
WARNING: Reference Planctomyces_maris_DSM_8797_NZ_ABCE01000013.1_Gimesia_maris_DSM_8797_1101493009186__whole_genome_shotgun_sequence does not have any alignments! 
WARNING: Reference Planctomyces_maris_DSM_8797_NZ_ABCE01000117.1_Gimesia_maris_DSM_8797_1101493009108__whole_genome_shotgun_sequence does not have any alignments! 
WARNING: Reference Planctomyces_maris_DSM_8797_NZ_ABCE01000042.1_Gimesia_maris_DSM_8797_1101493009137__whole_genome_shotgun_sequence does not have any alignments! 
WARNING: Reference Planctomyces_maris_DSM_8797_NZ_ABCE01000077.1_Gimesia_maris_DSM_8797_1101493009140__whole_genome_shotgun_sequence does not have any alignments! 
WARNING: Reference Planctomyces_maris_DSM_8797_NZ_ABCE01000052.1_Gimesia_maris_DSM_8797_1101493009165__whole_genome_shotgun_sequence does not have any alignments! 
WARNING: Reference Planctomyces_maris_DSM_8797_NZ_ABCE01000028.1_Gimesia_maris_DSM_8797_1101493009167__whole_genome_shotgun_sequence does not have any alignments! 
WARNING: Reference Planctomyces_maris_DSM_8797_NZ_ABCE01000107.1_Gimesia_maris_DSM_8797_1101493009027__whole_genome_shotgun_sequence does not have any alignments! 
WARNING: Reference Planctomyces_maris_DSM_8797_NZ_ABCE01000078.1_Gimesia_maris_DSM_8797_1101493009155__whole_genome_shotgun_sequence does not have any alignments! 
WARNING: Reference Planctomyces_maris_DSM_8797_NZ_ABCE01000085.1_Gimesia_maris_DSM_8797_1101493009174__whole_genome_shotgun_sequence does not have any alignments! 
WARNING: Reference Planctomyces_maris_DSM_8797_NZ_ABCE01000026.1_Gimesia_maris_DSM_8797_1101493009162__whole_genome_shotgun_sequence does not have any alignments! 
WARNING: Reference Planctomyces_maris_DSM_8797_NZ_ABCE01000015.1_Gimesia_maris_DSM_8797_1101493009143__whole_genome_shotgun_sequence does not have any alignments! 
WARNING: Reference Planctomyces_maris_DSM_8797_NZ_ABCE01000099.1_Gimesia_maris_DSM_8797_1101493009079__whole_genome_shotgun_sequence does not have any alignments! 
WARNING: Reference Planctomyces_maris_DSM_8797_NZ_ABCE01000079.1_Gimesia_maris_DSM_8797_1101493009124__whole_genome_shotgun_sequence does not have any alignments! 
WARNING: Reference Planctomyces_maris_DSM_8797_NZ_ABCE01000074.1_Gimesia_maris_DSM_8797_1101493009122__whole_genome_shotgun_sequence does not have any alignments! 
WARNING: Reference Planctomyces_maris_DSM_8797_NZ_ABCE01000110.1_Gimesia_maris_DSM_8797_1101493009063__whole_genome_shotgun_sequence does not have any alignments! 
WARNING: Reference Planctomyces_maris_DSM_8797_NZ_ABCE01000023.1_Gimesia_maris_DSM_8797_1101493009146__whole_genome_shotgun_sequence does not have any alignments! 
WARNING: Reference Planctomyces_maris_DSM_8797_NZ_ABCE01000100.1_Gimesia_maris_DSM_8797_1101493009038__whole_genome_shotgun_sequence does not have any alignments! 
WARNING: Reference Planctomyces_maris_DSM_8797_NZ_ABCE01000083.1_Gimesia_maris_DSM_8797_1101493009135__whole_genome_shotgun_sequence does not have any alignments! 
WARNING: Reference Planctomyces_maris_DSM_8797_NZ_ABCE01000032.1_Gimesia_maris_DSM_8797_1101493009002__whole_genome_shotgun_sequence does not have any alignments! 
WARNING: Reference Planctomyces_maris_DSM_8797_NZ_ABCE01000057.1_Gimesia_maris_DSM_8797_1101493009131__whole_genome_shotgun_sequence does not have any alignments! 
WARNING: Reference Planctomyces_maris_DSM_8797_NZ_ABCE01000022.1_Gimesia_maris_DSM_8797_1101493009157__whole_genome_shotgun_sequence does not have any alignments! 
WARNING: Reference Planctomyces_maris_DSM_8797_NZ_ABCE01000038.1_Gimesia_maris_DSM_8797_1101493009184__whole_genome_shotgun_sequence does not have any alignments! 
WARNING: Reference Planctomyces_maris_DSM_8797_NZ_ABCE01000090.1_Gimesia_maris_DSM_8797_1101493009055__whole_genome_shotgun_sequence does not have any alignments! 
WARNING: Reference Planctomyces_maris_DSM_8797_NZ_ABCE01000072.1_Gimesia_maris_DSM_8797_1101493009168__whole_genome_shotgun_sequence does not have any alignments! 
WARNING: Reference Planctomyces_maris_DSM_8797_NZ_ABCE01000076.1_Gimesia_maris_DSM_8797_1101493009150__whole_genome_shotgun_sequence does not have any alignments! 
WARNING: Reference Planctomyces_maris_DSM_8797_NZ_ABCE01000113.1_Gimesia_maris_DSM_8797_1101493009098__whole_genome_shotgun_sequence does not have any alignments! 
	Reference Planctomyces_maris_DSM_8797_NZ_ABCE01000024.1_Gimesia_maris_DSM_8797_1101493009154__whole_genome_shotgun_sequence: 1 total alignments. 1 total regions.
		Region: 1 to 116884 (116884 bp)
			START in gap: 1 to 104138 (104137 bp)
			Align 1: 104138 104213 k105_124792_flag_1_multi_3.0000_len_2945 2091 2016
			END in gap: 104213 to 116884 (12671 bp).

WARNING: Reference Planctomyces_maris_DSM_8797_NZ_ABCE01000009.1_Gimesia_maris_DSM_8797_1101493009176__whole_genome_shotgun_sequence does not have any alignments! 
WARNING: Reference Planctomyces_maris_DSM_8797_NZ_ABCE01000050.1_Gimesia_maris_DSM_8797_1101493009046__whole_genome_shotgun_sequence does not have any alignments! 
WARNING: Reference Planctomyces_maris_DSM_8797_NZ_ABCE01000069.1_Gimesia_maris_DSM_8797_1101493009128__whole_genome_shotgun_sequence does not have any alignments! 
WARNING: Reference Planctomyces_maris_DSM_8797_NZ_ABCE01000055.1_Gimesia_maris_DSM_8797_1101493009052__whole_genome_shotgun_sequence does not have any alignments! 
WARNING: Reference Planctomyces_maris_DSM_8797_NZ_ABCE01000014.1_Gimesia_maris_DSM_8797_1101493009175__whole_genome_shotgun_sequence does not have any alignments! 
WARNING: Reference Planctomyces_maris_DSM_8797_NZ_ABCE01000114.1_Gimesia_maris_DSM_8797_1101493009006__whole_genome_shotgun_sequence does not have any alignments! 
WARNING: Reference Planctomyces_maris_DSM_8797_NZ_ABCE01000036.1_Gimesia_maris_DSM_8797_1101493009138__whole_genome_shotgun_sequence does not have any alignments! 
WARNING: Reference Planctomyces_maris_DSM_8797_NZ_ABCE01000070.1_Gimesia_maris_DSM_8797_1101493009133__whole_genome_shotgun_sequence does not have any alignments! 
WARNING: Reference Planctomyces_maris_DSM_8797_NZ_ABCE01000027.1_Gimesia_maris_DSM_8797_1101493009173__whole_genome_shotgun_sequence does not have any alignments! 
WARNING: Reference Planctomyces_maris_DSM_8797_NZ_ABCE01000019.1_Gimesia_maris_DSM_8797_1101493009183__whole_genome_shotgun_sequence does not have any alignments! 
WARNING: Reference Planctomyces_maris_DSM_8797_NZ_ABCE01000061.1_Gimesia_maris_DSM_8797_1101493009010__whole_genome_shotgun_sequence does not have any alignments! 
	Reference Planctomyces_maris_DSM_8797_NZ_ABCE01000005.1_Gimesia_maris_DSM_8797_1101493009141__whole_genome_shotgun_sequence: 1 total alignments. 1 total regions.
		Region: 1 to 256079 (256079 bp)
			START in gap: 1 to 251607 (251606 bp)
			Align 1: 251607 252151 k105_26518_flag_1_multi_2.0000_len_564 564 20
			END in gap: 252151 to 256079 (3928 bp).

WARNING: Reference Planctomyces_maris_DSM_8797_NZ_ABCE01000120.1_Gimesia_maris_DSM_8797_1101493009094__whole_genome_shotgun_sequence does not have any alignments! 
WARNING: Reference Planctomyces_maris_DSM_8797_NZ_ABCE01000098.1_Gimesia_maris_DSM_8797_1101493009181__whole_genome_shotgun_sequence does not have any alignments! 
WARNING: Reference Planctomyces_maris_DSM_8797_NZ_ABCE01000017.1_Gimesia_maris_DSM_8797_1101493009172__whole_genome_shotgun_sequence does not have any alignments! 
WARNING: Reference Planctomyces_maris_DSM_8797_NZ_ABCE01000025.1_Gimesia_maris_DSM_8797_1101493009178__whole_genome_shotgun_sequence does not have any alignments! 
WARNING: Reference Planctomyces_maris_DSM_8797_NZ_ABCE01000104.1_Gimesia_maris_DSM_8797_1101493009088__whole_genome_shotgun_sequence does not have any alignments! 
WARNING: Reference Planctomyces_maris_DSM_8797_NZ_ABCE01000101.1_Gimesia_maris_DSM_8797_1101493009040__whole_genome_shotgun_sequence does not have any alignments! 
WARNING: Reference Planctomyces_maris_DSM_8797_NZ_ABCE01000065.1_Gimesia_maris_DSM_8797_1101493009163__whole_genome_shotgun_sequence does not have any alignments! 
WARNING: Reference Planctomyces_maris_DSM_8797_NZ_ABCE01000087.1_Gimesia_maris_DSM_8797_1101493009132__whole_genome_shotgun_sequence does not have any alignments! 
WARNING: Reference Planctomyces_maris_DSM_8797_NZ_ABCE01000103.1_Gimesia_maris_DSM_8797_1101493009003__whole_genome_shotgun_sequence does not have any alignments! 
WARNING: Reference Planctomyces_maris_DSM_8797_NZ_ABCE01000067.1_Gimesia_maris_DSM_8797_1101493009126__whole_genome_shotgun_sequence does not have any alignments! 
WARNING: Reference Planctomyces_maris_DSM_8797_NZ_ABCE01000020.1_Gimesia_maris_DSM_8797_1101493009118__whole_genome_shotgun_sequence does not have any alignments! 
WARNING: Reference Planctomyces_maris_DSM_8797_NZ_ABCE01000111.1_Gimesia_maris_DSM_8797_1101493009030__whole_genome_shotgun_sequence does not have any alignments! 
WARNING: Reference Planctomyces_maris_DSM_8797_NZ_ABCE01000035.1_Gimesia_maris_DSM_8797_1101493009188__whole_genome_shotgun_sequence does not have any alignments! 
WARNING: Reference Planctomyces_maris_DSM_8797_NZ_ABCE01000092.1_Gimesia_maris_DSM_8797_1101493009013__whole_genome_shotgun_sequence does not have any alignments! 
WARNING: Reference Planctomyces_maris_DSM_8797_NZ_ABCE01000084.1_Gimesia_maris_DSM_8797_1101493009009__whole_genome_shotgun_sequence does not have any alignments! 
WARNING: Reference Planctomyces_maris_DSM_8797_NZ_ABCE01000016.1_Gimesia_maris_DSM_8797_1101493009182__whole_genome_shotgun_sequence does not have any alignments! 
WARNING: Reference Planctomyces_maris_DSM_8797_NZ_ABCE01000053.1_Gimesia_maris_DSM_8797_1101493009130__whole_genome_shotgun_sequence does not have any alignments! 
WARNING: Reference Planctomyces_maris_DSM_8797_NZ_ABCE01000108.1_Gimesia_maris_DSM_8797_1101493009107__whole_genome_shotgun_sequence does not have any alignments! 
WARNING: Reference Planctomyces_maris_DSM_8797_NZ_ABCE01000001.1_Gimesia_maris_DSM_8797_1101493009180__whole_genome_shotgun_sequence does not have any alignments! 
WARNING: Reference Planctomyces_maris_DSM_8797_NZ_ABCE01000121.1_Gimesia_maris_DSM_8797_1101493009115__whole_genome_shotgun_sequence does not have any alignments! 
WARNING: Reference Planctomyces_maris_DSM_8797_NZ_ABCE01000018.1_Gimesia_maris_DSM_8797_1101493009148__whole_genome_shotgun_sequence does not have any alignments! 
WARNING: Reference Planctomyces_maris_DSM_8797_NZ_ABCE01000082.1_Gimesia_maris_DSM_8797_1101493009045__whole_genome_shotgun_sequence does not have any alignments! 
WARNING: Reference Planctomyces_maris_DSM_8797_NZ_ABCE01000040.1_Gimesia_maris_DSM_8797_1101493009134__whole_genome_shotgun_sequence does not have any alignments! 
WARNING: Reference Planctomyces_maris_DSM_8797_NZ_ABCE01000041.1_Gimesia_maris_DSM_8797_1101493009025__whole_genome_shotgun_sequence does not have any alignments! 
WARNING: Reference Planctomyces_maris_DSM_8797_NZ_ABCE01000106.1_Gimesia_maris_DSM_8797_1101493009096__whole_genome_shotgun_sequence does not have any alignments! 
WARNING: Reference Planctomyces_maris_DSM_8797_NZ_ABCE01000123.1_Gimesia_maris_DSM_8797_1101493009021__whole_genome_shotgun_sequence does not have any alignments! 
WARNING: Reference Planctomyces_maris_DSM_8797_NZ_ABCE01000112.1_Gimesia_maris_DSM_8797_1101493009047__whole_genome_shotgun_sequence does not have any alignments! 
WARNING: Reference Planctomyces_maris_DSM_8797_NZ_ABCE01000011.1_Gimesia_maris_DSM_8797_1101493009166__whole_genome_shotgun_sequence does not have any alignments! 
WARNING: Reference Planctomyces_maris_DSM_8797_NZ_ABCE01000095.1_Gimesia_maris_DSM_8797_1101493009012__whole_genome_shotgun_sequence does not have any alignments! 
Analysis is finished!
Founded SNPs were written into /home/crisdu/analyses_done/2.5_metaq/runs_per_reference/Planctomyces_maris_DSM_8797/contigs_reports/nucmer_output/final-contigs.used_snps.gz

Results:
	Local Misassemblies: 0
	Misassemblies: 0
		Relocations: 0
		Translocations: 0
		Inversions: 0
	Fake misassemblies matched with structural variations: 0
	Misassembled Contigs: 0
	Misassembled Contig Bases: 0
	Misassemblies Inter-Contig Overlap: 0
Uncovered Regions: 0 (0)
Unaligned Contigs: 0 + 1 part
Half Unaligned Contigs with Misassemblies: 0
Unaligned Contig Bases: 2869

Ambiguously Mapped Contigs: 0
Total Bases in Ambiguously Mapped Contigs: 0
Extra Bases in Ambiguously Mapped Contigs: 0
Note that --allow-ambiguity option was set to "one" and only first alignment per each of these contigs was used.

	Covered Bases: 621

	SNPs: 26
	Insertions: 0
	Deletions: 0

	Positive Gaps: 4
		Internal Gaps: 0
		External Gaps: 4
		External Gap Total: 372342
		External Gap Average: 93086
	Negative Gaps: 0
		Internal Overlaps: 0
		External Overlaps: 0
		External Overlaps Total: 0
		External Overlaps Average: 0
	Contigs with Redundant Alignments: 0 (0)
