gnuplot 4.6 patchlevel 2
Aligning contigs to reference...
	Aligning contigs to the reference
Parsing coords...
Loading reference...
	Loaded [Vibrio_sinaloensis_NZ_JWLV01000001.1_Vibrio_sinaloensis_strain_AD048_Contig1__whole_genome_shotgun_sequence]
	Loaded [Vibrio_sinaloensis_NZ_JWLV01000002.1_Vibrio_sinaloensis_strain_AD048_Contig10__whole_genome_shotgun_sequence]
	Loaded [Vibrio_sinaloensis_NZ_JWLV01000003.1_Vibrio_sinaloensis_strain_AD048_Contig11__whole_genome_shotgun_sequence]
	Loaded [Vibrio_sinaloensis_NZ_JWLV01000004.1_Vibrio_sinaloensis_strain_AD048_Contig12__whole_genome_shotgun_sequence]
	Loaded [Vibrio_sinaloensis_NZ_JWLV01000005.1_Vibrio_sinaloensis_strain_AD048_Contig13__whole_genome_shotgun_sequence]
	Loaded [Vibrio_sinaloensis_NZ_JWLV01000006.1_Vibrio_sinaloensis_strain_AD048_Contig14__whole_genome_shotgun_sequence]
	Loaded [Vibrio_sinaloensis_NZ_JWLV01000007.1_Vibrio_sinaloensis_strain_AD048_Contig15__whole_genome_shotgun_sequence]
	Loaded [Vibrio_sinaloensis_NZ_JWLV01000008.1_Vibrio_sinaloensis_strain_AD048_Contig16__whole_genome_shotgun_sequence]
	Loaded [Vibrio_sinaloensis_NZ_JWLV01000009.1_Vibrio_sinaloensis_strain_AD048_Contig17__whole_genome_shotgun_sequence]
	Loaded [Vibrio_sinaloensis_NZ_JWLV01000010.1_Vibrio_sinaloensis_strain_AD048_Contig18__whole_genome_shotgun_sequence]
	Loaded [Vibrio_sinaloensis_NZ_JWLV01000011.1_Vibrio_sinaloensis_strain_AD048_Contig19__whole_genome_shotgun_sequence]
	Loaded [Vibrio_sinaloensis_NZ_JWLV01000012.1_Vibrio_sinaloensis_strain_AD048_Contig2__whole_genome_shotgun_sequence]
	Loaded [Vibrio_sinaloensis_NZ_JWLV01000013.1_Vibrio_sinaloensis_strain_AD048_Contig20__whole_genome_shotgun_sequence]
	Loaded [Vibrio_sinaloensis_NZ_JWLV01000014.1_Vibrio_sinaloensis_strain_AD048_Contig21__whole_genome_shotgun_sequence]
	Loaded [Vibrio_sinaloensis_NZ_JWLV01000015.1_Vibrio_sinaloensis_strain_AD048_Contig22__whole_genome_shotgun_sequence]
	Loaded [Vibrio_sinaloensis_NZ_JWLV01000016.1_Vibrio_sinaloensis_strain_AD048_Contig23__whole_genome_shotgun_sequence]
	Loaded [Vibrio_sinaloensis_NZ_JWLV01000017.1_Vibrio_sinaloensis_strain_AD048_Contig24__whole_genome_shotgun_sequence]
	Loaded [Vibrio_sinaloensis_NZ_JWLV01000018.1_Vibrio_sinaloensis_strain_AD048_Contig25__whole_genome_shotgun_sequence]
	Loaded [Vibrio_sinaloensis_NZ_JWLV01000019.1_Vibrio_sinaloensis_strain_AD048_Contig26__whole_genome_shotgun_sequence]
	Loaded [Vibrio_sinaloensis_NZ_JWLV01000020.1_Vibrio_sinaloensis_strain_AD048_Contig27__whole_genome_shotgun_sequence]
	Loaded [Vibrio_sinaloensis_NZ_JWLV01000021.1_Vibrio_sinaloensis_strain_AD048_Contig28__whole_genome_shotgun_sequence]
	Loaded [Vibrio_sinaloensis_NZ_JWLV01000022.1_Vibrio_sinaloensis_strain_AD048_Contig29__whole_genome_shotgun_sequence]
	Loaded [Vibrio_sinaloensis_NZ_JWLV01000023.1_Vibrio_sinaloensis_strain_AD048_Contig3__whole_genome_shotgun_sequence]
	Loaded [Vibrio_sinaloensis_NZ_JWLV01000024.1_Vibrio_sinaloensis_strain_AD048_Contig30__whole_genome_shotgun_sequence]
	Loaded [Vibrio_sinaloensis_NZ_JWLV01000025.1_Vibrio_sinaloensis_strain_AD048_Contig31__whole_genome_shotgun_sequence]
	Loaded [Vibrio_sinaloensis_NZ_JWLV01000026.1_Vibrio_sinaloensis_strain_AD048_Contig32__whole_genome_shotgun_sequence]
	Loaded [Vibrio_sinaloensis_NZ_JWLV01000027.1_Vibrio_sinaloensis_strain_AD048_Contig33__whole_genome_shotgun_sequence]
	Loaded [Vibrio_sinaloensis_NZ_JWLV01000028.1_Vibrio_sinaloensis_strain_AD048_Contig34__whole_genome_shotgun_sequence]
	Loaded [Vibrio_sinaloensis_NZ_JWLV01000029.1_Vibrio_sinaloensis_strain_AD048_Contig35__whole_genome_shotgun_sequence]
	Loaded [Vibrio_sinaloensis_NZ_JWLV01000030.1_Vibrio_sinaloensis_strain_AD048_Contig36__whole_genome_shotgun_sequence]
	Loaded [Vibrio_sinaloensis_NZ_JWLV01000031.1_Vibrio_sinaloensis_strain_AD048_Contig37__whole_genome_shotgun_sequence]
	Loaded [Vibrio_sinaloensis_NZ_JWLV01000032.1_Vibrio_sinaloensis_strain_AD048_Contig38__whole_genome_shotgun_sequence]
	Loaded [Vibrio_sinaloensis_NZ_JWLV01000033.1_Vibrio_sinaloensis_strain_AD048_Contig39__whole_genome_shotgun_sequence]
	Loaded [Vibrio_sinaloensis_NZ_JWLV01000034.1_Vibrio_sinaloensis_strain_AD048_Contig4__whole_genome_shotgun_sequence]
	Loaded [Vibrio_sinaloensis_NZ_JWLV01000035.1_Vibrio_sinaloensis_strain_AD048_Contig40__whole_genome_shotgun_sequence]
	Loaded [Vibrio_sinaloensis_NZ_JWLV01000036.1_Vibrio_sinaloensis_strain_AD048_Contig41__whole_genome_shotgun_sequence]
	Loaded [Vibrio_sinaloensis_NZ_JWLV01000037.1_Vibrio_sinaloensis_strain_AD048_Contig42__whole_genome_shotgun_sequence]
	Loaded [Vibrio_sinaloensis_NZ_JWLV01000038.1_Vibrio_sinaloensis_strain_AD048_Contig43__whole_genome_shotgun_sequence]
	Loaded [Vibrio_sinaloensis_NZ_JWLV01000039.1_Vibrio_sinaloensis_strain_AD048_Contig44__whole_genome_shotgun_sequence]
	Loaded [Vibrio_sinaloensis_NZ_JWLV01000040.1_Vibrio_sinaloensis_strain_AD048_Contig45__whole_genome_shotgun_sequence]
	Loaded [Vibrio_sinaloensis_NZ_JWLV01000041.1_Vibrio_sinaloensis_strain_AD048_Contig46__whole_genome_shotgun_sequence]
	Loaded [Vibrio_sinaloensis_NZ_JWLV01000042.1_Vibrio_sinaloensis_strain_AD048_Contig47__whole_genome_shotgun_sequence]
	Loaded [Vibrio_sinaloensis_NZ_JWLV01000043.1_Vibrio_sinaloensis_strain_AD048_Contig48__whole_genome_shotgun_sequence]
	Loaded [Vibrio_sinaloensis_NZ_JWLV01000044.1_Vibrio_sinaloensis_strain_AD048_Contig49__whole_genome_shotgun_sequence]
	Loaded [Vibrio_sinaloensis_NZ_JWLV01000045.1_Vibrio_sinaloensis_strain_AD048_Contig5__whole_genome_shotgun_sequence]
	Loaded [Vibrio_sinaloensis_NZ_JWLV01000046.1_Vibrio_sinaloensis_strain_AD048_Contig50__whole_genome_shotgun_sequence]
	Loaded [Vibrio_sinaloensis_NZ_JWLV01000047.1_Vibrio_sinaloensis_strain_AD048_Contig6__whole_genome_shotgun_sequence]
	Loaded [Vibrio_sinaloensis_NZ_JWLV01000048.1_Vibrio_sinaloensis_strain_AD048_Contig7__whole_genome_shotgun_sequence]
	Loaded [Vibrio_sinaloensis_NZ_JWLV01000049.1_Vibrio_sinaloensis_strain_AD048_Contig8__whole_genome_shotgun_sequence]
	Loaded [Vibrio_sinaloensis_NZ_JWLV01000050.1_Vibrio_sinaloensis_strain_AD048_Contig9__whole_genome_shotgun_sequence]
Loading SNPs...
	Total Regions: 50
	Total Region Length: 4537917
Analyzing contigs...
CONTIG: k105_2612_flag_0_multi_11.1965_len_3052 (3052bp)
Best alignment score: 100.0 (LEN: 105, IDY: 95.24)
			The best set is below. Score: 100.0, number of alignments: 1, unaligned bases: 2947
		This contig is partially unaligned. (Aligned 105 out of 3052 bases)
		Alignment: 2314 2418 | 1 105 | 105 105 | 95.24 | Vibrio_sinaloensis_NZ_JWLV01000016.1_Vibrio_sinaloensis_strain_AD048_Contig23__whole_genome_shotgun_sequence k105_2612_flag_0_multi_11.1965_len_3052
		Unaligned bases: 106 to 3052 (2947)

CONTIG: k105_130051_flag_1_multi_5.0000_len_784 (784bp)
Best alignment score: 756.0 (LEN: 777, IDY: 97.30)
		One align captures most of this contig: 836 1612 | 784 8 | 777 777 | 97.3 | Vibrio_sinaloensis_NZ_JWLV01000016.1_Vibrio_sinaloensis_strain_AD048_Contig23__whole_genome_shotgun_sequence k105_130051_flag_1_multi_5.0000_len_784

CONTIG: k105_153075_flag_1_multi_3.0000_len_778 (778bp)
Best alignment score: 763.0 (LEN: 775, IDY: 98.45)
		One align captures most of this contig: 1617 2391 | 4 778 | 775 775 | 98.45 | Vibrio_sinaloensis_NZ_JWLV01000016.1_Vibrio_sinaloensis_strain_AD048_Contig23__whole_genome_shotgun_sequence k105_153075_flag_1_multi_3.0000_len_778

CONTIG: k105_30362_flag_1_multi_2.0000_len_595 (595bp)
Best alignment score: 430.0 (LEN: 442, IDY: 97.29)
			The best set is below. Score: 430.0, number of alignments: 1, unaligned bases: 153
		Alignment: 35 476 | 154 595 | 442 442 | 97.29 | Vibrio_sinaloensis_NZ_JWLV01000018.1_Vibrio_sinaloensis_strain_AD048_Contig25__whole_genome_shotgun_sequence k105_30362_flag_1_multi_2.0000_len_595

Analyzing coverage...
Writing SNPs into /home/crisdu/analyses_done/2.5_metaq/runs_per_reference/Vibrio_sinaloensis/contigs_reports/nucmer_output/final-contigs.used_snps.gz
WARNING: Reference Vibrio_sinaloensis_NZ_JWLV01000031.1_Vibrio_sinaloensis_strain_AD048_Contig37__whole_genome_shotgun_sequence does not have any alignments! 
WARNING: Reference Vibrio_sinaloensis_NZ_JWLV01000046.1_Vibrio_sinaloensis_strain_AD048_Contig50__whole_genome_shotgun_sequence does not have any alignments! 
WARNING: Reference Vibrio_sinaloensis_NZ_JWLV01000005.1_Vibrio_sinaloensis_strain_AD048_Contig13__whole_genome_shotgun_sequence does not have any alignments! 
WARNING: Reference Vibrio_sinaloensis_NZ_JWLV01000012.1_Vibrio_sinaloensis_strain_AD048_Contig2__whole_genome_shotgun_sequence does not have any alignments! 
WARNING: Reference Vibrio_sinaloensis_NZ_JWLV01000029.1_Vibrio_sinaloensis_strain_AD048_Contig35__whole_genome_shotgun_sequence does not have any alignments! 
	Reference Vibrio_sinaloensis_NZ_JWLV01000016.1_Vibrio_sinaloensis_strain_AD048_Contig23__whole_genome_shotgun_sequence: 3 total alignments. 1 total regions.
		Region: 1 to 2926 (2926 bp)
			START in gap: 1 to 836 (835 bp)
			Align 1: 836 1612 k105_130051_flag_1_multi_5.0000_len_784 784 8
				Gap between this and next alignment: 1612 to 1617 (4 bp)
				Next Alignment: 1617 2391 k105_153075_flag_1_multi_3.0000_len_778 4 778

			Align 2: 1617 2391 k105_153075_flag_1_multi_3.0000_len_778 4 778
				Negative gap (overlap) between this and next alignment: 2391 to 2314 (-77 bp)
				Next Alignment: 2314 2418 k105_2612_flag_0_multi_11.1965_len_3052 1 105

			Previous gap was negative, modifying coordinates to ignore overlap
				Moving contig start from 1 to 79.
			Align 3: 2392 2418 k105_2612_flag_0_multi_11.1965_len_3052 79 105
			END in gap: 2418 to 2926 (508 bp).

WARNING: Reference Vibrio_sinaloensis_NZ_JWLV01000003.1_Vibrio_sinaloensis_strain_AD048_Contig11__whole_genome_shotgun_sequence does not have any alignments! 
WARNING: Reference Vibrio_sinaloensis_NZ_JWLV01000044.1_Vibrio_sinaloensis_strain_AD048_Contig49__whole_genome_shotgun_sequence does not have any alignments! 
WARNING: Reference Vibrio_sinaloensis_NZ_JWLV01000008.1_Vibrio_sinaloensis_strain_AD048_Contig16__whole_genome_shotgun_sequence does not have any alignments! 
	Reference Vibrio_sinaloensis_NZ_JWLV01000018.1_Vibrio_sinaloensis_strain_AD048_Contig25__whole_genome_shotgun_sequence: 1 total alignments. 1 total regions.
		Region: 1 to 1623 (1623 bp)
			START in gap: 1 to 35 (34 bp)
			Align 1: 35 476 k105_30362_flag_1_multi_2.0000_len_595 154 595
			END in gap: 476 to 1623 (1147 bp).

WARNING: Reference Vibrio_sinaloensis_NZ_JWLV01000013.1_Vibrio_sinaloensis_strain_AD048_Contig20__whole_genome_shotgun_sequence does not have any alignments! 
WARNING: Reference Vibrio_sinaloensis_NZ_JWLV01000011.1_Vibrio_sinaloensis_strain_AD048_Contig19__whole_genome_shotgun_sequence does not have any alignments! 
WARNING: Reference Vibrio_sinaloensis_NZ_JWLV01000045.1_Vibrio_sinaloensis_strain_AD048_Contig5__whole_genome_shotgun_sequence does not have any alignments! 
WARNING: Reference Vibrio_sinaloensis_NZ_JWLV01000023.1_Vibrio_sinaloensis_strain_AD048_Contig3__whole_genome_shotgun_sequence does not have any alignments! 
WARNING: Reference Vibrio_sinaloensis_NZ_JWLV01000028.1_Vibrio_sinaloensis_strain_AD048_Contig34__whole_genome_shotgun_sequence does not have any alignments! 
WARNING: Reference Vibrio_sinaloensis_NZ_JWLV01000024.1_Vibrio_sinaloensis_strain_AD048_Contig30__whole_genome_shotgun_sequence does not have any alignments! 
WARNING: Reference Vibrio_sinaloensis_NZ_JWLV01000026.1_Vibrio_sinaloensis_strain_AD048_Contig32__whole_genome_shotgun_sequence does not have any alignments! 
WARNING: Reference Vibrio_sinaloensis_NZ_JWLV01000036.1_Vibrio_sinaloensis_strain_AD048_Contig41__whole_genome_shotgun_sequence does not have any alignments! 
WARNING: Reference Vibrio_sinaloensis_NZ_JWLV01000004.1_Vibrio_sinaloensis_strain_AD048_Contig12__whole_genome_shotgun_sequence does not have any alignments! 
WARNING: Reference Vibrio_sinaloensis_NZ_JWLV01000033.1_Vibrio_sinaloensis_strain_AD048_Contig39__whole_genome_shotgun_sequence does not have any alignments! 
WARNING: Reference Vibrio_sinaloensis_NZ_JWLV01000048.1_Vibrio_sinaloensis_strain_AD048_Contig7__whole_genome_shotgun_sequence does not have any alignments! 
WARNING: Reference Vibrio_sinaloensis_NZ_JWLV01000015.1_Vibrio_sinaloensis_strain_AD048_Contig22__whole_genome_shotgun_sequence does not have any alignments! 
WARNING: Reference Vibrio_sinaloensis_NZ_JWLV01000039.1_Vibrio_sinaloensis_strain_AD048_Contig44__whole_genome_shotgun_sequence does not have any alignments! 
WARNING: Reference Vibrio_sinaloensis_NZ_JWLV01000050.1_Vibrio_sinaloensis_strain_AD048_Contig9__whole_genome_shotgun_sequence does not have any alignments! 
WARNING: Reference Vibrio_sinaloensis_NZ_JWLV01000017.1_Vibrio_sinaloensis_strain_AD048_Contig24__whole_genome_shotgun_sequence does not have any alignments! 
WARNING: Reference Vibrio_sinaloensis_NZ_JWLV01000002.1_Vibrio_sinaloensis_strain_AD048_Contig10__whole_genome_shotgun_sequence does not have any alignments! 
WARNING: Reference Vibrio_sinaloensis_NZ_JWLV01000025.1_Vibrio_sinaloensis_strain_AD048_Contig31__whole_genome_shotgun_sequence does not have any alignments! 
WARNING: Reference Vibrio_sinaloensis_NZ_JWLV01000027.1_Vibrio_sinaloensis_strain_AD048_Contig33__whole_genome_shotgun_sequence does not have any alignments! 
WARNING: Reference Vibrio_sinaloensis_NZ_JWLV01000047.1_Vibrio_sinaloensis_strain_AD048_Contig6__whole_genome_shotgun_sequence does not have any alignments! 
WARNING: Reference Vibrio_sinaloensis_NZ_JWLV01000001.1_Vibrio_sinaloensis_strain_AD048_Contig1__whole_genome_shotgun_sequence does not have any alignments! 
WARNING: Reference Vibrio_sinaloensis_NZ_JWLV01000022.1_Vibrio_sinaloensis_strain_AD048_Contig29__whole_genome_shotgun_sequence does not have any alignments! 
WARNING: Reference Vibrio_sinaloensis_NZ_JWLV01000042.1_Vibrio_sinaloensis_strain_AD048_Contig47__whole_genome_shotgun_sequence does not have any alignments! 
WARNING: Reference Vibrio_sinaloensis_NZ_JWLV01000021.1_Vibrio_sinaloensis_strain_AD048_Contig28__whole_genome_shotgun_sequence does not have any alignments! 
WARNING: Reference Vibrio_sinaloensis_NZ_JWLV01000014.1_Vibrio_sinaloensis_strain_AD048_Contig21__whole_genome_shotgun_sequence does not have any alignments! 
WARNING: Reference Vibrio_sinaloensis_NZ_JWLV01000041.1_Vibrio_sinaloensis_strain_AD048_Contig46__whole_genome_shotgun_sequence does not have any alignments! 
WARNING: Reference Vibrio_sinaloensis_NZ_JWLV01000006.1_Vibrio_sinaloensis_strain_AD048_Contig14__whole_genome_shotgun_sequence does not have any alignments! 
WARNING: Reference Vibrio_sinaloensis_NZ_JWLV01000043.1_Vibrio_sinaloensis_strain_AD048_Contig48__whole_genome_shotgun_sequence does not have any alignments! 
WARNING: Reference Vibrio_sinaloensis_NZ_JWLV01000007.1_Vibrio_sinaloensis_strain_AD048_Contig15__whole_genome_shotgun_sequence does not have any alignments! 
WARNING: Reference Vibrio_sinaloensis_NZ_JWLV01000020.1_Vibrio_sinaloensis_strain_AD048_Contig27__whole_genome_shotgun_sequence does not have any alignments! 
WARNING: Reference Vibrio_sinaloensis_NZ_JWLV01000030.1_Vibrio_sinaloensis_strain_AD048_Contig36__whole_genome_shotgun_sequence does not have any alignments! 
WARNING: Reference Vibrio_sinaloensis_NZ_JWLV01000019.1_Vibrio_sinaloensis_strain_AD048_Contig26__whole_genome_shotgun_sequence does not have any alignments! 
WARNING: Reference Vibrio_sinaloensis_NZ_JWLV01000037.1_Vibrio_sinaloensis_strain_AD048_Contig42__whole_genome_shotgun_sequence does not have any alignments! 
WARNING: Reference Vibrio_sinaloensis_NZ_JWLV01000009.1_Vibrio_sinaloensis_strain_AD048_Contig17__whole_genome_shotgun_sequence does not have any alignments! 
WARNING: Reference Vibrio_sinaloensis_NZ_JWLV01000010.1_Vibrio_sinaloensis_strain_AD048_Contig18__whole_genome_shotgun_sequence does not have any alignments! 
WARNING: Reference Vibrio_sinaloensis_NZ_JWLV01000040.1_Vibrio_sinaloensis_strain_AD048_Contig45__whole_genome_shotgun_sequence does not have any alignments! 
WARNING: Reference Vibrio_sinaloensis_NZ_JWLV01000049.1_Vibrio_sinaloensis_strain_AD048_Contig8__whole_genome_shotgun_sequence does not have any alignments! 
WARNING: Reference Vibrio_sinaloensis_NZ_JWLV01000038.1_Vibrio_sinaloensis_strain_AD048_Contig43__whole_genome_shotgun_sequence does not have any alignments! 
WARNING: Reference Vibrio_sinaloensis_NZ_JWLV01000032.1_Vibrio_sinaloensis_strain_AD048_Contig38__whole_genome_shotgun_sequence does not have any alignments! 
WARNING: Reference Vibrio_sinaloensis_NZ_JWLV01000035.1_Vibrio_sinaloensis_strain_AD048_Contig40__whole_genome_shotgun_sequence does not have any alignments! 
WARNING: Reference Vibrio_sinaloensis_NZ_JWLV01000034.1_Vibrio_sinaloensis_strain_AD048_Contig4__whole_genome_shotgun_sequence does not have any alignments! 
Analysis is finished!
Founded SNPs were written into /home/crisdu/analyses_done/2.5_metaq/runs_per_reference/Vibrio_sinaloensis/contigs_reports/nucmer_output/final-contigs.used_snps.gz

Results:
	Local Misassemblies: 0
	Misassemblies: 0
		Relocations: 0
		Translocations: 0
		Inversions: 0
	Fake misassemblies matched with structural variations: 0
	Misassembled Contigs: 0
	Misassembled Contig Bases: 0
	Misassemblies Inter-Contig Overlap: 0
Uncovered Regions: 0 (0)
Unaligned Contigs: 0 + 1 part
Half Unaligned Contigs with Misassemblies: 0
Unaligned Contig Bases: 2947

Ambiguously Mapped Contigs: 0
Total Bases in Ambiguously Mapped Contigs: 0
Extra Bases in Ambiguously Mapped Contigs: 0
Note that --allow-ambiguity option was set to "one" and only first alignment per each of these contigs was used.

	Covered Bases: 2021

	SNPs: 45
	Insertions: 2
	Deletions: 2

	Positive Gaps: 5
		Internal Gaps: 0
		External Gaps: 5
		External Gap Total: 2528
		External Gap Average: 506
	Negative Gaps: 1
		Internal Overlaps: 0
		External Overlaps: 1
		External Overlaps Total: -77
		External Overlaps Average: -77
	Contigs with Redundant Alignments: 0 (0)
